#
# There is insufficient memory for the Java Runtime Environment to continue.
# Native memory allocation (malloc) failed to allocate 1051216 bytes. Error detail: Chunk::new
# Possible reasons:
#   The system is out of physical RAM or swap space
#   This process is running with CompressedOops enabled, and the Java Heap may be blocking the growth of the native heap
# Possible solutions:
#   Reduce memory load on the system
#   Increase physical memory or swap space
#   Check if swap backing store is full
#   Decrease Java heap size (-Xmx/-Xms)
#   Decrease number of Java threads
#   Decrease Java thread stack sizes (-Xss)
#   Set larger code cache with -XX:ReservedCodeCacheSize=
#   JVM is running with Zero Based Compressed Oops mode in which the Java heap is
#     placed in the first 32GB address space. The Java Heap base address is the
#     maximum limit for the native heap growth. Please use -XX:HeapBaseMinAddress
#     to set the Java Heap base and to place the Java Heap above 32GB virtual address.
# This output file may be truncated or incomplete.
#
#  Out of Memory Error (arena.cpp:168), pid=18168, tid=17648
#
# JRE version: OpenJDK Runtime Environment (21.0.9) (build 21.0.9+-14787801-b1163.94)
# Java VM: OpenJDK 64-Bit Server VM (21.0.9+-14787801-b1163.94, mixed mode, tiered, compressed oops, compressed class ptrs, g1 gc, windows-amd64)
# No core dump will be written. Minidumps are not enabled by default on client versions of Windows
#

---------------  S U M M A R Y ------------

Command Line: org.jetbrains.kotlin.cli.jvm.K2JVMCompiler @C:\Users\shiva\AndroidStudioProjects\CityFlux-MGM\app\build\20260330_13126343401880222743.compiler.options

Host: 12th Gen Intel(R) Core(TM) i3-1215U, 8 cores, 15G,  Windows 11 , 64 bit Build 26100 (10.0.26100.7920)
Time: Mon Mar 30 18:21:08 2026 India Standard Time elapsed time: 12.093291 seconds (0d 0h 0m 12s)

---------------  T H R E A D  ---------------

Current thread (0x000001b4f0707c20):  JavaThread "C2 CompilerThread1" daemon [_thread_in_native, id=17648, stack(0x0000003195600000,0x0000003195700000) (1024K)]


Current CompileTask:
C2:12093 11135       4       org.jetbrains.kotlin.serialization.deserialization.DeserializationContext::<init> (170 bytes)

Stack: [0x0000003195600000,0x0000003195700000]
Native frames: (J=compiled Java code, j=interpreted, Vv=VM code, C=native code)
V  [jvm.dll+0x6d6c99]
V  [jvm.dll+0x866b83]
V  [jvm.dll+0x8691ae]
V  [jvm.dll+0x869893]
V  [jvm.dll+0x280776]
V  [jvm.dll+0xc07cd]
V  [jvm.dll+0xc0d03]
V  [jvm.dll+0x2f5a10]
V  [jvm.dll+0x5ff9a9]
V  [jvm.dll+0x252572]
V  [jvm.dll+0x25292f]
V  [jvm.dll+0x24b0d5]
V  [jvm.dll+0x24892e]
V  [jvm.dll+0x1c7344]
V  [jvm.dll+0x2581ae]
V  [jvm.dll+0x2566f6]
V  [jvm.dll+0x3f48a6]
V  [jvm.dll+0x80f118]
V  [jvm.dll+0x6d54ed]
C  [ucrtbase.dll+0x37b0]
C  [KERNEL32.DLL+0x2e8d7]
C  [ntdll.dll+0x8c48c]


---------------  P R O C E S S  ---------------

Threads class SMR info:
_java_thread_list=0x000001b4f513ae20, length=13, elements={
0x000001b4d4383dc0, 0x000001b4f06c1fc0, 0x000001b4f06c9fd0, 0x000001b4f06cb240,
0x000001b4f06f2400, 0x000001b4f06f2e60, 0x000001b4f06f5310, 0x000001b4f06f68e0,
0x000001b4f06f8e30, 0x000001b4f0704c70, 0x000001b4f089d130, 0x000001b4f0707c20,
0x000001b4f746d7f0
}

Java Threads: ( => current thread )
  0x000001b4d4383dc0 JavaThread "main"                              [_thread_in_Java, id=18652, stack(0x0000003194400000,0x0000003194500000) (1024K)]
  0x000001b4f06c1fc0 JavaThread "Common-Cleaner"             daemon [_thread_blocked, id=11704, stack(0x0000003194c00000,0x0000003194d00000) (1024K)]
  0x000001b4f06c9fd0 JavaThread "Reference Handler"          daemon [_thread_blocked, id=15944, stack(0x0000003194d00000,0x0000003194e00000) (1024K)]
  0x000001b4f06cb240 JavaThread "Finalizer"                  daemon [_thread_blocked, id=3820, stack(0x0000003194e00000,0x0000003194f00000) (1024K)]
  0x000001b4f06f2400 JavaThread "Signal Dispatcher"          daemon [_thread_blocked, id=23000, stack(0x0000003194f00000,0x0000003195000000) (1024K)]
  0x000001b4f06f2e60 JavaThread "Attach Listener"            daemon [_thread_blocked, id=13876, stack(0x0000003195000000,0x0000003195100000) (1024K)]
  0x000001b4f06f5310 JavaThread "Service Thread"             daemon [_thread_blocked, id=18596, stack(0x0000003195100000,0x0000003195200000) (1024K)]
  0x000001b4f06f68e0 JavaThread "Monitor Deflation Thread"   daemon [_thread_blocked, id=20372, stack(0x0000003195200000,0x0000003195300000) (1024K)]
  0x000001b4f06f8e30 JavaThread "C2 CompilerThread0"         daemon [_thread_in_native, id=20240, stack(0x0000003195300000,0x0000003195400000) (1024K)]
  0x000001b4f0704c70 JavaThread "C1 CompilerThread0"         daemon [_thread_in_native, id=16212, stack(0x0000003195400000,0x0000003195500000) (1024K)]
  0x000001b4f089d130 JavaThread "Notification Thread"        daemon [_thread_blocked, id=13688, stack(0x0000003195500000,0x0000003195600000) (1024K)]
=>0x000001b4f0707c20 JavaThread "C2 CompilerThread1"         daemon [_thread_in_native, id=17648, stack(0x0000003195600000,0x0000003195700000) (1024K)]
  0x000001b4f746d7f0 JavaThread "C2 CompilerThread2"         daemon [_thread_in_native, id=13252, stack(0x0000003195c00000,0x0000003195d00000) (1024K)]
Total: 13

Other Threads:
  0x000001b4f0678750 VMThread "VM Thread"                           [id=3240, stack(0x0000003194b00000,0x0000003194c00000) (1024K)]
  0x000001b4f04bf320 WatcherThread "VM Periodic Task Thread"        [id=22344, stack(0x0000003194a00000,0x0000003194b00000) (1024K)]
  0x000001b4d4a21a60 WorkerThread "GC Thread#0"                     [id=9412, stack(0x0000003194500000,0x0000003194600000) (1024K)]
  0x000001b4f546c150 WorkerThread "GC Thread#1"                     [id=22568, stack(0x0000003195700000,0x0000003195800000) (1024K)]
  0x000001b4f5567990 WorkerThread "GC Thread#2"                     [id=5728, stack(0x0000003195800000,0x0000003195900000) (1024K)]
  0x000001b4f5567d30 WorkerThread "GC Thread#3"                     [id=17268, stack(0x0000003195900000,0x0000003195a00000) (1024K)]
  0x000001b4f55680d0 WorkerThread "GC Thread#4"                     [id=15860, stack(0x0000003195a00000,0x0000003195b00000) (1024K)]
  0x000001b4f5568470 WorkerThread "GC Thread#5"                     [id=12472, stack(0x0000003195b00000,0x0000003195c00000) (1024K)]
  0x000001b4f5b29070 WorkerThread "GC Thread#6"                     [id=5876, stack(0x0000003195d00000,0x0000003195e00000) (1024K)]
  0x000001b4f5b29ef0 WorkerThread "GC Thread#7"                     [id=8600, stack(0x0000003195e00000,0x0000003195f00000) (1024K)]
  0x000001b4d4a32550 ConcurrentGCThread "G1 Main Marker"            [id=22624, stack(0x0000003194600000,0x0000003194700000) (1024K)]
  0x000001b4d4a33e90 WorkerThread "G1 Conc#0"                       [id=18404, stack(0x0000003194700000,0x0000003194800000) (1024K)]
  0x000001b4f5b2b110 WorkerThread "G1 Conc#1"                       [id=20692, stack(0x0000003195f00000,0x0000003196000000) (1024K)]
  0x000001b4f0390170 ConcurrentGCThread "G1 Refine#0"               [id=18820, stack(0x0000003194800000,0x0000003194900000) (1024K)]
  0x000001b4f03919a0 ConcurrentGCThread "G1 Service"                [id=3808, stack(0x0000003194900000,0x0000003194a00000) (1024K)]
Total: 15

Threads with active compile tasks:
C2 CompilerThread0  12125 11182       4       org.jetbrains.kotlin.builtins.FunctionTypesKt::getFunctionTypeKind (31 bytes)
C1 CompilerThread0  12125 11224       3       org.jetbrains.kotlin.load.java.lazy.descriptors.LazyJavaScope::resolveValueParameters (503 bytes)
C2 CompilerThread1  12125 11135       4       org.jetbrains.kotlin.serialization.deserialization.DeserializationContext::<init> (170 bytes)
C2 CompilerThread2  12126 11216       4       org.jetbrains.org.objectweb.asm.ClassReader::readMethod (1061 bytes)
Total: 4

VM state: not at safepoint (normal execution)

VM Mutex/Monitor currently owned by a thread: None

Heap address: 0x0000000704e00000, size: 4018 MB, Compressed Oops mode: Zero based, Oop shift amount: 3

CDS archive(s) not mapped
Compressed class space mapped at: 0x0000000800000000-0x0000000840000000, reserved size: 1073741824
Narrow klass base: 0x0000000800000000, Narrow klass shift: 0, Narrow klass range: 0x40000000

GC Precious Log:
 CardTable entry size: 512
 Card Set container configuration: InlinePtr #cards 4 size 8 Array Of Cards #cards 16 size 48 Howl #buckets 8 coarsen threshold 3686 Howl Bitmap #cards 512 size 80 coarsen threshold 460 Card regions per heap region 1 cards per card region 4096
 CPUs: 8 total, 8 available
 Memory: 16069M
 Large Page Support: Disabled
 NUMA Support: Disabled
 Compressed Oops: Enabled (Zero based)
 Heap Region Size: 2M
 Heap Min Capacity: 8M
 Heap Initial Capacity: 252M
 Heap Max Capacity: 4018M
 Pre-touch: Disabled
 Parallel Workers: 8
 Concurrent Workers: 2
 Concurrent Refinement Workers: 8
 Periodic GC: Disabled

Heap:
 garbage-first heap   total 221184K, used 163353K [0x0000000704e00000, 0x0000000800000000)
  region size 2048K, 28 young (57344K), 4 survivors (8192K)
 Metaspace       used 64594K, committed 65344K, reserved 1114112K
  class space    used 7421K, committed 7808K, reserved 1048576K

Heap Regions: E=young(eden), S=young(survivor), O=old, HS=humongous(starts), HC=humongous(continues), CS=collection set, F=free, TAMS=top-at-mark-start, PB=parsable bottom
|   0|0x0000000704e00000, 0x0000000705000000, 0x0000000705000000|100%|HS|  |TAMS 0x0000000704e00000| PB 0x0000000704e00000| Complete 
|   1|0x0000000705000000, 0x0000000705200000, 0x0000000705200000|100%|HC|  |TAMS 0x0000000705000000| PB 0x0000000705000000| Complete 
|   2|0x0000000705200000, 0x0000000705400000, 0x0000000705400000|100%| O|  |TAMS 0x0000000705200000| PB 0x0000000705200000| Untracked 
|   3|0x0000000705400000, 0x0000000705600000, 0x0000000705600000|100%| O|  |TAMS 0x0000000705400000| PB 0x0000000705400000| Untracked 
|   4|0x0000000705600000, 0x0000000705800000, 0x0000000705800000|100%| O|  |TAMS 0x0000000705600000| PB 0x0000000705600000| Untracked 
|   5|0x0000000705800000, 0x0000000705a00000, 0x0000000705a00000|100%| O|  |TAMS 0x0000000705800000| PB 0x0000000705800000| Untracked 
|   6|0x0000000705a00000, 0x0000000705c00000, 0x0000000705c00000|100%| O|Cm|TAMS 0x0000000705a00000| PB 0x0000000705a00000| Complete 
|   7|0x0000000705c00000, 0x0000000705e00000, 0x0000000705e00000|100%| O|  |TAMS 0x0000000705c00000| PB 0x0000000705c00000| Untracked 
|   8|0x0000000705e00000, 0x0000000706000000, 0x0000000706000000|100%|HS|  |TAMS 0x0000000705e00000| PB 0x0000000705e00000| Complete 
|   9|0x0000000706000000, 0x0000000706200000, 0x0000000706200000|100%| O|  |TAMS 0x0000000706000000| PB 0x0000000706000000| Untracked 
|  10|0x0000000706200000, 0x0000000706400000, 0x0000000706400000|100%| O|  |TAMS 0x0000000706200000| PB 0x0000000706200000| Untracked 
|  11|0x0000000706400000, 0x0000000706600000, 0x0000000706600000|100%| O|  |TAMS 0x0000000706400000| PB 0x0000000706400000| Untracked 
|  12|0x0000000706600000, 0x0000000706800000, 0x0000000706800000|100%| O|  |TAMS 0x0000000706600000| PB 0x0000000706600000| Untracked 
|  13|0x0000000706800000, 0x0000000706a00000, 0x0000000706a00000|100%| O|  |TAMS 0x0000000706800000| PB 0x0000000706800000| Untracked 
|  14|0x0000000706a00000, 0x0000000706c00000, 0x0000000706c00000|100%| O|  |TAMS 0x0000000706a00000| PB 0x0000000706a00000| Untracked 
|  15|0x0000000706c00000, 0x0000000706e00000, 0x0000000706e00000|100%| O|  |TAMS 0x0000000706c00000| PB 0x0000000706c00000| Untracked 
|  16|0x0000000706e00000, 0x0000000707000000, 0x0000000707000000|100%| O|  |TAMS 0x0000000706e00000| PB 0x0000000706e00000| Untracked 
|  17|0x0000000707000000, 0x0000000707200000, 0x0000000707200000|100%| O|  |TAMS 0x0000000707000000| PB 0x0000000707000000| Untracked 
|  18|0x0000000707200000, 0x0000000707400000, 0x0000000707400000|100%| O|  |TAMS 0x0000000707200000| PB 0x0000000707200000| Untracked 
|  19|0x0000000707400000, 0x0000000707600000, 0x0000000707600000|100%|HS|  |TAMS 0x0000000707400000| PB 0x0000000707400000| Complete 
|  20|0x0000000707600000, 0x0000000707800000, 0x0000000707800000|100%| O|  |TAMS 0x0000000707600000| PB 0x0000000707600000| Untracked 
|  21|0x0000000707800000, 0x0000000707a00000, 0x0000000707a00000|100%| O|  |TAMS 0x0000000707800000| PB 0x0000000707800000| Untracked 
|  22|0x0000000707a00000, 0x0000000707c00000, 0x0000000707c00000|100%| O|  |TAMS 0x0000000707a00000| PB 0x0000000707a00000| Untracked 
|  23|0x0000000707c00000, 0x0000000707e00000, 0x0000000707e00000|100%| O|  |TAMS 0x0000000707c00000| PB 0x0000000707c00000| Untracked 
|  24|0x0000000707e00000, 0x0000000708000000, 0x0000000708000000|100%| O|  |TAMS 0x0000000707e00000| PB 0x0000000707e00000| Untracked 
|  25|0x0000000708000000, 0x0000000708200000, 0x0000000708200000|100%| O|  |TAMS 0x0000000708000000| PB 0x0000000708000000| Untracked 
|  26|0x0000000708200000, 0x0000000708400000, 0x0000000708400000|100%| O|  |TAMS 0x0000000708200000| PB 0x0000000708200000| Untracked 
|  27|0x0000000708400000, 0x0000000708600000, 0x0000000708600000|100%| O|  |TAMS 0x0000000708400000| PB 0x0000000708400000| Untracked 
|  28|0x0000000708600000, 0x0000000708800000, 0x0000000708800000|100%| O|  |TAMS 0x0000000708600000| PB 0x0000000708600000| Untracked 
|  29|0x0000000708800000, 0x0000000708a00000, 0x0000000708a00000|100%| O|  |TAMS 0x0000000708800000| PB 0x0000000708800000| Untracked 
|  30|0x0000000708a00000, 0x0000000708c00000, 0x0000000708c00000|100%| O|  |TAMS 0x0000000708a00000| PB 0x0000000708a00000| Untracked 
|  31|0x0000000708c00000, 0x0000000708e00000, 0x0000000708e00000|100%| O|  |TAMS 0x0000000708c00000| PB 0x0000000708c00000| Untracked 
|  32|0x0000000708e00000, 0x0000000709000000, 0x0000000709000000|100%| O|  |TAMS 0x0000000708e00000| PB 0x0000000708e00000| Untracked 
|  33|0x0000000709000000, 0x0000000709200000, 0x0000000709200000|100%| O|  |TAMS 0x0000000709000000| PB 0x0000000709000000| Untracked 
|  34|0x0000000709200000, 0x0000000709400000, 0x0000000709400000|100%| O|  |TAMS 0x0000000709200000| PB 0x0000000709200000| Untracked 
|  35|0x0000000709400000, 0x0000000709600000, 0x0000000709600000|100%| O|  |TAMS 0x0000000709400000| PB 0x0000000709400000| Untracked 
|  36|0x0000000709600000, 0x0000000709800000, 0x0000000709800000|100%| O|  |TAMS 0x0000000709600000| PB 0x0000000709600000| Untracked 
|  37|0x0000000709800000, 0x0000000709a00000, 0x0000000709a00000|100%| O|  |TAMS 0x0000000709800000| PB 0x0000000709800000| Untracked 
|  38|0x0000000709a00000, 0x0000000709c00000, 0x0000000709c00000|100%|HS|  |TAMS 0x0000000709a00000| PB 0x0000000709a00000| Complete 
|  39|0x0000000709c00000, 0x0000000709e00000, 0x0000000709e00000|100%| O|  |TAMS 0x0000000709c00000| PB 0x0000000709c00000| Untracked 
|  40|0x0000000709e00000, 0x000000070a000000, 0x000000070a000000|100%| O|  |TAMS 0x0000000709e00000| PB 0x0000000709e00000| Untracked 
|  41|0x000000070a000000, 0x000000070a200000, 0x000000070a200000|100%| O|  |TAMS 0x000000070a000000| PB 0x000000070a000000| Untracked 
|  42|0x000000070a200000, 0x000000070a400000, 0x000000070a400000|100%| O|Cm|TAMS 0x000000070a200000| PB 0x000000070a200000| Complete 
|  43|0x000000070a400000, 0x000000070a600000, 0x000000070a600000|100%| O|  |TAMS 0x000000070a400000| PB 0x000000070a400000| Untracked 
|  44|0x000000070a600000, 0x000000070a800000, 0x000000070a800000|100%| O|  |TAMS 0x000000070a600000| PB 0x000000070a600000| Untracked 
|  45|0x000000070a800000, 0x000000070aa00000, 0x000000070aa00000|100%| O|  |TAMS 0x000000070a800000| PB 0x000000070a800000| Untracked 
|  46|0x000000070aa00000, 0x000000070ac00000, 0x000000070ac00000|100%| O|  |TAMS 0x000000070aa00000| PB 0x000000070aa00000| Untracked 
|  47|0x000000070ac00000, 0x000000070ae00000, 0x000000070ae00000|100%| O|  |TAMS 0x000000070ac00000| PB 0x000000070ac00000| Untracked 
|  48|0x000000070ae00000, 0x000000070b000000, 0x000000070b000000|100%| O|  |TAMS 0x000000070ae00000| PB 0x000000070ae00000| Untracked 
|  49|0x000000070b000000, 0x000000070b186570, 0x000000070b200000| 76%| O|  |TAMS 0x000000070b000000| PB 0x000000070b000000| Untracked 
|  50|0x000000070b200000, 0x000000070b200000, 0x000000070b400000|  0%| F|  |TAMS 0x000000070b200000| PB 0x000000070b200000| Untracked 
|  51|0x000000070b400000, 0x000000070b600000, 0x000000070b600000|100%| O|  |TAMS 0x000000070b400000| PB 0x000000070b400000| Untracked 
|  52|0x000000070b600000, 0x000000070b800000, 0x000000070b800000|100%| O|  |TAMS 0x000000070b600000| PB 0x000000070b600000| Untracked 
|  53|0x000000070b800000, 0x000000070ba00000, 0x000000070ba00000|100%| O|  |TAMS 0x000000070b800000| PB 0x000000070b800000| Untracked 
|  54|0x000000070ba00000, 0x000000070ba00000, 0x000000070bc00000|  0%| F|  |TAMS 0x000000070ba00000| PB 0x000000070ba00000| Untracked 
|  55|0x000000070bc00000, 0x000000070bc00000, 0x000000070be00000|  0%| F|  |TAMS 0x000000070bc00000| PB 0x000000070bc00000| Untracked 
|  56|0x000000070be00000, 0x000000070be00000, 0x000000070c000000|  0%| F|  |TAMS 0x000000070be00000| PB 0x000000070be00000| Untracked 
|  57|0x000000070c000000, 0x000000070c000000, 0x000000070c200000|  0%| F|  |TAMS 0x000000070c000000| PB 0x000000070c000000| Untracked 
|  58|0x000000070c200000, 0x000000070c200000, 0x000000070c400000|  0%| F|  |TAMS 0x000000070c200000| PB 0x000000070c200000| Untracked 
|  59|0x000000070c400000, 0x000000070c400000, 0x000000070c600000|  0%| F|  |TAMS 0x000000070c400000| PB 0x000000070c400000| Untracked 
|  60|0x000000070c600000, 0x000000070c800000, 0x000000070c800000|100%| S|CS|TAMS 0x000000070c600000| PB 0x000000070c600000| Complete 
|  61|0x000000070c800000, 0x000000070ca00000, 0x000000070ca00000|100%| S|CS|TAMS 0x000000070c800000| PB 0x000000070c800000| Complete 
|  62|0x000000070ca00000, 0x000000070cc00000, 0x000000070cc00000|100%| S|CS|TAMS 0x000000070ca00000| PB 0x000000070ca00000| Complete 
|  63|0x000000070cc00000, 0x000000070ce00000, 0x000000070ce00000|100%| S|CS|TAMS 0x000000070cc00000| PB 0x000000070cc00000| Complete 
|  64|0x000000070ce00000, 0x000000070ce00000, 0x000000070d000000|  0%| F|  |TAMS 0x000000070ce00000| PB 0x000000070ce00000| Untracked 
|  65|0x000000070d000000, 0x000000070d000000, 0x000000070d200000|  0%| F|  |TAMS 0x000000070d000000| PB 0x000000070d000000| Untracked 
|  66|0x000000070d200000, 0x000000070d200000, 0x000000070d400000|  0%| F|  |TAMS 0x000000070d200000| PB 0x000000070d200000| Untracked 
|  67|0x000000070d400000, 0x000000070d400000, 0x000000070d600000|  0%| F|  |TAMS 0x000000070d400000| PB 0x000000070d400000| Untracked 
|  68|0x000000070d600000, 0x000000070d600000, 0x000000070d800000|  0%| F|  |TAMS 0x000000070d600000| PB 0x000000070d600000| Untracked 
|  69|0x000000070d800000, 0x000000070d800000, 0x000000070da00000|  0%| F|  |TAMS 0x000000070d800000| PB 0x000000070d800000| Untracked 
|  70|0x000000070da00000, 0x000000070da00000, 0x000000070dc00000|  0%| F|  |TAMS 0x000000070da00000| PB 0x000000070da00000| Untracked 
|  71|0x000000070dc00000, 0x000000070dc00000, 0x000000070de00000|  0%| F|  |TAMS 0x000000070dc00000| PB 0x000000070dc00000| Untracked 
|  72|0x000000070de00000, 0x000000070de00000, 0x000000070e000000|  0%| F|  |TAMS 0x000000070de00000| PB 0x000000070de00000| Untracked 
|  73|0x000000070e000000, 0x000000070e000000, 0x000000070e200000|  0%| F|  |TAMS 0x000000070e000000| PB 0x000000070e000000| Untracked 
|  74|0x000000070e200000, 0x000000070e200000, 0x000000070e400000|  0%| F|  |TAMS 0x000000070e200000| PB 0x000000070e200000| Untracked 
|  75|0x000000070e400000, 0x000000070e400000, 0x000000070e600000|  0%| F|  |TAMS 0x000000070e400000| PB 0x000000070e400000| Untracked 
|  76|0x000000070e600000, 0x000000070e600000, 0x000000070e800000|  0%| F|  |TAMS 0x000000070e600000| PB 0x000000070e600000| Untracked 
|  77|0x000000070e800000, 0x000000070e800000, 0x000000070ea00000|  0%| F|  |TAMS 0x000000070e800000| PB 0x000000070e800000| Untracked 
|  78|0x000000070ea00000, 0x000000070ea00000, 0x000000070ec00000|  0%| F|  |TAMS 0x000000070ea00000| PB 0x000000070ea00000| Untracked 
|  79|0x000000070ec00000, 0x000000070ec00000, 0x000000070ee00000|  0%| F|  |TAMS 0x000000070ec00000| PB 0x000000070ec00000| Untracked 
|  80|0x000000070ee00000, 0x000000070ee00000, 0x000000070f000000|  0%| F|  |TAMS 0x000000070ee00000| PB 0x000000070ee00000| Untracked 
|  81|0x000000070f000000, 0x000000070f000000, 0x000000070f200000|  0%| F|  |TAMS 0x000000070f000000| PB 0x000000070f000000| Untracked 
|  82|0x000000070f200000, 0x000000070f200000, 0x000000070f400000|  0%| F|  |TAMS 0x000000070f200000| PB 0x000000070f200000| Untracked 
|  83|0x000000070f400000, 0x000000070f400000, 0x000000070f600000|  0%| F|  |TAMS 0x000000070f400000| PB 0x000000070f400000| Untracked 
|  84|0x000000070f600000, 0x000000070f800000, 0x000000070f800000|100%| E|  |TAMS 0x000000070f600000| PB 0x000000070f600000| Complete 
|  85|0x000000070f800000, 0x000000070fa00000, 0x000000070fa00000|100%| E|CS|TAMS 0x000000070f800000| PB 0x000000070f800000| Complete 
|  86|0x000000070fa00000, 0x000000070fc00000, 0x000000070fc00000|100%| E|CS|TAMS 0x000000070fa00000| PB 0x000000070fa00000| Complete 
|  87|0x000000070fc00000, 0x000000070fe00000, 0x000000070fe00000|100%| E|CS|TAMS 0x000000070fc00000| PB 0x000000070fc00000| Complete 
|  88|0x000000070fe00000, 0x0000000710000000, 0x0000000710000000|100%| E|CS|TAMS 0x000000070fe00000| PB 0x000000070fe00000| Complete 
|  89|0x0000000710000000, 0x0000000710200000, 0x0000000710200000|100%| E|CS|TAMS 0x0000000710000000| PB 0x0000000710000000| Complete 
|  90|0x0000000710200000, 0x0000000710400000, 0x0000000710400000|100%| E|CS|TAMS 0x0000000710200000| PB 0x0000000710200000| Complete 
|  91|0x0000000710400000, 0x0000000710600000, 0x0000000710600000|100%| E|CS|TAMS 0x0000000710400000| PB 0x0000000710400000| Complete 
|  92|0x0000000710600000, 0x0000000710800000, 0x0000000710800000|100%| E|CS|TAMS 0x0000000710600000| PB 0x0000000710600000| Complete 
|  93|0x0000000710800000, 0x0000000710a00000, 0x0000000710a00000|100%| E|CS|TAMS 0x0000000710800000| PB 0x0000000710800000| Complete 
|  94|0x0000000710a00000, 0x0000000710c00000, 0x0000000710c00000|100%| E|CS|TAMS 0x0000000710a00000| PB 0x0000000710a00000| Complete 
|  95|0x0000000710c00000, 0x0000000710e00000, 0x0000000710e00000|100%| E|CS|TAMS 0x0000000710c00000| PB 0x0000000710c00000| Complete 
|  96|0x0000000710e00000, 0x0000000711000000, 0x0000000711000000|100%| E|CS|TAMS 0x0000000710e00000| PB 0x0000000710e00000| Complete 
|  97|0x0000000711000000, 0x0000000711200000, 0x0000000711200000|100%| E|CS|TAMS 0x0000000711000000| PB 0x0000000711000000| Complete 
|  98|0x0000000711200000, 0x0000000711400000, 0x0000000711400000|100%| E|CS|TAMS 0x0000000711200000| PB 0x0000000711200000| Complete 
|  99|0x0000000711400000, 0x0000000711600000, 0x0000000711600000|100%| E|CS|TAMS 0x0000000711400000| PB 0x0000000711400000| Complete 
| 100|0x0000000711600000, 0x0000000711800000, 0x0000000711800000|100%| E|CS|TAMS 0x0000000711600000| PB 0x0000000711600000| Complete 
| 101|0x0000000711800000, 0x0000000711a00000, 0x0000000711a00000|100%| E|CS|TAMS 0x0000000711800000| PB 0x0000000711800000| Complete 
| 102|0x0000000711a00000, 0x0000000711c00000, 0x0000000711c00000|100%| E|CS|TAMS 0x0000000711a00000| PB 0x0000000711a00000| Complete 
| 105|0x0000000712000000, 0x0000000712200000, 0x0000000712200000|100%| E|CS|TAMS 0x0000000712000000| PB 0x0000000712000000| Complete 
| 106|0x0000000712200000, 0x0000000712400000, 0x0000000712400000|100%| E|CS|TAMS 0x0000000712200000| PB 0x0000000712200000| Complete 
| 107|0x0000000712400000, 0x0000000712600000, 0x0000000712600000|100%| E|CS|TAMS 0x0000000712400000| PB 0x0000000712400000| Complete 
| 125|0x0000000714800000, 0x0000000714a00000, 0x0000000714a00000|100%| E|CS|TAMS 0x0000000714800000| PB 0x0000000714800000| Complete 
|2008|0x00000007ffe00000, 0x0000000800000000, 0x0000000800000000|100%| E|CS|TAMS 0x00000007ffe00000| PB 0x00000007ffe00000| Complete 

Card table byte_map: [0x000001b4e9380000,0x000001b4e9b60000] _byte_map_base: 0x000001b4e5b59000

Marking Bits: (CMBitMap*) 0x000001b4d4a22160
 Bits: [0x000001b4e9b60000, 0x000001b4eda28000)

Polling page: 0x000001b4d4a80000

Metaspace:

Usage:
  Non-class:     55.83 MB used.
      Class:      7.25 MB used.
       Both:     63.08 MB used.

Virtual space:
  Non-class space:       64.00 MB reserved,      56.19 MB ( 88%) committed,  1 nodes.
      Class space:        1.00 GB reserved,       7.62 MB ( <1%) committed,  1 nodes.
             Both:        1.06 GB reserved,      63.81 MB (  6%) committed. 

Chunk freelists:
   Non-Class:  7.78 MB
       Class:  8.42 MB
        Both:  16.20 MB

MaxMetaspaceSize: unlimited
CompressedClassSpaceSize: 1.00 GB
Initial GC threshold: 21.00 MB
Current GC threshold: 102.00 MB
CDS: off
 - commit_granule_bytes: 65536.
 - commit_granule_words: 8192.
 - virtual_space_node_default_size: 8388608.
 - enlarge_chunks_in_place: 1.
 - use_allocation_guard: 0.


Internal statistics:

num_allocs_failed_limit: 9.
num_arena_births: 1216.
num_arena_deaths: 0.
num_vsnodes_births: 2.
num_vsnodes_deaths: 0.
num_space_committed: 1019.
num_space_uncommitted: 0.
num_chunks_returned_to_freelist: 9.
num_chunks_taken_from_freelist: 3355.
num_chunk_merges: 9.
num_chunk_splits: 2570.
num_chunks_enlarged: 1994.
num_inconsistent_stats: 0.

CodeHeap 'non-profiled nmethods': size=120000Kb used=7286Kb max_used=7590Kb free=112713Kb
 bounds [0x000001b4e0c10000, 0x000001b4e1380000, 0x000001b4e8140000]
CodeHeap 'profiled nmethods': size=120000Kb used=27889Kb max_used=27889Kb free=92110Kb
 bounds [0x000001b4d9140000, 0x000001b4dac80000, 0x000001b4e0670000]
CodeHeap 'non-nmethods': size=5760Kb used=1485Kb max_used=1536Kb free=4274Kb
 bounds [0x000001b4e0670000, 0x000001b4e08e0000, 0x000001b4e0c10000]
CodeCache: size=245760Kb, used=36660Kb, max_used=37015Kb, free=209097Kb
 total_blobs=10524, nmethods=9883, adapters=543, full_count=0
Compilation: enabled, stopped_count=0, restarted_count=0

Compilation events (20 events):
Event: 12.043 Thread 0x000001b4f0704c70 11204       3       org.jetbrains.kotlin.resolve.calls.smartcasts.DataFlowValueKindUtilsKt::variableKind (259 bytes)
Event: 12.045 Thread 0x000001b4f0704c70 nmethod 11204 0x000001b4dac5ed10 code [0x000001b4dac5f3e0, 0x000001b4dac629c8]
Event: 12.045 Thread 0x000001b4f0704c70 11205       3       org.jetbrains.kotlin.types.AbstractTypeChecker::isSubtypeForSameConstructor (543 bytes)
Event: 12.047 Thread 0x000001b4f0704c70 nmethod 11205 0x000001b4dac63910 code [0x000001b4dac63ec0, 0x000001b4dac66a50]
Event: 12.047 Thread 0x000001b4f0704c70 11206       3       org.jetbrains.kotlin.types.expressions.PreliminaryDeclarationVisitor$Companion$topMostNonClassDeclaration$$inlined$filterIsInstance$1::invoke (6 bytes)
Event: 12.048 Thread 0x000001b4f0704c70 nmethod 11206 0x000001b4dac67990 code [0x000001b4dac67b60, 0x000001b4dac67eb0]
Event: 12.048 Thread 0x000001b4f0704c70 11207       3       org.jetbrains.kotlin.types.expressions.PreliminaryDeclarationVisitor$Companion$topMostNonClassDeclaration$$inlined$filterIsInstance$1::invoke (8 bytes)
Event: 12.048 Thread 0x000001b4f0704c70 nmethod 11207 0x000001b4dac67f90 code [0x000001b4dac68140, 0x000001b4dac68430]
Event: 12.048 Thread 0x000001b4f0704c70 11202       3       org.jetbrains.kotlin.resolve.jvm.checkers.JavaNullabilityChecker$Companion$typeCheckerForEnhancedTypes$1::prepareType (9 bytes)
Event: 12.048 Thread 0x000001b4f0704c70 nmethod 11202 0x000001b4dac68510 code [0x000001b4dac687e0, 0x000001b4dac69480]
Event: 12.048 Thread 0x000001b4f0704c70 11203       3       org.jetbrains.kotlin.resolve.jvm.checkers.JavaNullabilityChecker$Companion$typeCheckerForEnhancedTypes$1::prepareType (35 bytes)
Event: 12.049 Thread 0x000001b4f0704c70 nmethod 11203 0x000001b4dac69990 code [0x000001b4dac69c60, 0x000001b4dac6a8a0]
Event: 12.049 Thread 0x000001b4f0704c70 11208       3       org.jetbrains.kotlin.resolve.calls.inference.model.NewConstraintSystemImpl$TransactionState::closeTransaction (36 bytes)
Event: 12.049 Thread 0x000001b4f0704c70 nmethod 11208 0x000001b4dac6ad10 code [0x000001b4dac6afa0, 0x000001b4dac6b9a8]
Event: 12.049 Thread 0x000001b4f0704c70 11209       3       org.jetbrains.kotlin.resolve.calls.inference.model.NewConstraintSystemImpl::getArgument (19 bytes)
Event: 12.050 Thread 0x000001b4f0704c70 nmethod 11209 0x000001b4dac6bd90 code [0x000001b4dac6bfc0, 0x000001b4dac6c668]
Event: 12.050 Thread 0x000001b4f0704c70 11210       3       org.jetbrains.kotlin.resolve.calls.components.ClassicTypeSystemContextForCS::getArgument (7 bytes)
Event: 12.050 Thread 0x000001b4f0704c70 nmethod 11210 0x000001b4dac6c910 code [0x000001b4dac6cac0, 0x000001b4dac6cbf8]
Event: 12.051 Thread 0x000001b4f0704c70 11211       3       org.jetbrains.kotlin.types.AbstractTypeApproximator::asDefinitelyNotNullType (18 bytes)
Event: 12.052 Thread 0x000001b4f0704c70 nmethod 11211 0x000001b4dac6cc90 code [0x000001b4dac6cec0, 0x000001b4dac6d550]

GC Heap History (20 events):
Event: 2.665 GC heap before
{Heap before GC invocations=9 (full 0):
 garbage-first heap   total 49152K, used 32824K [0x0000000704e00000, 0x0000000800000000)
  region size 2048K, 4 young (8192K), 1 survivors (2048K)
 Metaspace       used 35506K, committed 35648K, reserved 1114112K
  class space    used 4495K, committed 4544K, reserved 1048576K
}
Event: 2.667 GC heap after
{Heap after GC invocations=10 (full 0):
 garbage-first heap   total 153600K, used 27396K [0x0000000704e00000, 0x0000000800000000)
  region size 2048K, 1 young (2048K), 1 survivors (2048K)
 Metaspace       used 35506K, committed 35648K, reserved 1114112K
  class space    used 4495K, committed 4544K, reserved 1048576K
}
Event: 3.949 GC heap before
{Heap before GC invocations=10 (full 0):
 garbage-first heap   total 153600K, used 109316K [0x0000000704e00000, 0x0000000800000000)
  region size 2048K, 41 young (83968K), 1 survivors (2048K)
 Metaspace       used 47537K, committed 48192K, reserved 1114112K
  class space    used 5817K, committed 6144K, reserved 1048576K
}
Event: 3.962 GC heap after
{Heap after GC invocations=11 (full 0):
 garbage-first heap   total 153600K, used 36639K [0x0000000704e00000, 0x0000000800000000)
  region size 2048K, 6 young (12288K), 6 survivors (12288K)
 Metaspace       used 47537K, committed 48192K, reserved 1114112K
  class space    used 5817K, committed 6144K, reserved 1048576K
}
Event: 5.076 GC heap before
{Heap before GC invocations=11 (full 0):
 garbage-first heap   total 153600K, used 114463K [0x0000000704e00000, 0x0000000800000000)
  region size 2048K, 43 young (88064K), 6 survivors (12288K)
 Metaspace       used 52473K, committed 53120K, reserved 1114112K
  class space    used 6351K, committed 6656K, reserved 1048576K
}
Event: 5.094 GC heap after
{Heap after GC invocations=12 (full 0):
 garbage-first heap   total 153600K, used 49566K [0x0000000704e00000, 0x0000000800000000)
  region size 2048K, 6 young (12288K), 6 survivors (12288K)
 Metaspace       used 52473K, committed 53120K, reserved 1114112K
  class space    used 6351K, committed 6656K, reserved 1048576K
}
Event: 5.644 GC heap before
{Heap before GC invocations=12 (full 0):
 garbage-first heap   total 153600K, used 121246K [0x0000000704e00000, 0x0000000800000000)
  region size 2048K, 40 young (81920K), 6 survivors (12288K)
 Metaspace       used 52663K, committed 53376K, reserved 1114112K
  class space    used 6351K, committed 6656K, reserved 1048576K
}
Event: 5.656 GC heap after
{Heap after GC invocations=13 (full 0):
 garbage-first heap   total 153600K, used 58981K [0x0000000704e00000, 0x0000000800000000)
  region size 2048K, 4 young (8192K), 4 survivors (8192K)
 Metaspace       used 52663K, committed 53376K, reserved 1114112K
  class space    used 6351K, committed 6656K, reserved 1048576K
}
Event: 5.919 GC heap before
{Heap before GC invocations=13 (full 0):
 garbage-first heap   total 153600K, used 126565K [0x0000000704e00000, 0x0000000800000000)
  region size 2048K, 37 young (75776K), 4 survivors (8192K)
 Metaspace       used 52669K, committed 53376K, reserved 1114112K
  class space    used 6351K, committed 6656K, reserved 1048576K
}
Event: 5.928 GC heap after
{Heap after GC invocations=14 (full 0):
 garbage-first heap   total 184320K, used 66152K [0x0000000704e00000, 0x0000000800000000)
  region size 2048K, 4 young (8192K), 4 survivors (8192K)
 Metaspace       used 52669K, committed 53376K, reserved 1114112K
  class space    used 6351K, committed 6656K, reserved 1048576K
}
Event: 6.237 GC heap before
{Heap before GC invocations=14 (full 0):
 garbage-first heap   total 184320K, used 150120K [0x0000000704e00000, 0x0000000800000000)
  region size 2048K, 45 young (92160K), 4 survivors (8192K)
 Metaspace       used 52795K, committed 53440K, reserved 1114112K
  class space    used 6368K, committed 6656K, reserved 1048576K
}
Event: 6.249 GC heap after
{Heap after GC invocations=15 (full 0):
 garbage-first heap   total 184320K, used 76487K [0x0000000704e00000, 0x0000000800000000)
  region size 2048K, 5 young (10240K), 5 survivors (10240K)
 Metaspace       used 52795K, committed 53440K, reserved 1114112K
  class space    used 6368K, committed 6656K, reserved 1048576K
}
Event: 7.158 GC heap before
{Heap before GC invocations=15 (full 0):
 garbage-first heap   total 184320K, used 119495K [0x0000000704e00000, 0x0000000800000000)
  region size 2048K, 27 young (55296K), 5 survivors (10240K)
 Metaspace       used 55625K, committed 56256K, reserved 1114112K
  class space    used 6642K, committed 6976K, reserved 1048576K
}
Event: 7.171 GC heap after
{Heap after GC invocations=16 (full 0):
 garbage-first heap   total 184320K, used 83987K [0x0000000704e00000, 0x0000000800000000)
  region size 2048K, 4 young (8192K), 4 survivors (8192K)
 Metaspace       used 55625K, committed 56256K, reserved 1114112K
  class space    used 6642K, committed 6976K, reserved 1048576K
}
Event: 8.778 GC heap before
{Heap before GC invocations=17 (full 0):
 garbage-first heap   total 184320K, used 157715K [0x0000000704e00000, 0x0000000800000000)
  region size 2048K, 39 young (79872K), 4 survivors (8192K)
 Metaspace       used 58005K, committed 58688K, reserved 1114112K
  class space    used 6875K, committed 7168K, reserved 1048576K
}
Event: 8.796 GC heap after
{Heap after GC invocations=18 (full 0):
 garbage-first heap   total 184320K, used 97953K [0x0000000704e00000, 0x0000000800000000)
  region size 2048K, 5 young (10240K), 5 survivors (10240K)
 Metaspace       used 58005K, committed 58688K, reserved 1114112K
  class space    used 6875K, committed 7168K, reserved 1048576K
}
Event: 10.017 GC heap before
{Heap before GC invocations=18 (full 0):
 garbage-first heap   total 184320K, used 159393K [0x0000000704e00000, 0x0000000800000000)
  region size 2048K, 35 young (71680K), 5 survivors (10240K)
 Metaspace       used 59888K, committed 60544K, reserved 1114112K
  class space    used 6995K, committed 7296K, reserved 1048576K
}
Event: 10.036 GC heap after
{Heap after GC invocations=19 (full 0):
 garbage-first heap   total 184320K, used 107710K [0x0000000704e00000, 0x0000000800000000)
  region size 2048K, 5 young (10240K), 5 survivors (10240K)
 Metaspace       used 59888K, committed 60544K, reserved 1114112K
  class space    used 6995K, committed 7296K, reserved 1048576K
}
Event: 10.903 GC heap before
{Heap before GC invocations=19 (full 0):
 garbage-first heap   total 184320K, used 160958K [0x0000000704e00000, 0x0000000800000000)
  region size 2048K, 31 young (63488K), 5 survivors (10240K)
 Metaspace       used 61889K, committed 62592K, reserved 1114112K
  class space    used 7150K, committed 7488K, reserved 1048576K
}
Event: 10.917 GC heap after
{Heap after GC invocations=20 (full 0):
 garbage-first heap   total 221184K, used 116249K [0x0000000704e00000, 0x0000000800000000)
  region size 2048K, 4 young (8192K), 4 survivors (8192K)
 Metaspace       used 61889K, committed 62592K, reserved 1114112K
  class space    used 7150K, committed 7488K, reserved 1048576K
}

Dll operation events (3 events):
Event: 0.012 Loaded shared library C:\Program Files\Android\Android Studio\jbr\bin\java.dll
Event: 0.018 Loaded shared library C:\Program Files\Android\Android Studio\jbr\bin\zip.dll
Event: 1.625 Loaded shared library C:\Program Files\Android\Android Studio\jbr\bin\verify.dll

Deoptimization events (20 events):
Event: 11.844 Thread 0x000001b4d4383dc0 DEOPT UNPACKING pc=0x000001b4e06c4422 sp=0x00000031944fc360 mode 2
Event: 11.845 Thread 0x000001b4d4383dc0 Uncommon trap: trap_request=0xffffffde fr.pc=0x000001b4e104a0ec relative=0x000000000000004c
Event: 11.845 Thread 0x000001b4d4383dc0 Uncommon trap: reason=class_check action=maybe_recompile pc=0x000001b4e104a0ec method=org.jetbrains.kotlin.resolve.calls.tower.PSIKotlinCallsKt.getPsiKotlinCall(Lorg/jetbrains/kotlin/resolve/calls/model/KotlinCall;)Lorg/jetbrains/kotlin/resolve/calls/towe
Event: 11.845 Thread 0x000001b4d4383dc0 DEOPT PACKING pc=0x000001b4e104a0ec sp=0x00000031944fc3d0
Event: 11.845 Thread 0x000001b4d4383dc0 DEOPT UNPACKING pc=0x000001b4e06c4422 sp=0x00000031944fc360 mode 2
Event: 11.897 Thread 0x000001b4d4383dc0 DEOPT PACKING pc=0x000001b4d98301a2 sp=0x00000031944fba20
Event: 11.897 Thread 0x000001b4d4383dc0 DEOPT UNPACKING pc=0x000001b4e06c4bc2 sp=0x00000031944faf70 mode 0
Event: 11.900 Thread 0x000001b4d4383dc0 DEOPT PACKING pc=0x000001b4d9a84c99 sp=0x00000031944fc540
Event: 11.901 Thread 0x000001b4d4383dc0 DEOPT UNPACKING pc=0x000001b4e06c4bc2 sp=0x00000031944fba48 mode 0
Event: 11.906 Thread 0x000001b4d4383dc0 DEOPT PACKING pc=0x000001b4d98301a2 sp=0x00000031944fba20
Event: 11.906 Thread 0x000001b4d4383dc0 DEOPT UNPACKING pc=0x000001b4e06c4bc2 sp=0x00000031944faf70 mode 0
Event: 11.938 Thread 0x000001b4d4383dc0 Uncommon trap: trap_request=0xffffffc6 fr.pc=0x000001b4e0d40338 relative=0x00000000000007d8
Event: 11.938 Thread 0x000001b4d4383dc0 Uncommon trap: reason=bimorphic_or_optimized_type_check action=maybe_recompile pc=0x000001b4e0d40338 method=org.jetbrains.kotlin.com.intellij.psi.impl.source.tree.TreeElement.rawRemoveUpToWithoutNotifications(Lorg/jetbrains/kotlin/com/intellij/psi/impl/so
Event: 11.938 Thread 0x000001b4d4383dc0 DEOPT PACKING pc=0x000001b4e0d40338 sp=0x00000031944fc240
Event: 11.938 Thread 0x000001b4d4383dc0 DEOPT UNPACKING pc=0x000001b4e06c4422 sp=0x00000031944fc170 mode 2
Event: 11.985 Thread 0x000001b4d4383dc0 Uncommon trap: trap_request=0xffffffc6 fr.pc=0x000001b4e10b882c relative=0x000000000000032c
Event: 11.985 Thread 0x000001b4d4383dc0 Uncommon trap: reason=bimorphic_or_optimized_type_check action=maybe_recompile pc=0x000001b4e10b882c method=org.jetbrains.kotlin.com.intellij.psi.impl.source.tree.TreeElement.rawRemoveUpToWithoutNotifications(Lorg/jetbrains/kotlin/com/intellij/psi/impl/so
Event: 11.985 Thread 0x000001b4d4383dc0 DEOPT PACKING pc=0x000001b4e10b882c sp=0x00000031944fc1c0
Event: 11.985 Thread 0x000001b4d4383dc0 DEOPT UNPACKING pc=0x000001b4e06c4422 sp=0x00000031944fc168 mode 2
Event: 12.058 Thread 0x000001b4d4383dc0 Uncommon trap: trap_request=0xffffff45 fr.pc=0x000001b4e1077bc8 relative=0x00000000000001a8

Classes loaded (20 events):
Event: 11.471 Loading class jdk/internal/math/FloatingDecimal
Event: 11.471 Loading class jdk/internal/math/FloatingDecimal done
Event: 11.472 Loading class jdk/internal/math/FloatingDecimal$ExceptionalBinaryToASCIIBuffer
Event: 11.472 Loading class jdk/internal/math/FloatingDecimal$BinaryToASCIIConverter
Event: 11.472 Loading class jdk/internal/math/FloatingDecimal$BinaryToASCIIConverter done
Event: 11.472 Loading class jdk/internal/math/FloatingDecimal$ExceptionalBinaryToASCIIBuffer done
Event: 11.472 Loading class jdk/internal/math/FloatingDecimal$BinaryToASCIIBuffer
Event: 11.472 Loading class jdk/internal/math/FloatingDecimal$BinaryToASCIIBuffer done
Event: 11.472 Loading class jdk/internal/math/FloatingDecimal$1
Event: 11.472 Loading class jdk/internal/math/FloatingDecimal$1 done
Event: 11.472 Loading class jdk/internal/math/FloatingDecimal$PreparedASCIIToBinaryBuffer
Event: 11.472 Loading class jdk/internal/math/FloatingDecimal$ASCIIToBinaryConverter
Event: 11.472 Loading class jdk/internal/math/FloatingDecimal$ASCIIToBinaryConverter done
Event: 11.472 Loading class jdk/internal/math/FloatingDecimal$PreparedASCIIToBinaryBuffer done
Event: 11.472 Loading class jdk/internal/math/FloatingDecimal$ASCIIToBinaryBuffer
Event: 11.473 Loading class jdk/internal/math/FloatingDecimal$ASCIIToBinaryBuffer done
Event: 11.502 Loading class java/util/function/ToIntFunction
Event: 11.502 Loading class java/util/function/ToIntFunction done
Event: 11.828 Loading class java/util/Collections$CopiesList
Event: 11.828 Loading class java/util/Collections$CopiesList done

Classes unloaded (0 events):
No events

Classes redefined (0 events):
No events

Internal exceptions (20 events):
Event: 3.489 Thread 0x000001b4d4383dc0 Exception <a 'java/lang/NoSuchMethodError'{0x000000070a47ea90}: 'java.lang.Object java.lang.invoke.DelegatingMethodHandle$Holder.reinvoke_L(java.lang.Object, java.lang.Object, java.lang.Object, java.lang.Object, java.lang.Object, java.lang.Object, java.lang.Object, java.lang.Object, java.lang.Object, java.lang.Object, java.lang.Object, java.lang.Object, java.lang.Object)'> (0x000000070a47ea90) 
thrown [s\src\hotspot\share\interpreter\linkResolver.cpp, line 784]
Event: 3.592 Thread 0x000001b4d4383dc0 Exception <a 'java/lang/NoSuchMethodError'{0x0000000709f31a28}: 'java.lang.Object java.lang.invoke.DirectMethodHandle$Holder.newInvokeSpecial(java.lang.Object, java.lang.Object, int)'> (0x0000000709f31a28) 
thrown [s\src\hotspot\share\interpreter\linkResolver.cpp, line 784]
Event: 3.609 Thread 0x000001b4d4383dc0 Exception <a 'java/lang/NoSuchMethodError'{0x0000000709f70980}: 'java.lang.Object java.lang.invoke.Invokers$Holder.invokeExact_MT(java.lang.Object, java.lang.Object, long, java.lang.Object)'> (0x0000000709f70980) 
thrown [s\src\hotspot\share\interpreter\linkResolver.cpp, line 784]
Event: 3.727 Thread 0x000001b4d4383dc0 Implicit null exception at 0x000001b4e0deebda to 0x000001b4e0deece4
Event: 4.089 Thread 0x000001b4d4383dc0 Implicit null exception at 0x000001b4e0e1fac9 to 0x000001b4e0e1fca8
Event: 4.157 Thread 0x000001b4d4383dc0 Exception <a 'java/lang/NoSuchMethodError'{0x000000070d425820}: 'java.lang.Object java.lang.invoke.DirectMethodHandle$Holder.newInvokeSpecial(java.lang.Object, java.lang.Object, java.lang.Object, int)'> (0x000000070d425820) 
thrown [s\src\hotspot\share\interpreter\linkResolver.cpp, line 784]
Event: 4.157 Thread 0x000001b4d4383dc0 Exception <a 'java/lang/NoSuchMethodError'{0x000000070d429960}: 'java.lang.Object java.lang.invoke.DirectMethodHandle$Holder.invokeSpecial(java.lang.Object, java.lang.Object, java.lang.Object, java.lang.Object, int)'> (0x000000070d429960) 
thrown [s\src\hotspot\share\interpreter\linkResolver.cpp, line 784]
Event: 4.157 Thread 0x000001b4d4383dc0 Exception <a 'java/lang/NoSuchMethodError'{0x000000070d42d0a8}: 'java.lang.Object java.lang.invoke.Invokers$Holder.linkToTargetMethod(java.lang.Object, java.lang.Object, int, java.lang.Object)'> (0x000000070d42d0a8) 
thrown [s\src\hotspot\share\interpreter\linkResolver.cpp, line 784]
Event: 6.375 Thread 0x000001b4d4383dc0 Implicit null exception at 0x000001b4e0ec5492 to 0x000001b4e0ec598c
Event: 6.375 Thread 0x000001b4d4383dc0 Implicit null exception at 0x000001b4e0ec44bd to 0x000001b4e0ec44f8
Event: 7.307 Thread 0x000001b4d4383dc0 Implicit null exception at 0x000001b4e1059f1e to 0x000001b4e105a534
Event: 7.437 Thread 0x000001b4d4383dc0 Implicit null exception at 0x000001b4e0f30e4f to 0x000001b4e0f311d0
Event: 7.482 Thread 0x000001b4d4383dc0 Implicit null exception at 0x000001b4e0ec743b to 0x000001b4e0ec76a0
Event: 7.499 Thread 0x000001b4d4383dc0 Implicit null exception at 0x000001b4e1026003 to 0x000001b4e102623c
Event: 7.513 Thread 0x000001b4d4383dc0 Implicit null exception at 0x000001b4e0c6d03d to 0x000001b4e0c6d294
Event: 9.550 Thread 0x000001b4d4383dc0 Exception <a 'java/lang/NoSuchMethodError'{0x000000070d8a08d0}: 'java.lang.Object java.lang.invoke.DirectMethodHandle$Holder.invokeSpecial(java.lang.Object, java.lang.Object, java.lang.Object, java.lang.Object, java.lang.Object, java.lang.Object, int)'> (0x000000070d8a08d0) 
thrown [s\src\hotspot\share\interpreter\linkResolver.cpp, line 784]
Event: 10.292 Thread 0x000001b4d4383dc0 Exception <a 'java/lang/NoSuchMethodError'{0x000000070f502578}: 'java.lang.Object java.lang.invoke.DirectMethodHandle$Holder.newInvokeSpecial(java.lang.Object, int, java.lang.Object)'> (0x000000070f502578) 
thrown [s\src\hotspot\share\interpreter\linkResolver.cpp, line 784]
Event: 11.182 Thread 0x000001b4d4383dc0 Implicit null exception at 0x000001b4e1353d8f to 0x000001b4e1354324
Event: 11.257 Thread 0x000001b4d4383dc0 Exception <a 'java/lang/IncompatibleClassChangeError'{0x0000000711bb6110}: Found class java.lang.Object, but interface was expected> (0x0000000711bb6110) 
thrown [s\src\hotspot\share\interpreter\linkResolver.cpp, line 851]
Event: 11.458 Thread 0x000001b4d4383dc0 Exception <a 'java/lang/NoSuchMethodError'{0x000000071156b258}: 'java.lang.Object java.lang.invoke.DirectMethodHandle$Holder.newInvokeSpecial(java.lang.Object, int, java.lang.Object, java.lang.Object)'> (0x000000071156b258) 
thrown [s\src\hotspot\share\interpreter\linkResolver.cpp, line 784]

ZGC Phase Switch (0 events):
No events

VM Operations (20 events):
Event: 11.299 Executing VM operation: ICBufferFull
Event: 11.299 Executing VM operation: ICBufferFull done
Event: 11.392 Executing VM operation: ICBufferFull
Event: 11.392 Executing VM operation: ICBufferFull done
Event: 11.436 Executing VM operation: HandshakeAllThreads (Deoptimize)
Event: 11.436 Executing VM operation: HandshakeAllThreads (Deoptimize) done
Event: 11.495 Executing VM operation: ICBufferFull
Event: 11.495 Executing VM operation: ICBufferFull done
Event: 11.553 Executing VM operation: HandshakeAllThreads (Deoptimize)
Event: 11.553 Executing VM operation: HandshakeAllThreads (Deoptimize) done
Event: 11.606 Executing VM operation: ICBufferFull
Event: 11.607 Executing VM operation: ICBufferFull done
Event: 11.755 Executing VM operation: ICBufferFull
Event: 11.755 Executing VM operation: ICBufferFull done
Event: 11.761 Executing VM operation: HandshakeAllThreads (Deoptimize)
Event: 11.761 Executing VM operation: HandshakeAllThreads (Deoptimize) done
Event: 11.823 Executing VM operation: HandshakeAllThreads (Deoptimize)
Event: 11.823 Executing VM operation: HandshakeAllThreads (Deoptimize) done
Event: 11.921 Executing VM operation: ICBufferFull
Event: 11.921 Executing VM operation: ICBufferFull done

Memory protections (0 events):
No events

Nmethod flushes (20 events):
Event: 11.005 Thread 0x000001b4f0678750 flushing  nmethod 0x000001b4d9a9ac90
Event: 11.005 Thread 0x000001b4f0678750 flushing  nmethod 0x000001b4d9a9d610
Event: 11.005 Thread 0x000001b4f0678750 flushing  nmethod 0x000001b4d9a9e410
Event: 11.005 Thread 0x000001b4f0678750 flushing  nmethod 0x000001b4d9aac390
Event: 11.005 Thread 0x000001b4f0678750 flushing  nmethod 0x000001b4d9aae090
Event: 11.005 Thread 0x000001b4f0678750 flushing  nmethod 0x000001b4d9aaee90
Event: 11.005 Thread 0x000001b4f0678750 flushing  nmethod 0x000001b4d9b6cd10
Event: 11.005 Thread 0x000001b4f0678750 flushing  nmethod 0x000001b4d9b78610
Event: 11.005 Thread 0x000001b4f0678750 flushing  nmethod 0x000001b4d9b7c390
Event: 11.005 Thread 0x000001b4f0678750 flushing  nmethod 0x000001b4d9b83610
Event: 11.005 Thread 0x000001b4f0678750 flushing  nmethod 0x000001b4d9b87f90
Event: 11.005 Thread 0x000001b4f0678750 flushing  nmethod 0x000001b4d9b89710
Event: 11.005 Thread 0x000001b4f0678750 flushing  nmethod 0x000001b4d9b8a590
Event: 11.005 Thread 0x000001b4f0678750 flushing  nmethod 0x000001b4d9b8ab90
Event: 11.005 Thread 0x000001b4f0678750 flushing  nmethod 0x000001b4d9b8be10
Event: 11.005 Thread 0x000001b4f0678750 flushing  nmethod 0x000001b4d9b8c410
Event: 11.005 Thread 0x000001b4f0678750 flushing  nmethod 0x000001b4d9b8df10
Event: 11.005 Thread 0x000001b4f0678750 flushing  nmethod 0x000001b4d9d0ea10
Event: 11.005 Thread 0x000001b4f0678750 flushing  nmethod 0x000001b4d9e09c10
Event: 11.005 Thread 0x000001b4f0678750 flushing  nmethod 0x000001b4d9e95310

Events (20 events):
Event: 0.057 Thread 0x000001b4d4383dc0 Thread added: 0x000001b4f06cb240
Event: 0.058 Thread 0x000001b4d4383dc0 Thread added: 0x000001b4f06f2400
Event: 0.058 Thread 0x000001b4d4383dc0 Thread added: 0x000001b4f06f2e60
Event: 0.058 Thread 0x000001b4d4383dc0 Thread added: 0x000001b4f06f5310
Event: 0.058 Thread 0x000001b4d4383dc0 Thread added: 0x000001b4f06f68e0
Event: 0.058 Thread 0x000001b4d4383dc0 Thread added: 0x000001b4f06f8e30
Event: 0.058 Thread 0x000001b4d4383dc0 Thread added: 0x000001b4f0704c70
Event: 0.095 Thread 0x000001b4d4383dc0 Thread added: 0x000001b4f089d130
Event: 0.106 Loaded shared library C:\Program Files\Android\Android Studio\jbr\bin\net.dll
Event: 0.108 Loaded shared library C:\Program Files\Android\Android Studio\jbr\bin\nio.dll
Event: 0.132 Thread 0x000001b4f06f8e30 Thread added: 0x000001b4f0707550
Event: 0.132 Thread 0x000001b4f06f8e30 Thread added: 0x000001b4f0705340
Event: 0.143 Loaded shared library C:\Program Files\Android\Android Studio\jbr\bin\zip.dll
Event: 0.177 Loaded shared library C:\Program Files\Android\Android Studio\jbr\bin\jimage.dll
Event: 0.503 Thread 0x000001b4f0705340 Thread exited: 0x000001b4f0705340
Event: 1.009 Thread 0x000001b4f0707550 Thread added: 0x000001b4f0707c20
Event: 2.242 Thread 0x000001b4f0707c20 Thread exited: 0x000001b4f0707c20
Event: 2.566 Thread 0x000001b4f0707550 Thread exited: 0x000001b4f0707550
Event: 2.729 Thread 0x000001b4f0704c70 Thread added: 0x000001b4f0707c20
Event: 2.766 Thread 0x000001b4f06f8e30 Thread added: 0x000001b4f746d7f0


Dynamic libraries:
0x00007ff71fb00000 - 0x00007ff71fb0a000 	C:\Program Files\Android\Android Studio\jbr\bin\java.exe
0x00007ffb18220000 - 0x00007ffb18487000 	C:\WINDOWS\SYSTEM32\ntdll.dll
0x00007ffb17ea0000 - 0x00007ffb17f69000 	C:\WINDOWS\System32\KERNEL32.DLL
0x00007ffb15200000 - 0x00007ffb155f1000 	C:\WINDOWS\System32\KERNELBASE.dll
0x00007ffb15600000 - 0x00007ffb1574b000 	C:\WINDOWS\System32\ucrtbase.dll
0x00007ffb0f470000 - 0x00007ffb0f48b000 	C:\Program Files\Android\Android Studio\jbr\bin\VCRUNTIME140.dll
0x00007ffadcf70000 - 0x00007ffadcf88000 	C:\Program Files\Android\Android Studio\jbr\bin\jli.dll
0x00007ffb16350000 - 0x00007ffb16515000 	C:\WINDOWS\System32\USER32.dll
0x00007ffb150a0000 - 0x00007ffb150c7000 	C:\WINDOWS\System32\win32u.dll
0x00007ffb17e70000 - 0x00007ffb17e9b000 	C:\WINDOWS\System32\GDI32.dll
0x00007ffb150d0000 - 0x00007ffb151fb000 	C:\WINDOWS\System32\gdi32full.dll
0x00007ffafdc70000 - 0x00007ffafdf03000 	C:\WINDOWS\WinSxS\amd64_microsoft.windows.common-controls_6595b64144ccf1df_6.0.26100.8037_none_3e092faae333b53b\COMCTL32.dll
0x00007ffb14dc0000 - 0x00007ffb14e63000 	C:\WINDOWS\System32\msvcp_win.dll
0x00007ffb16a30000 - 0x00007ffb16ad9000 	C:\WINDOWS\System32\msvcrt.dll
0x00007ffb17270000 - 0x00007ffb172a1000 	C:\WINDOWS\System32\IMM32.DLL
0x00007ffb03970000 - 0x00007ffb0397c000 	C:\Program Files\Android\Android Studio\jbr\bin\vcruntime140_1.dll
0x00007ffacc420000 - 0x00007ffacc4ad000 	C:\Program Files\Android\Android Studio\jbr\bin\msvcp140.dll
0x00007ffa54f90000 - 0x00007ffa55c26000 	C:\Program Files\Android\Android Studio\jbr\bin\server\jvm.dll
0x00007ffb180d0000 - 0x00007ffb1818b000 	C:\WINDOWS\System32\ADVAPI32.dll
0x00007ffb165b0000 - 0x00007ffb16657000 	C:\WINDOWS\System32\sechost.dll
0x00007ffb17d50000 - 0x00007ffb17e68000 	C:\WINDOWS\System32\RPCRT4.dll
0x00007ffb17a90000 - 0x00007ffb17b04000 	C:\WINDOWS\System32\WS2_32.dll
0x00007ffb00510000 - 0x00007ffb0051b000 	C:\WINDOWS\SYSTEM32\VERSION.dll
0x00007ffb14960000 - 0x00007ffb149be000 	C:\WINDOWS\SYSTEM32\POWRPROF.dll
0x00007ffb0a250000 - 0x00007ffb0a285000 	C:\WINDOWS\SYSTEM32\WINMM.dll
0x00007ffb14940000 - 0x00007ffb14954000 	C:\WINDOWS\SYSTEM32\UMPDC.dll
0x00007ffb13890000 - 0x00007ffb138ab000 	C:\WINDOWS\SYSTEM32\kernel.appcore.dll
0x00007ffadd5e0000 - 0x00007ffadd5ea000 	C:\Program Files\Android\Android Studio\jbr\bin\jimage.dll
0x00007ffb129b0000 - 0x00007ffb12bf2000 	C:\WINDOWS\SYSTEM32\DBGHELP.DLL
0x00007ffb15fc0000 - 0x00007ffb16342000 	C:\WINDOWS\System32\combase.dll
0x00007ffb16b00000 - 0x00007ffb16bd7000 	C:\WINDOWS\System32\OLEAUT32.dll
0x00007ffafa0a0000 - 0x00007ffafa0db000 	C:\WINDOWS\SYSTEM32\dbgcore.DLL
0x00007ffb14c80000 - 0x00007ffb14d25000 	C:\WINDOWS\System32\bcryptPrimitives.dll
0x00007ffad8e20000 - 0x00007ffad8e40000 	C:\Program Files\Android\Android Studio\jbr\bin\java.dll
0x00007ffad8010000 - 0x00007ffad8028000 	C:\Program Files\Android\Android Studio\jbr\bin\zip.dll
0x00007ffb17320000 - 0x00007ffb17a7f000 	C:\WINDOWS\System32\SHELL32.dll
0x00007ffb14e70000 - 0x00007ffb14fda000 	C:\WINDOWS\System32\wintypes.dll
0x00007ffb15750000 - 0x00007ffb15fb4000 	C:\WINDOWS\System32\windows.storage.dll
0x00007ffb17c50000 - 0x00007ffb17d47000 	C:\WINDOWS\System32\SHCORE.dll
0x00007ffb172b0000 - 0x00007ffb17317000 	C:\WINDOWS\System32\shlwapi.dll
0x00007ffb14a20000 - 0x00007ffb14a49000 	C:\WINDOWS\SYSTEM32\profapi.dll
0x00007ffad8a40000 - 0x00007ffad8a50000 	C:\Program Files\Android\Android Studio\jbr\bin\net.dll
0x00007ffb04cc0000 - 0x00007ffb04de7000 	C:\WINDOWS\SYSTEM32\WINHTTP.dll
0x00007ffb13e00000 - 0x00007ffb13e6b000 	C:\WINDOWS\system32\mswsock.dll
0x00007ffad16c0000 - 0x00007ffad16d6000 	C:\Program Files\Android\Android Studio\jbr\bin\nio.dll
0x00007ffad0f10000 - 0x00007ffad0f20000 	C:\Program Files\Android\Android Studio\jbr\bin\verify.dll

JVMTI agents: none

dbghelp: loaded successfully - version: 4.0.5 - missing functions: none
symbol engine: initialized successfully - sym options: 0x614 - pdb path: .;C:\Program Files\Android\Android Studio\jbr\bin;C:\WINDOWS\SYSTEM32;C:\WINDOWS\WinSxS\amd64_microsoft.windows.common-controls_6595b64144ccf1df_6.0.26100.8037_none_3e092faae333b53b;C:\Program Files\Android\Android Studio\jbr\bin\server

VM Arguments:
java_command: org.jetbrains.kotlin.cli.jvm.K2JVMCompiler @C:\Users\shiva\AndroidStudioProjects\CityFlux-MGM\app\build\20260330_13126343401880222743.compiler.options
java_class_path (initial): C:\Users\shiva\.gradle\caches\modules-2\files-2.1\org.jetbrains.kotlin\kotlin-compiler-embeddable\1.9.0\2c8c3a7402becca891f12739b3e9fd2dc2adbd7a\kotlin-compiler-embeddable-1.9.0.jar;C:\Users\shiva\.gradle\caches\modules-2\files-2.1\org.jetbrains.kotlin\kotlin-stdlib\1.9.0\8ee15ef0c67dc83d874f412d84378d7f0eb50b63\kotlin-stdlib-1.9.0.jar;C:\Users\shiva\.gradle\caches\modules-2\files-2.1\org.jetbrains.kotlin\kotlin-script-runtime\1.9.0\4b3102cbbb7e1b58d9d1adf89563f00069ffa7d1\kotlin-script-runtime-1.9.0.jar;C:\Users\shiva\.gradle\caches\modules-2\files-2.1\org.jetbrains.kotlin\kotlin-reflect\1.6.10\1cbe9c92c12a94eea200d23c2bbaedaf3daf5132\kotlin-reflect-1.6.10.jar;C:\Users\shiva\.gradle\caches\modules-2\files-2.1\org.jetbrains.kotlin\kotlin-daemon-embeddable\1.9.0\186543f5e28cf8d9a0290fecc2cf34301c40a65c\kotlin-daemon-embeddable-1.9.0.jar;C:\Users\shiva\.gradle\caches\modules-2\files-2.1\org.jetbrains.intellij.deps\trove4j\1.0.20200330\3afb14d5f9ceb459d724e907a21145e8ff394f02\trove4j-1.0.20200330.jar;C:\Users\shiva\.gradle\caches\modules-2\files-2.1\org.jetbrains.kotlin\kotlin-stdlib-common\1.9.0\cd65c21cfd1eec4d44ef09f9f52b6d9f8a720636\kotlin-stdlib-common-1.9.0.jar;C:\Users\shiva\.gradle\caches\modules-2\files-2.1\org.jetbrains\annotations\13.0\919f0dfe192fb4e063e7dacadee7f8bb9a2672a9\annotations-13.0.jar
Launcher Type: SUN_STANDARD

[Global flags]
     intx CICompilerCount                          = 4                                         {product} {ergonomic}
     uint ConcGCThreads                            = 2                                         {product} {ergonomic}
     uint G1ConcRefinementThreads                  = 8                                         {product} {ergonomic}
   size_t G1HeapRegionSize                         = 2097152                                   {product} {ergonomic}
    uintx GCDrainStackTargetSize                   = 64                                        {product} {ergonomic}
   size_t InitialHeapSize                          = 264241152                                 {product} {ergonomic}
   size_t MarkStackSize                            = 4194304                                   {product} {ergonomic}
   size_t MaxHeapSize                              = 4213178368                                {product} {ergonomic}
   size_t MaxNewSize                               = 2527068160                                {product} {ergonomic}
   size_t MinHeapDeltaBytes                        = 2097152                                   {product} {ergonomic}
   size_t MinHeapSize                              = 8388608                                   {product} {ergonomic}
    uintx NonNMethodCodeHeapSize                   = 5839372                                {pd product} {ergonomic}
    uintx NonProfiledCodeHeapSize                  = 122909434                              {pd product} {ergonomic}
    uintx ProfiledCodeHeapSize                     = 122909434                              {pd product} {ergonomic}
    uintx ReservedCodeCacheSize                    = 251658240                              {pd product} {ergonomic}
     bool SegmentedCodeCache                       = true                                      {product} {ergonomic}
   size_t SoftMaxHeapSize                          = 4213178368                             {manageable} {ergonomic}
     bool UseCompressedOops                        = true                           {product lp64_product} {ergonomic}
     bool UseG1GC                                  = true                                      {product} {ergonomic}
     bool UseLargePagesIndividualAllocation        = false                                  {pd product} {ergonomic}

Logging:
Log output configuration:
 #0: stdout all=warning uptime,level,tags foldmultilines=false
 #1: stderr all=off uptime,level,tags foldmultilines=false

Release file:
JAVA_VERSION="21.0.9" 
MODULES="java.base java.compiler java.datatransfer java.xml java.prefs java.desktop java.instrument java.logging java.management java.security.sasl java.naming java.rmi java.management.rmi java.net.http java.scripting java.security.jgss java.transaction.xa java.sql java.sql.rowset java.xml.crypto java.se java.smartcardio jdk.accessibility jdk.internal.jvmstat jdk.attach jdk.charsets jdk.internal.opt jdk.zipfs jdk.compiler jdk.crypto.ec jdk.crypto.cryptoki jdk.dynalink jdk.hotspot.agent jdk.httpserver jdk.internal.ed jdk.internal.le jdk.internal.vm.ci jdk.jartool jdk.javadoc jdk.jcmd jdk.jdeps jdk.jdwp.agent jdk.jdi jdk.jfr jdk.jlink jdk.jsobject jdk.localedata jdk.management jdk.management.agent jdk.management.jfr jdk.naming.dns jdk.naming.rmi jdk.net jdk.sctp jdk.security.auth jdk.security.jgss jdk.unsupported jdk.unsupported.desktop jdk.xml.dom" 
IMPLEMENTOR="JetBrains s.r.o." 
JAVA_RUNTIME_VERSION="21.0.9+-14787801-b1163.94" 
LIBC="default" 
OS_ARCH="x86_64" 
OS_NAME="Windows" 
SOURCE=".:git:0c757ddc9f2f" 

Environment Variables:
PATH=C:\Program Files\Eclipse Adoptium\jdk-25.0.2.10-hotspot\bin;C:\App1\db_home\bin;C:\Program Files\Common Files\Oracle\Java\javapath;C:\app\shiva\product\23ai\dbhomeFree\bin;C:\WINDOWS\system32;C:\WINDOWS;C:\WINDOWS\System32\Wbem;C:\WINDOWS\System32\WindowsPowerShell\v1.0\;C:\WINDOWS\System32\OpenSSH\;C:\Program Files\nodejs\;C:\Program Files\Git\cmd;C:\Program Files\Git\mingw64\bin\git.exe;C:\Program Files\Git\cmd\git.exe;C:\Program Files (x86)\GnuWin32\bin;C:\Users\shiva\CompilerDesign\winflexbison;C:\winflexbison;C:\Program Files\Eclipse Adoptium\jdk-25.0.2.10-hotspot\bin;C:\kotlinc\bin;C:\Program Files\GitHub CLI\;C:\Program Files\MySQL\MySQL Shell 8.0\bin\;C:\Users\shiva\AppData\Local\Programs\Python\Python313\Scripts\;C:\Users\shiva\AppData\Local\Programs\Python\Python313\;C:\Users\shiva\AppData\Local\Microsoft\WindowsApps;C:\MinGW\bin;C:\Users\shiva\Downloads\jdk-23_windows-x64_bin.exe;C:\Program Files\JetBrains\IntelliJ IDEA Community Edition 2024.3.5\bin;;C:\Users\shiva\AppData\Local\GitHubDesktop\bin;C:\Users\shiva\AppData\Roaming\npm;C:\Users\shiva\AppData\Local\Programs\Microsoft VS Code\bin;C:\Users\shiva\AppData\Local\Programs\Antigravity\bin
USERNAME=shiva
OS=Windows_NT
PROCESSOR_IDENTIFIER=Intel64 Family 6 Model 154 Stepping 4, GenuineIntel
TMP=C:\Users\shiva\AppData\Local\Temp
TEMP=C:\Users\shiva\AppData\Local\Temp




Periodic native trim disabled

JNI global refs:
JNI global refs: 14, weak refs: 2

JNI global refs memory usage: 835, weak refs: 833

Process memory usage:
Resident Set Size: 438000K (2% of 16455432K total physical memory with 2357400K free physical memory)

OOME stack traces (most recent first):
Classloader memory used:
Loader jdk.internal.loader.ClassLoaders$AppClassLoader                                 : 51201K
Loader bootstrap                                                                       : 13145K
Loader java.net.URLClassLoader                                                         : 249K

---------------  S Y S T E M  ---------------

OS:
 Windows 11 , 64 bit Build 26100 (10.0.26100.7920)
OS uptime: 0 days 10:07 hours
Hyper-V role detected

CPU: total 8 (initial active 8) (4 cores per cpu, 2 threads per core) family 6 model 154 stepping 4 microcode 0x42c, cx8, cmov, fxsr, ht, mmx, 3dnowpref, sse, sse2, sse3, ssse3, sse4.1, sse4.2, popcnt, lzcnt, tsc, tscinvbit, avx, avx2, aes, erms, clmul, bmi1, bmi2, adx, sha, fma, vzeroupper, clflush, clflushopt, clwb, hv, serialize, rdtscp, rdpid, fsrm, f16c, cet_ibt, cet_ss
Processor Information for processor 0
  Max Mhz: 1200, Current Mhz: 1200, Mhz Limit: 1200
Processor Information for processor 1
  Max Mhz: 1200, Current Mhz: 1200, Mhz Limit: 1200
Processor Information for processor 2
  Max Mhz: 1200, Current Mhz: 1200, Mhz Limit: 1200
Processor Information for processor 3
  Max Mhz: 1200, Current Mhz: 1200, Mhz Limit: 1200
Processor Information for processor 4
  Max Mhz: 1200, Current Mhz: 900, Mhz Limit: 900
Processor Information for processor 5
  Max Mhz: 1200, Current Mhz: 900, Mhz Limit: 900
Processor Information for processor 6
  Max Mhz: 1200, Current Mhz: 900, Mhz Limit: 900
Processor Information for processor 7
  Max Mhz: 1200, Current Mhz: 900, Mhz Limit: 900

Memory: 4k page, system-wide physical 16069M (2302M free)
TotalPageFile size 65221M (AvailPageFile size 5M)
current process WorkingSet (physical memory assigned to process): 428M, peak: 428M
current process commit charge ("private bytes"): 461M, peak: 463M

vm_info: OpenJDK 64-Bit Server VM (21.0.9+-14787801-b1163.94) for windows-amd64 JRE (21.0.9+-14787801-b1163.94), built on 2026-01-27T21:15:44Z by "builder" with MS VC++ 16.10 / 16.11 (VS2019)

END.
