#
# There is insufficient memory for the Java Runtime Environment to continue.
# Native memory allocation (malloc) failed to allocate 1837456 bytes. Error detail: Chunk::new
# Possible reasons:
#   The system is out of physical RAM or swap space
#   This process is running with CompressedOops enabled, and the Java Heap may be blocking the growth of the native heap
# Possible solutions:
#   Reduce memory load on the system
#   Increase physical memory or swap space
#   Check if swap backing store is full
#   Decrease Java heap size (-Xmx/-Xms)
#   Decrease number of Java threads
#   Decrease Java thread stack sizes (-Xss)
#   Set larger code cache with -XX:ReservedCodeCacheSize=
#   JVM is running with Zero Based Compressed Oops mode in which the Java heap is
#     placed in the first 32GB address space. The Java Heap base address is the
#     maximum limit for the native heap growth. Please use -XX:HeapBaseMinAddress
#     to set the Java Heap base and to place the Java Heap above 32GB virtual address.
# This output file may be truncated or incomplete.
#
#  Out of Memory Error (arena.cpp:168), pid=19604, tid=8600
#
# JRE version: OpenJDK Runtime Environment Temurin-21.0.10+7 (21.0.10+7) (build 21.0.10+7-LTS)
# Java VM: OpenJDK 64-Bit Server VM Temurin-21.0.10+7 (21.0.10+7-LTS, mixed mode, sharing, tiered, compressed oops, compressed class ptrs, g1 gc, windows-amd64)
# No core dump will be written. Minidumps are not enabled by default on client versions of Windows
#

---------------  S U M M A R Y ------------

Command Line: --add-opens=java.base/java.util=ALL-UNNAMED --add-opens=java.base/java.lang=ALL-UNNAMED --add-opens=java.base/java.lang.invoke=ALL-UNNAMED --add-opens=java.prefs/java.util.prefs=ALL-UNNAMED --add-opens=java.base/java.nio.charset=ALL-UNNAMED --add-opens=java.base/java.net=ALL-UNNAMED --add-opens=java.base/java.util.concurrent.atomic=ALL-UNNAMED -Xmx3072m -Dfile.encoding=UTF-8 -Duser.country=IN -Duser.language=en -Duser.variant -javaagent:C:\Users\shiva\.gradle\wrapper\dists\gradle-8.7-bin\bhs2wmbdwecv87pi65oeuq5iu\gradle-8.7\lib\agents\gradle-instrumentation-agent-8.7.jar org.gradle.launcher.daemon.bootstrap.GradleDaemon 8.7

Host: 12th Gen Intel(R) Core(TM) i3-1215U, 8 cores, 15G,  Windows 11 , 64 bit Build 26100 (10.0.26100.7920)
Time: Mon Mar 30 15:50:48 2026 India Standard Time elapsed time: 1414.699483 seconds (0d 0h 23m 34s)

---------------  T H R E A D  ---------------

Current thread (0x0000024a8d7b51d0):  JavaThread "C2 CompilerThread1" daemon [_thread_in_native, id=8600, stack(0x0000004ef3a00000,0x0000004ef3b00000) (1024K)]


Current CompileTask:
C2:1414700 19690   !   4       org.gradle.internal.event.DefaultListenerManager::getBroadcasterInternal (155 bytes)

Stack: [0x0000004ef3a00000,0x0000004ef3b00000]
Native frames: (J=compiled Java code, j=interpreted, Vv=VM code, C=native code)
V  [jvm.dll+0x6d7a39]
V  [jvm.dll+0x8b4b26]
V  [jvm.dll+0x8b70de]
V  [jvm.dll+0x8b77c3]
V  [jvm.dll+0x284346]
V  [jvm.dll+0xc66ed]
V  [jvm.dll+0xc6c31]
V  [jvm.dll+0x3bec01]
V  [jvm.dll+0x38b162]
V  [jvm.dll+0x38a5aa]
V  [jvm.dll+0x24c560]
V  [jvm.dll+0x24bb40]
V  [jvm.dll+0x1cb34e]
V  [jvm.dll+0x25b85d]
V  [jvm.dll+0x259dea]
V  [jvm.dll+0x3f857e]
V  [jvm.dll+0x85f59d]
V  [jvm.dll+0x6d626d]
C  [ucrtbase.dll+0x37b0]
C  [KERNEL32.DLL+0x2e8d7]
C  [ntdll.dll+0x8c48c]


---------------  P R O C E S S  ---------------

Threads class SMR info:
_java_thread_list=0x0000024a882beca0, length=65, elements={
0x0000024aa1482c00, 0x0000024abc383080, 0x0000024abc384650, 0x0000024abc387c30,
0x0000024abc388690, 0x0000024abc3890f0, 0x0000024abc389b50, 0x0000024abc38a8e0,
0x0000024abc394800, 0x0000024abc539630, 0x0000024abc6067a0, 0x0000024afe281410,
0x0000024afec4df50, 0x0000024afee060e0, 0x0000024aff07efc0, 0x0000024aff080370,
0x0000024aff081090, 0x0000024aff07fce0, 0x0000024aff4f3cc0, 0x0000024aff4f49e0,
0x0000024a868d60c0, 0x0000024a88181990, 0x0000024a868d8190, 0x0000024afe4bbc40,
0x0000024a868d6de0, 0x0000024a868d4d10, 0x0000024aff4f2280, 0x0000024a871f4ad0,
0x0000024afe4b94e0, 0x0000024a871f78c0, 0x0000024afe4b7aa0, 0x0000024a871f9990,
0x0000024afe4be3a0, 0x0000024afe4b8e50, 0x0000024a871f7230, 0x0000024a871f5e80,
0x0000024a871f85e0, 0x0000024a87e284d0, 0x0000024a87e256e0, 0x0000024afe4b7410,
0x0000024afe4ba200, 0x0000024a8d7b51d0, 0x0000024a87e2a5a0, 0x0000024a87e26400,
0x0000024a87e27120, 0x0000024a87e25d70, 0x0000024a87e26a90, 0x0000024a87e27e40,
0x0000024a87e277b0, 0x0000024a87e25050, 0x0000024a87e29f10, 0x0000024a87e2ac30,
0x0000024a87e2bfe0, 0x0000024a87e29880, 0x0000024a87e2b2c0, 0x0000024a87e2b950,
0x0000024a87e28b60, 0x0000024a87e291f0, 0x0000024a87e2c670, 0x0000024a871f4440,
0x0000024a871f5160, 0x0000024a871f8c70, 0x0000024a871f57f0, 0x0000024a8d9ca000,
0x0000024a871f9300
}
_to_delete_list=0x0000024abcacd600, length=64, elements={
0x0000024aa1482c00, 0x0000024abc383080, 0x0000024abc384650, 0x0000024abc387c30,
0x0000024abc388690, 0x0000024abc3890f0, 0x0000024abc389b50, 0x0000024abc38a8e0,
0x0000024abc394800, 0x0000024abc539630, 0x0000024abc6067a0, 0x0000024afe281410,
0x0000024afec4df50, 0x0000024afee060e0, 0x0000024aff07efc0, 0x0000024aff080370,
0x0000024aff081090, 0x0000024aff07fce0, 0x0000024aff4f3cc0, 0x0000024aff4f49e0,
0x0000024a868d60c0, 0x0000024a88181990, 0x0000024a868d8190, 0x0000024afe4bbc40,
0x0000024a868d6de0, 0x0000024a868d4d10, 0x0000024aff4f2280, 0x0000024a871f4ad0,
0x0000024afe4b94e0, 0x0000024a871f78c0, 0x0000024afe4b7aa0, 0x0000024a871f9990,
0x0000024afe4be3a0, 0x0000024afe4b8e50, 0x0000024a871f7230, 0x0000024a871f5e80,
0x0000024a871f85e0, 0x0000024a87e284d0, 0x0000024a87e256e0, 0x0000024afe4b7410,
0x0000024afe4ba200, 0x0000024a8d7b51d0, 0x0000024a87e2a5a0, 0x0000024a87e26400,
0x0000024a87e27120, 0x0000024a87e25d70, 0x0000024a87e26a90, 0x0000024a87e27e40,
0x0000024a87e277b0, 0x0000024a87e25050, 0x0000024a87e29f10, 0x0000024a87e2ac30,
0x0000024a87e2bfe0, 0x0000024a87e29880, 0x0000024a87e2b2c0, 0x0000024a87e2b950,
0x0000024a87e28b60, 0x0000024a87e291f0, 0x0000024a87e2c670, 0x0000024a871f4440,
0x0000024a871f5160, 0x0000024a871f8c70, 0x0000024a871f57f0, 0x0000024a8d9ca000
}

Java Threads: ( => current thread )
  0x0000024aa1482c00 JavaThread "main"                              [_thread_blocked, id=10716, stack(0x0000004eef100000,0x0000004eef200000) (1024K)]
  0x0000024abc383080 JavaThread "Reference Handler"          daemon [_thread_blocked, id=21724, stack(0x0000004eef900000,0x0000004eefa00000) (1024K)]
  0x0000024abc384650 JavaThread "Finalizer"                  daemon [_thread_blocked, id=23136, stack(0x0000004eefa00000,0x0000004eefb00000) (1024K)]
  0x0000024abc387c30 JavaThread "Signal Dispatcher"          daemon [_thread_blocked, id=3524, stack(0x0000004eefb00000,0x0000004eefc00000) (1024K)]
  0x0000024abc388690 JavaThread "Attach Listener"            daemon [_thread_blocked, id=12100, stack(0x0000004eefc00000,0x0000004eefd00000) (1024K)]
  0x0000024abc3890f0 JavaThread "Service Thread"             daemon [_thread_blocked, id=22368, stack(0x0000004eefd00000,0x0000004eefe00000) (1024K)]
  0x0000024abc389b50 JavaThread "Monitor Deflation Thread"   daemon [_thread_blocked, id=9316, stack(0x0000004eefe00000,0x0000004eeff00000) (1024K)]
  0x0000024abc38a8e0 JavaThread "C2 CompilerThread0"         daemon [_thread_in_native, id=18880, stack(0x0000004eeff00000,0x0000004ef0000000) (1024K)]
  0x0000024abc394800 JavaThread "C1 CompilerThread0"         daemon [_thread_in_vm, id=19976, stack(0x0000004ef0000000,0x0000004ef0100000) (1024K)]
  0x0000024abc539630 JavaThread "Common-Cleaner"             daemon [_thread_blocked, id=20644, stack(0x0000004ef0100000,0x0000004ef0200000) (1024K)]
  0x0000024abc6067a0 JavaThread "Notification Thread"        daemon [_thread_blocked, id=16944, stack(0x0000004ef0200000,0x0000004ef0300000) (1024K)]
  0x0000024afe281410 JavaThread "Daemon health stats"               [_thread_blocked, id=19668, stack(0x0000004ef0900000,0x0000004ef0a00000) (1024K)]
  0x0000024afec4df50 JavaThread "Incoming local TCP Connector on port 58957"        [_thread_in_native, id=22372, stack(0x0000004ef0300000,0x0000004ef0400000) (1024K)]
  0x0000024afee060e0 JavaThread "Daemon periodic checks"            [_thread_blocked, id=17652, stack(0x0000004ef0b00000,0x0000004ef0c00000) (1024K)]
  0x0000024aff07efc0 JavaThread "Cache worker for journal cache (C:\Users\shiva\.gradle\caches\journal-1)"        [_thread_blocked, id=20420, stack(0x0000004ef1300000,0x0000004ef1400000) (1024K)]
  0x0000024aff080370 JavaThread "File lock request listener"        [_thread_in_native, id=18008, stack(0x0000004ef1400000,0x0000004ef1500000) (1024K)]
  0x0000024aff081090 JavaThread "Cache worker for file hash cache (C:\Users\shiva\.gradle\caches\8.7\fileHashes)"        [_thread_blocked, id=19952, stack(0x0000004ef0a00000,0x0000004ef0b00000) (1024K)]
  0x0000024aff07fce0 JavaThread "File watcher server"        daemon [_thread_in_native, id=11736, stack(0x0000004ef1a00000,0x0000004ef1b00000) (1024K)]
  0x004d002d00780075 
[error occurred during error reporting (printing all threads), id 0xc0000005, EXCEPTION_ACCESS_VIOLATION (0xc0000005) at pc=0x00007ffa5b9e9d3c]
VM state: not at safepoint (normal execution)

VM Mutex/Monitor currently owned by a thread: None

Heap address: 0x0000000740000000, size: 3072 MB, Compressed Oops mode: Zero based, Oop shift amount: 3

CDS archive(s) mapped at: [0x0000024abd000000-0x0000024abdba0000-0x0000024abdba0000), size 12189696, SharedBaseAddress: 0x0000024abd000000, ArchiveRelocationMode: 1.
Compressed class space mapped at: 0x0000024abe000000-0x0000024afe000000, reserved size: 1073741824
Narrow klass base: 0x0000024abd000000, Narrow klass shift: 0, Narrow klass range: 0x100000000

GC Precious Log:
 CardTable entry size: 512
 Card Set container configuration: InlinePtr #cards 4 size 8 Array Of Cards #cards 16 size 48 Howl #buckets 8 coarsen threshold 3686 Howl Bitmap #cards 512 size 80 coarsen threshold 460 Card regions per heap region 1 cards per card region 4096
 CPUs: 8 total, 8 available
 Memory: 16069M
 Large Page Support: Disabled
 NUMA Support: Disabled
 Compressed Oops: Enabled (Zero based)
 Heap Region Size: 2M
 Heap Min Capacity: 8M
 Heap Initial Capacity: 252M
 Heap Max Capacity: 3G
 Pre-touch: Disabled
 Parallel Workers: 8
 Concurrent Workers: 2
 Concurrent Refinement Workers: 8
 Periodic GC: Disabled

Heap:
 garbage-first heap   total 280576K, used 213532K [0x0000000740000000, 0x0000000800000000)
  region size 2048K, 47 young (96256K), 3 survivors (6144K)
 Metaspace       used 105113K, committed 107392K, reserved 1179648K
  class space    used 14084K, committed 15232K, reserved 1048576K

Heap Regions: E=young(eden), S=young(survivor), O=old, HS=humongous(starts), HC=humongous(continues), CS=collection set, F=free, TAMS=top-at-mark-start, PB=parsable bottom
|   0|0x0000000740000000, 0x0000000740200000, 0x0000000740200000|100%|HS|  |TAMS 0x0000000740000000| PB 0x0000000740000000| Complete 
|   1|0x0000000740200000, 0x0000000740400000, 0x0000000740400000|100%|HC|  |TAMS 0x0000000740200000| PB 0x0000000740200000| Complete 
|   2|0x0000000740400000, 0x0000000740600000, 0x0000000740600000|100%| O|  |TAMS 0x0000000740400000| PB 0x0000000740400000| Untracked 
|   3|0x0000000740600000, 0x0000000740800000, 0x0000000740800000|100%| O|  |TAMS 0x0000000740600000| PB 0x0000000740600000| Untracked 
|   4|0x0000000740800000, 0x00000007409e89b0, 0x0000000740a00000| 95%| O|  |TAMS 0x0000000740800000| PB 0x0000000740800000| Untracked 
|   5|0x0000000740a00000, 0x0000000740c00000, 0x0000000740c00000|100%| O|  |TAMS 0x0000000740a00000| PB 0x0000000740a00000| Untracked 
|   6|0x0000000740c00000, 0x0000000740e00000, 0x0000000740e00000|100%| O|  |TAMS 0x0000000740c00000| PB 0x0000000740c00000| Untracked 
|   7|0x0000000740e00000, 0x0000000741000000, 0x0000000741000000|100%| O|  |TAMS 0x0000000740e00000| PB 0x0000000740e00000| Untracked 
|   8|0x0000000741000000, 0x0000000741200000, 0x0000000741200000|100%| O|  |TAMS 0x0000000741000000| PB 0x0000000741000000| Untracked 
|   9|0x0000000741200000, 0x0000000741400000, 0x0000000741400000|100%| O|  |TAMS 0x0000000741200000| PB 0x0000000741200000| Untracked 
|  10|0x0000000741400000, 0x0000000741600000, 0x0000000741600000|100%| O|  |TAMS 0x0000000741400000| PB 0x0000000741400000| Untracked 
|  11|0x0000000741600000, 0x0000000741800000, 0x0000000741800000|100%| O|  |TAMS 0x0000000741600000| PB 0x0000000741600000| Untracked 
|  12|0x0000000741800000, 0x0000000741a00000, 0x0000000741a00000|100%| O|  |TAMS 0x0000000741800000| PB 0x0000000741800000| Untracked 
|  13|0x0000000741a00000, 0x0000000741c00000, 0x0000000741c00000|100%| O|  |TAMS 0x0000000741a00000| PB 0x0000000741a00000| Untracked 
|  14|0x0000000741c00000, 0x0000000741e00000, 0x0000000741e00000|100%| O|  |TAMS 0x0000000741c00000| PB 0x0000000741c00000| Untracked 
|  15|0x0000000741e00000, 0x0000000742000000, 0x0000000742000000|100%| O|  |TAMS 0x0000000741e00000| PB 0x0000000741e00000| Untracked 
|  16|0x0000000742000000, 0x0000000742200000, 0x0000000742200000|100%|HS|  |TAMS 0x0000000742000000| PB 0x0000000742000000| Complete 
|  17|0x0000000742200000, 0x0000000742400000, 0x0000000742400000|100%|HS|  |TAMS 0x0000000742200000| PB 0x0000000742200000| Complete 
|  18|0x0000000742400000, 0x0000000742600000, 0x0000000742600000|100%| O|  |TAMS 0x0000000742400000| PB 0x0000000742400000| Untracked 
|  19|0x0000000742600000, 0x0000000742800000, 0x0000000742800000|100%| O|  |TAMS 0x0000000742600000| PB 0x0000000742600000| Untracked 
|  20|0x0000000742800000, 0x0000000742a00000, 0x0000000742a00000|100%| O|  |TAMS 0x0000000742800000| PB 0x0000000742800000| Untracked 
|  21|0x0000000742a00000, 0x0000000742c00000, 0x0000000742c00000|100%| O|  |TAMS 0x0000000742a00000| PB 0x0000000742a00000| Untracked 
|  22|0x0000000742c00000, 0x0000000742e00000, 0x0000000742e00000|100%|HS|  |TAMS 0x0000000742c00000| PB 0x0000000742c00000| Complete 
|  23|0x0000000742e00000, 0x0000000743000000, 0x0000000743000000|100%|HC|  |TAMS 0x0000000742e00000| PB 0x0000000742e00000| Complete 
|  24|0x0000000743000000, 0x0000000743200000, 0x0000000743200000|100%|HS|  |TAMS 0x0000000743000000| PB 0x0000000743000000| Complete 
|  25|0x0000000743200000, 0x0000000743400000, 0x0000000743400000|100%|HC|  |TAMS 0x0000000743200000| PB 0x0000000743200000| Complete 
|  26|0x0000000743400000, 0x0000000743600000, 0x0000000743600000|100%| O|  |TAMS 0x0000000743400000| PB 0x0000000743400000| Untracked 
|  27|0x0000000743600000, 0x0000000743800000, 0x0000000743800000|100%| O|  |TAMS 0x0000000743600000| PB 0x0000000743600000| Untracked 
|  28|0x0000000743800000, 0x0000000743800000, 0x0000000743a00000|  0%| F|  |TAMS 0x0000000743800000| PB 0x0000000743800000| Untracked 
|  29|0x0000000743a00000, 0x0000000743c00000, 0x0000000743c00000|100%| O|  |TAMS 0x0000000743a00000| PB 0x0000000743a00000| Untracked 
|  30|0x0000000743c00000, 0x0000000743e00000, 0x0000000743e00000|100%| O|  |TAMS 0x0000000743c00000| PB 0x0000000743c00000| Untracked 
|  31|0x0000000743e00000, 0x0000000744000000, 0x0000000744000000|100%| O|  |TAMS 0x0000000743e00000| PB 0x0000000743e00000| Untracked 
|  32|0x0000000744000000, 0x0000000744200000, 0x0000000744200000|100%| O|  |TAMS 0x0000000744000000| PB 0x0000000744000000| Untracked 
|  33|0x0000000744200000, 0x0000000744400000, 0x0000000744400000|100%| O|  |TAMS 0x0000000744200000| PB 0x0000000744200000| Untracked 
|  34|0x0000000744400000, 0x0000000744600000, 0x0000000744600000|100%| O|  |TAMS 0x0000000744400000| PB 0x0000000744400000| Untracked 
|  35|0x0000000744600000, 0x0000000744800000, 0x0000000744800000|100%| O|  |TAMS 0x0000000744600000| PB 0x0000000744600000| Untracked 
|  36|0x0000000744800000, 0x0000000744a00000, 0x0000000744a00000|100%| O|  |TAMS 0x0000000744800000| PB 0x0000000744800000| Untracked 
|  37|0x0000000744a00000, 0x0000000744c00000, 0x0000000744c00000|100%| O|  |TAMS 0x0000000744a00000| PB 0x0000000744a00000| Untracked 
|  38|0x0000000744c00000, 0x0000000744e00000, 0x0000000744e00000|100%| O|  |TAMS 0x0000000744c00000| PB 0x0000000744c00000| Untracked 
|  39|0x0000000744e00000, 0x0000000745000000, 0x0000000745000000|100%| O|  |TAMS 0x0000000744e00000| PB 0x0000000744e00000| Untracked 
|  40|0x0000000745000000, 0x0000000745200000, 0x0000000745200000|100%| O|  |TAMS 0x0000000745000000| PB 0x0000000745000000| Untracked 
|  41|0x0000000745200000, 0x0000000745400000, 0x0000000745400000|100%| O|  |TAMS 0x0000000745200000| PB 0x0000000745200000| Untracked 
|  42|0x0000000745400000, 0x0000000745600000, 0x0000000745600000|100%| O|  |TAMS 0x0000000745400000| PB 0x0000000745400000| Untracked 
|  43|0x0000000745600000, 0x0000000745800000, 0x0000000745800000|100%| O|  |TAMS 0x0000000745600000| PB 0x0000000745600000| Untracked 
|  44|0x0000000745800000, 0x0000000745a00000, 0x0000000745a00000|100%| O|  |TAMS 0x0000000745800000| PB 0x0000000745800000| Untracked 
|  45|0x0000000745a00000, 0x0000000745a00000, 0x0000000745c00000|  0%| F|  |TAMS 0x0000000745a00000| PB 0x0000000745a00000| Untracked 
|  46|0x0000000745c00000, 0x0000000745e00000, 0x0000000745e00000|100%| O|  |TAMS 0x0000000745c00000| PB 0x0000000745c00000| Untracked 
|  47|0x0000000745e00000, 0x0000000746000000, 0x0000000746000000|100%| O|Cm|TAMS 0x0000000745e00000| PB 0x0000000745e00000| Complete 
|  48|0x0000000746000000, 0x0000000746000000, 0x0000000746200000|  0%| F|  |TAMS 0x0000000746000000| PB 0x0000000746000000| Untracked 
|  49|0x0000000746200000, 0x0000000746200000, 0x0000000746400000|  0%| F|  |TAMS 0x0000000746200000| PB 0x0000000746200000| Untracked 
|  50|0x0000000746400000, 0x0000000746400000, 0x0000000746600000|  0%| F|  |TAMS 0x0000000746400000| PB 0x0000000746400000| Untracked 
|  51|0x0000000746600000, 0x0000000746800000, 0x0000000746800000|100%| O|Cm|TAMS 0x0000000746600000| PB 0x0000000746600000| Complete 
|  52|0x0000000746800000, 0x0000000746a00000, 0x0000000746a00000|100%| O|  |TAMS 0x0000000746800000| PB 0x0000000746800000| Untracked 
|  53|0x0000000746a00000, 0x0000000746c00000, 0x0000000746c00000|100%| O|Cm|TAMS 0x0000000746a00000| PB 0x0000000746a00000| Complete 
|  54|0x0000000746c00000, 0x0000000746e00000, 0x0000000746e00000|100%| O|Cm|TAMS 0x0000000746c00000| PB 0x0000000746c00000| Complete 
|  55|0x0000000746e00000, 0x0000000746e00000, 0x0000000747000000|  0%| F|  |TAMS 0x0000000746e00000| PB 0x0000000746e00000| Untracked 
|  56|0x0000000747000000, 0x0000000747000000, 0x0000000747200000|  0%| F|  |TAMS 0x0000000747000000| PB 0x0000000747000000| Untracked 
|  57|0x0000000747200000, 0x0000000747200000, 0x0000000747400000|  0%| F|  |TAMS 0x0000000747200000| PB 0x0000000747200000| Untracked 
|  58|0x0000000747400000, 0x0000000747400000, 0x0000000747600000|  0%| F|  |TAMS 0x0000000747400000| PB 0x0000000747400000| Untracked 
|  59|0x0000000747600000, 0x0000000747800000, 0x0000000747800000|100%| O|  |TAMS 0x0000000747600000| PB 0x0000000747600000| Untracked 
|  60|0x0000000747800000, 0x0000000747a00000, 0x0000000747a00000|100%| O|Cm|TAMS 0x0000000747800000| PB 0x0000000747800000| Complete 
|  61|0x0000000747a00000, 0x0000000747a00000, 0x0000000747c00000|  0%| F|  |TAMS 0x0000000747a00000| PB 0x0000000747a00000| Untracked 
|  62|0x0000000747c00000, 0x0000000747c00000, 0x0000000747e00000|  0%| F|  |TAMS 0x0000000747c00000| PB 0x0000000747c00000| Untracked 
|  63|0x0000000747e00000, 0x0000000748000000, 0x0000000748000000|100%| O|Cm|TAMS 0x0000000747e00000| PB 0x0000000747e00000| Complete 
|  64|0x0000000748000000, 0x0000000748200000, 0x0000000748200000|100%| O|Cm|TAMS 0x0000000748000000| PB 0x0000000748000000| Complete 
|  65|0x0000000748200000, 0x0000000748400000, 0x0000000748400000|100%| O|Cm|TAMS 0x0000000748200000| PB 0x0000000748200000| Complete 
|  66|0x0000000748400000, 0x000000074851b110, 0x0000000748600000| 55%| O|  |TAMS 0x0000000748400000| PB 0x0000000748400000| Untracked 
|  67|0x0000000748600000, 0x0000000748600000, 0x0000000748800000|  0%| F|  |TAMS 0x0000000748600000| PB 0x0000000748600000| Untracked 
|  68|0x0000000748800000, 0x0000000748800000, 0x0000000748a00000|  0%| F|  |TAMS 0x0000000748800000| PB 0x0000000748800000| Untracked 
|  69|0x0000000748a00000, 0x0000000748a00000, 0x0000000748c00000|  0%| F|  |TAMS 0x0000000748a00000| PB 0x0000000748a00000| Untracked 
|  70|0x0000000748c00000, 0x0000000748c00000, 0x0000000748e00000|  0%| F|  |TAMS 0x0000000748c00000| PB 0x0000000748c00000| Untracked 
|  71|0x0000000748e00000, 0x0000000748e00000, 0x0000000749000000|  0%| F|  |TAMS 0x0000000748e00000| PB 0x0000000748e00000| Untracked 
|  72|0x0000000749000000, 0x0000000749000000, 0x0000000749200000|  0%| F|  |TAMS 0x0000000749000000| PB 0x0000000749000000| Untracked 
|  73|0x0000000749200000, 0x0000000749200000, 0x0000000749400000|  0%| F|  |TAMS 0x0000000749200000| PB 0x0000000749200000| Untracked 
|  74|0x0000000749400000, 0x0000000749400000, 0x0000000749600000|  0%| F|  |TAMS 0x0000000749400000| PB 0x0000000749400000| Untracked 
|  75|0x0000000749600000, 0x00000007497835a0, 0x0000000749800000| 75%| S|CS|TAMS 0x0000000749600000| PB 0x0000000749600000| Complete 
|  76|0x0000000749800000, 0x0000000749a00000, 0x0000000749a00000|100%| S|CS|TAMS 0x0000000749800000| PB 0x0000000749800000| Complete 
|  77|0x0000000749a00000, 0x0000000749c00000, 0x0000000749c00000|100%| S|CS|TAMS 0x0000000749a00000| PB 0x0000000749a00000| Complete 
|  78|0x0000000749c00000, 0x0000000749c00000, 0x0000000749e00000|  0%| F|  |TAMS 0x0000000749c00000| PB 0x0000000749c00000| Untracked 
|  79|0x0000000749e00000, 0x0000000749e00000, 0x000000074a000000|  0%| F|  |TAMS 0x0000000749e00000| PB 0x0000000749e00000| Untracked 
|  80|0x000000074a000000, 0x000000074a000000, 0x000000074a200000|  0%| F|  |TAMS 0x000000074a000000| PB 0x000000074a000000| Untracked 
|  81|0x000000074a200000, 0x000000074a200000, 0x000000074a400000|  0%| F|  |TAMS 0x000000074a200000| PB 0x000000074a200000| Untracked 
|  82|0x000000074a400000, 0x000000074a400000, 0x000000074a600000|  0%| F|  |TAMS 0x000000074a400000| PB 0x000000074a400000| Untracked 
|  83|0x000000074a600000, 0x000000074a600000, 0x000000074a800000|  0%| F|  |TAMS 0x000000074a600000| PB 0x000000074a600000| Untracked 
|  84|0x000000074a800000, 0x000000074a800000, 0x000000074aa00000|  0%| F|  |TAMS 0x000000074a800000| PB 0x000000074a800000| Untracked 
|  85|0x000000074aa00000, 0x000000074aa00000, 0x000000074ac00000|  0%| F|  |TAMS 0x000000074aa00000| PB 0x000000074aa00000| Untracked 
|  86|0x000000074ac00000, 0x000000074ac00000, 0x000000074ae00000|  0%| F|  |TAMS 0x000000074ac00000| PB 0x000000074ac00000| Untracked 
|  87|0x000000074ae00000, 0x000000074ae00000, 0x000000074b000000|  0%| F|  |TAMS 0x000000074ae00000| PB 0x000000074ae00000| Untracked 
|  88|0x000000074b000000, 0x000000074b000000, 0x000000074b200000|  0%| F|  |TAMS 0x000000074b000000| PB 0x000000074b000000| Untracked 
|  89|0x000000074b200000, 0x000000074b200000, 0x000000074b400000|  0%| F|  |TAMS 0x000000074b200000| PB 0x000000074b200000| Untracked 
|  90|0x000000074b400000, 0x000000074b51a910, 0x000000074b600000| 55%| E|  |TAMS 0x000000074b400000| PB 0x000000074b400000| Complete 
|  91|0x000000074b600000, 0x000000074b800000, 0x000000074b800000|100%| E|CS|TAMS 0x000000074b600000| PB 0x000000074b600000| Complete 
|  92|0x000000074b800000, 0x000000074ba00000, 0x000000074ba00000|100%| E|CS|TAMS 0x000000074b800000| PB 0x000000074b800000| Complete 
|  93|0x000000074ba00000, 0x000000074bc00000, 0x000000074bc00000|100%| E|CS|TAMS 0x000000074ba00000| PB 0x000000074ba00000| Complete 
|  94|0x000000074bc00000, 0x000000074be00000, 0x000000074be00000|100%| E|CS|TAMS 0x000000074bc00000| PB 0x000000074bc00000| Complete 
|  95|0x000000074be00000, 0x000000074c000000, 0x000000074c000000|100%| E|CS|TAMS 0x000000074be00000| PB 0x000000074be00000| Complete 
|  96|0x000000074c000000, 0x000000074c200000, 0x000000074c200000|100%| E|CS|TAMS 0x000000074c000000| PB 0x000000074c000000| Complete 
|  97|0x000000074c200000, 0x000000074c400000, 0x000000074c400000|100%| E|CS|TAMS 0x000000074c200000| PB 0x000000074c200000| Complete 
|  98|0x000000074c400000, 0x000000074c600000, 0x000000074c600000|100%| E|CS|TAMS 0x000000074c400000| PB 0x000000074c400000| Complete 
|  99|0x000000074c600000, 0x000000074c800000, 0x000000074c800000|100%| E|CS|TAMS 0x000000074c600000| PB 0x000000074c600000| Complete 
| 100|0x000000074c800000, 0x000000074ca00000, 0x000000074ca00000|100%| E|CS|TAMS 0x000000074c800000| PB 0x000000074c800000| Complete 
| 101|0x000000074ca00000, 0x000000074cc00000, 0x000000074cc00000|100%| E|CS|TAMS 0x000000074ca00000| PB 0x000000074ca00000| Complete 
| 102|0x000000074cc00000, 0x000000074ce00000, 0x000000074ce00000|100%| E|CS|TAMS 0x000000074cc00000| PB 0x000000074cc00000| Complete 
| 103|0x000000074ce00000, 0x000000074d000000, 0x000000074d000000|100%| E|CS|TAMS 0x000000074ce00000| PB 0x000000074ce00000| Complete 
| 104|0x000000074d000000, 0x000000074d200000, 0x000000074d200000|100%| E|CS|TAMS 0x000000074d000000| PB 0x000000074d000000| Complete 
| 105|0x000000074d200000, 0x000000074d400000, 0x000000074d400000|100%| E|CS|TAMS 0x000000074d200000| PB 0x000000074d200000| Complete 
| 106|0x000000074d400000, 0x000000074d600000, 0x000000074d600000|100%| E|CS|TAMS 0x000000074d400000| PB 0x000000074d400000| Complete 
| 107|0x000000074d600000, 0x000000074d800000, 0x000000074d800000|100%| E|CS|TAMS 0x000000074d600000| PB 0x000000074d600000| Complete 
| 108|0x000000074d800000, 0x000000074da00000, 0x000000074da00000|100%| E|CS|TAMS 0x000000074d800000| PB 0x000000074d800000| Complete 
| 109|0x000000074da00000, 0x000000074dc00000, 0x000000074dc00000|100%| E|CS|TAMS 0x000000074da00000| PB 0x000000074da00000| Complete 
| 110|0x000000074dc00000, 0x000000074de00000, 0x000000074de00000|100%| E|CS|TAMS 0x000000074dc00000| PB 0x000000074dc00000| Complete 
| 111|0x000000074de00000, 0x000000074e000000, 0x000000074e000000|100%| E|CS|TAMS 0x000000074de00000| PB 0x000000074de00000| Complete 
| 112|0x000000074e000000, 0x000000074e200000, 0x000000074e200000|100%| E|CS|TAMS 0x000000074e000000| PB 0x000000074e000000| Complete 
| 113|0x000000074e200000, 0x000000074e400000, 0x000000074e400000|100%| E|CS|TAMS 0x000000074e200000| PB 0x000000074e200000| Complete 
| 114|0x000000074e400000, 0x000000074e600000, 0x000000074e600000|100%| E|CS|TAMS 0x000000074e400000| PB 0x000000074e400000| Complete 
| 115|0x000000074e600000, 0x000000074e800000, 0x000000074e800000|100%| E|CS|TAMS 0x000000074e600000| PB 0x000000074e600000| Complete 
| 116|0x000000074e800000, 0x000000074ea00000, 0x000000074ea00000|100%| E|CS|TAMS 0x000000074e800000| PB 0x000000074e800000| Complete 
| 117|0x000000074ea00000, 0x000000074ec00000, 0x000000074ec00000|100%| E|CS|TAMS 0x000000074ea00000| PB 0x000000074ea00000| Complete 
| 118|0x000000074ec00000, 0x000000074ee00000, 0x000000074ee00000|100%| E|CS|TAMS 0x000000074ec00000| PB 0x000000074ec00000| Complete 
| 119|0x000000074ee00000, 0x000000074f000000, 0x000000074f000000|100%| E|CS|TAMS 0x000000074ee00000| PB 0x000000074ee00000| Complete 
| 120|0x000000074f000000, 0x000000074f200000, 0x000000074f200000|100%| E|CS|TAMS 0x000000074f000000| PB 0x000000074f000000| Complete 
| 121|0x000000074f200000, 0x000000074f400000, 0x000000074f400000|100%| E|CS|TAMS 0x000000074f200000| PB 0x000000074f200000| Complete 
| 122|0x000000074f400000, 0x000000074f600000, 0x000000074f600000|100%| E|CS|TAMS 0x000000074f400000| PB 0x000000074f400000| Complete 
| 123|0x000000074f600000, 0x000000074f800000, 0x000000074f800000|100%| E|CS|TAMS 0x000000074f600000| PB 0x000000074f600000| Complete 
| 124|0x000000074f800000, 0x000000074fa00000, 0x000000074fa00000|100%| E|CS|TAMS 0x000000074f800000| PB 0x000000074f800000| Complete 
| 125|0x000000074fa00000, 0x000000074fc00000, 0x000000074fc00000|100%| E|CS|TAMS 0x000000074fa00000| PB 0x000000074fa00000| Complete 
| 126|0x000000074fc00000, 0x000000074fe00000, 0x000000074fe00000|100%| E|CS|TAMS 0x000000074fc00000| PB 0x000000074fc00000| Complete 
| 127|0x000000074fe00000, 0x0000000750000000, 0x0000000750000000|100%| E|CS|TAMS 0x000000074fe00000| PB 0x000000074fe00000| Complete 
| 128|0x0000000750000000, 0x0000000750200000, 0x0000000750200000|100%| E|CS|TAMS 0x0000000750000000| PB 0x0000000750000000| Complete 
|1528|0x00000007ff000000, 0x00000007ff200000, 0x00000007ff200000|100%| O|Cm|TAMS 0x00000007ff000000| PB 0x00000007ff000000| Complete 
|1529|0x00000007ff200000, 0x00000007ff400000, 0x00000007ff400000|100%| E|CS|TAMS 0x00000007ff200000| PB 0x00000007ff200000| Complete 
|1530|0x00000007ff400000, 0x00000007ff600000, 0x00000007ff600000|100%| E|CS|TAMS 0x00000007ff400000| PB 0x00000007ff400000| Complete 
|1531|0x00000007ff600000, 0x00000007ff800000, 0x00000007ff800000|100%| E|CS|TAMS 0x00000007ff600000| PB 0x00000007ff600000| Complete 
|1532|0x00000007ff800000, 0x00000007ffa00000, 0x00000007ffa00000|100%| E|CS|TAMS 0x00000007ff800000| PB 0x00000007ff800000| Complete 
|1533|0x00000007ffa00000, 0x00000007ffc00000, 0x00000007ffc00000|100%| E|CS|TAMS 0x00000007ffa00000| PB 0x00000007ffa00000| Complete 
|1534|0x00000007ffc00000, 0x00000007ffe00000, 0x00000007ffe00000|100%| O|  |TAMS 0x00000007ffc00000| PB 0x00000007ffc00000| Untracked 
|1535|0x00000007ffe00000, 0x0000000800000000, 0x0000000800000000|100%| O|  |TAMS 0x00000007ffe00000| PB 0x00000007ffe00000| Untracked 

Card table byte_map: [0x0000024ab6350000,0x0000024ab6950000] _byte_map_base: 0x0000024ab2950000

Marking Bits: (CMBitMap*) 0x0000024aa3885220
 Bits: [0x0000024ab6950000, 0x0000024ab9950000)

Polling page: 0x0000024aa2fe0000

Metaspace:

Usage:
  Non-class:     88.90 MB used.
      Class:     13.75 MB used.
       Both:    102.65 MB used.

Virtual space:
  Non-class space:      128.00 MB reserved,      90.00 MB ( 70%) committed,  2 nodes.
      Class space:        1.00 GB reserved,      14.88 MB (  1%) committed,  1 nodes.
             Both:        1.12 GB reserved,     104.88 MB (  9%) committed. 

Chunk freelists:
   Non-Class:  5.31 MB
       Class:  1.18 MB
        Both:  6.50 MB

MaxMetaspaceSize: unlimited
CompressedClassSpaceSize: 1.00 GB
Initial GC threshold: 21.00 MB
Current GC threshold: 174.19 MB
CDS: on
 - commit_granule_bytes: 65536.
 - commit_granule_words: 8192.
 - virtual_space_node_default_size: 8388608.
 - enlarge_chunks_in_place: 1.
 - use_allocation_guard: 0.


Internal statistics:

num_allocs_failed_limit: 9.
num_arena_births: 4176.
num_arena_deaths: 0.
num_vsnodes_births: 3.
num_vsnodes_deaths: 0.
num_space_committed: 1676.
num_space_uncommitted: 0.
num_chunks_returned_to_freelist: 9.
num_chunks_taken_from_freelist: 9145.
num_chunk_merges: 6.
num_chunk_splits: 5940.
num_chunks_enlarged: 3663.
num_inconsistent_stats: 0.

CodeHeap 'non-profiled nmethods': size=120000Kb used=12956Kb max_used=12956Kb free=107043Kb
 bounds [0x0000024aae4f0000, 0x0000024aaf1a0000, 0x0000024ab5a20000]
CodeHeap 'profiled nmethods': size=120000Kb used=31760Kb max_used=31760Kb free=88239Kb
 bounds [0x0000024aa6a20000, 0x0000024aa8930000, 0x0000024aadf50000]
CodeHeap 'non-nmethods': size=5760Kb used=1999Kb max_used=2071Kb free=3760Kb
 bounds [0x0000024aadf50000, 0x0000024aae1c0000, 0x0000024aae4f0000]
CodeCache: size=245760Kb, used=46715Kb, max_used=46787Kb, free=199042Kb
 total_blobs=17780, nmethods=16922, adapters=761, full_count=0
Compilation: enabled, stopped_count=0, restarted_count=0

Compilation events (20 events):
Event: 1413.649 Thread 0x0000024abc394800 nmethod 19752 0x0000024aa890f590 code [0x0000024aa890f760, 0x0000024aa890fa88]
Event: 1413.660 Thread 0x0000024abc394800 19753       3       com.android.ide.common.repository.GradleVersion$VersionSegment::hashCode (15 bytes)
Event: 1413.660 Thread 0x0000024abc394800 nmethod 19753 0x0000024aa890fc10 code [0x0000024aa890fde0, 0x0000024aa89101a0]
Event: 1413.663 Thread 0x0000024abc394800 19754       2       java.util.TimSort::countRunAndMakeAscending (128 bytes)
Event: 1413.664 Thread 0x0000024abc394800 nmethod 19754 0x0000024aa8910290 code [0x0000024aa8910480, 0x0000024aa89108a0]
Event: 1413.673 Thread 0x0000024abc394800 19756       3       org.gradle.api.internal.MutationGuards$1::assertMutationAllowed (1 bytes)
Event: 1413.673 Thread 0x0000024abc394800 nmethod 19756 0x0000024aa8910b10 code [0x0000024aa8910ca0, 0x0000024aa8910da8]
Event: 1413.676 Thread 0x0000024abc394800 19757       3       com.android.build.gradle.internal.component.ComponentCreationConfig::getBuiltInKotlincOutput (35 bytes)
Event: 1413.676 Thread 0x0000024abc394800 nmethod 19757 0x0000024aa8910e10 code [0x0000024aa8911040, 0x0000024aa8911700]
Event: 1413.676 Thread 0x0000024abc394800 19758       3       com.android.build.gradle.internal.AndroidJarInput_Decorated::$gradleFactory (13 bytes)
Event: 1413.676 Thread 0x0000024abc394800 nmethod 19758 0x0000024aa8911990 code [0x0000024aa8911b40, 0x0000024aa8911ce0]
Event: 1413.677 Thread 0x0000024abc394800 19759       3       org.gradle.api.tasks.compile.AbstractOptions::<init> (5 bytes)
Event: 1413.677 Thread 0x0000024abc394800 nmethod 19759 0x0000024aa8911d90 code [0x0000024aa8911f40, 0x0000024aa89120a8]
Event: 1413.677 Thread 0x0000024abc394800 19760       3       org.gradle.api.tasks.compile.CompileOptions_Decorated::getCompilerArgumentProviders (47 bytes)
Event: 1413.678 Thread 0x0000024abc394800 nmethod 19760 0x0000024aa8912190 code [0x0000024aa89123c0, 0x0000024aa8912b28]
Event: 1413.678 Thread 0x0000024abc394800 19761       3       org.jetbrains.kotlin.gradle.tasks.KotlinCompile$sam$org_gradle_api_Action$0::<init> (16 bytes)
Event: 1413.679 Thread 0x0000024abc394800 nmethod 19761 0x0000024aa8912d10 code [0x0000024aa8912f40, 0x0000024aa89135a8]
Event: 1413.679 Thread 0x0000024abc394800 19762       3       org.gradle.api.internal.file.AbstractFileTree::matching (26 bytes)
Event: 1413.679 Thread 0x0000024abc394800 nmethod 19762 0x0000024aa8913810 code [0x0000024aa89139e0, 0x0000024aa8913dd8]
Event: 1413.679 Thread 0x0000024abc394800 19763       3       org.jetbrains.kotlin.gradle.tasks.configuration.AbstractKotlinCompileConfig::getKotlinBuildDir (48 bytes)

GC Heap History (20 events):
Event: 46.338 GC heap before
{Heap before GC invocations=32 (full 0):
 garbage-first heap   total 202752K, used 179526K [0x0000000740000000, 0x0000000800000000)
  region size 2048K, 34 young (69632K), 5 survivors (10240K)
 Metaspace       used 102902K, committed 105088K, reserved 1179648K
  class space    used 14017K, committed 15104K, reserved 1048576K
}
Event: 46.386 GC heap after
{Heap after GC invocations=33 (full 0):
 garbage-first heap   total 202752K, used 129505K [0x0000000740000000, 0x0000000800000000)
  region size 2048K, 5 young (10240K), 5 survivors (10240K)
 Metaspace       used 102902K, committed 105088K, reserved 1179648K
  class space    used 14017K, committed 15104K, reserved 1048576K
}
Event: 47.770 GC heap before
{Heap before GC invocations=33 (full 0):
 garbage-first heap   total 202752K, used 182753K [0x0000000740000000, 0x0000000800000000)
  region size 2048K, 31 young (63488K), 5 survivors (10240K)
 Metaspace       used 103083K, committed 105280K, reserved 1179648K
  class space    used 14020K, committed 15104K, reserved 1048576K
}
Event: 47.800 GC heap after
{Heap after GC invocations=34 (full 0):
 garbage-first heap   total 204800K, used 135840K [0x0000000740000000, 0x0000000800000000)
  region size 2048K, 4 young (8192K), 4 survivors (8192K)
 Metaspace       used 103083K, committed 105280K, reserved 1179648K
  class space    used 14020K, committed 15104K, reserved 1048576K
}
Event: 49.099 GC heap before
{Heap before GC invocations=34 (full 0):
 garbage-first heap   total 204800K, used 182944K [0x0000000740000000, 0x0000000800000000)
  region size 2048K, 28 young (57344K), 4 survivors (8192K)
 Metaspace       used 103189K, committed 105408K, reserved 1179648K
  class space    used 14022K, committed 15104K, reserved 1048576K
}
Event: 49.123 GC heap after
{Heap after GC invocations=35 (full 0):
 garbage-first heap   total 204800K, used 143224K [0x0000000740000000, 0x0000000800000000)
  region size 2048K, 4 young (8192K), 4 survivors (8192K)
 Metaspace       used 103189K, committed 105408K, reserved 1179648K
  class space    used 14022K, committed 15104K, reserved 1048576K
}
Event: 50.490 GC heap before
{Heap before GC invocations=36 (full 0):
 garbage-first heap   total 233472K, used 178040K [0x0000000740000000, 0x0000000800000000)
  region size 2048K, 24 young (49152K), 4 survivors (8192K)
 Metaspace       used 103308K, committed 105472K, reserved 1179648K
  class space    used 14025K, committed 15104K, reserved 1048576K
}
Event: 50.541 GC heap after
{Heap after GC invocations=37 (full 0):
 garbage-first heap   total 233472K, used 143634K [0x0000000740000000, 0x0000000800000000)
  region size 2048K, 3 young (6144K), 3 survivors (6144K)
 Metaspace       used 103308K, committed 105472K, reserved 1179648K
  class space    used 14025K, committed 15104K, reserved 1048576K
}
Event: 52.391 GC heap before
{Heap before GC invocations=37 (full 0):
 garbage-first heap   total 233472K, used 205074K [0x0000000740000000, 0x0000000800000000)
  region size 2048K, 33 young (67584K), 3 survivors (6144K)
 Metaspace       used 103485K, committed 105664K, reserved 1179648K
  class space    used 14032K, committed 15104K, reserved 1048576K
}
Event: 52.418 GC heap after
{Heap after GC invocations=38 (full 0):
 garbage-first heap   total 280576K, used 134315K [0x0000000740000000, 0x0000000800000000)
  region size 2048K, 3 young (6144K), 3 survivors (6144K)
 Metaspace       used 103485K, committed 105664K, reserved 1179648K
  class space    used 14032K, committed 15104K, reserved 1048576K
}
Event: 654.868 GC heap before
{Heap before GC invocations=38 (full 0):
 garbage-first heap   total 280576K, used 234667K [0x0000000740000000, 0x0000000800000000)
  region size 2048K, 52 young (106496K), 3 survivors (6144K)
 Metaspace       used 103860K, committed 105984K, reserved 1179648K
  class space    used 14037K, committed 15104K, reserved 1048576K
}
Event: 654.879 GC heap after
{Heap after GC invocations=39 (full 0):
 garbage-first heap   total 280576K, used 136730K [0x0000000740000000, 0x0000000800000000)
  region size 2048K, 4 young (8192K), 4 survivors (8192K)
 Metaspace       used 103860K, committed 105984K, reserved 1179648K
  class space    used 14037K, committed 15104K, reserved 1048576K
}
Event: 658.128 GC heap before
{Heap before GC invocations=39 (full 0):
 garbage-first heap   total 280576K, used 237082K [0x0000000740000000, 0x0000000800000000)
  region size 2048K, 54 young (110592K), 4 survivors (8192K)
 Metaspace       used 104192K, committed 106432K, reserved 1179648K
  class space    used 14050K, committed 15168K, reserved 1048576K
}
Event: 658.135 GC heap after
{Heap after GC invocations=40 (full 0):
 garbage-first heap   total 280576K, used 134575K [0x0000000740000000, 0x0000000800000000)
  region size 2048K, 3 young (6144K), 3 survivors (6144K)
 Metaspace       used 104192K, committed 106432K, reserved 1179648K
  class space    used 14050K, committed 15168K, reserved 1048576K
}
Event: 663.111 GC heap before
{Heap before GC invocations=40 (full 0):
 garbage-first heap   total 280576K, used 245167K [0x0000000740000000, 0x0000000800000000)
  region size 2048K, 57 young (116736K), 3 survivors (6144K)
 Metaspace       used 104484K, committed 106688K, reserved 1179648K
  class space    used 14063K, committed 15168K, reserved 1048576K
}
Event: 663.115 GC heap after
{Heap after GC invocations=41 (full 0):
 garbage-first heap   total 280576K, used 131907K [0x0000000740000000, 0x0000000800000000)
  region size 2048K, 1 young (2048K), 1 survivors (2048K)
 Metaspace       used 104484K, committed 106688K, reserved 1179648K
  class space    used 14063K, committed 15168K, reserved 1048576K
}
Event: 1382.661 GC heap before
{Heap before GC invocations=41 (full 0):
 garbage-first heap   total 280576K, used 250691K [0x0000000740000000, 0x0000000800000000)
  region size 2048K, 59 young (120832K), 1 survivors (2048K)
 Metaspace       used 104758K, committed 107008K, reserved 1179648K
  class space    used 14079K, committed 15168K, reserved 1048576K
}
Event: 1382.665 GC heap after
{Heap after GC invocations=42 (full 0):
 garbage-first heap   total 280576K, used 136821K [0x0000000740000000, 0x0000000800000000)
  region size 2048K, 4 young (8192K), 4 survivors (8192K)
 Metaspace       used 104758K, committed 107008K, reserved 1179648K
  class space    used 14079K, committed 15168K, reserved 1048576K
}
Event: 1412.892 GC heap before
{Heap before GC invocations=43 (full 0):
 garbage-first heap   total 280576K, used 241269K [0x0000000740000000, 0x0000000800000000)
  region size 2048K, 60 young (122880K), 4 survivors (8192K)
 Metaspace       used 104993K, committed 107264K, reserved 1179648K
  class space    used 14084K, committed 15232K, reserved 1048576K
}
Event: 1412.896 GC heap after
{Heap after GC invocations=44 (full 0):
 garbage-first heap   total 280576K, used 125468K [0x0000000740000000, 0x0000000800000000)
  region size 2048K, 3 young (6144K), 3 survivors (6144K)
 Metaspace       used 104993K, committed 107264K, reserved 1179648K
  class space    used 14084K, committed 15232K, reserved 1048576K
}

Dll operation events (14 events):
Event: 0.022 Loaded shared library C:\Users\shiva\.antigravity\extensions\redhat.java-1.53.0-win32-x64\jre\21.0.10-win32-x86_64\bin\java.dll
Event: 0.134 Loaded shared library C:\Users\shiva\.antigravity\extensions\redhat.java-1.53.0-win32-x64\jre\21.0.10-win32-x86_64\bin\zip.dll
Event: 0.186 Loaded shared library C:\Users\shiva\.antigravity\extensions\redhat.java-1.53.0-win32-x64\jre\21.0.10-win32-x86_64\bin\instrument.dll
Event: 0.196 Loaded shared library C:\Users\shiva\.antigravity\extensions\redhat.java-1.53.0-win32-x64\jre\21.0.10-win32-x86_64\bin\net.dll
Event: 0.213 Loaded shared library C:\Users\shiva\.antigravity\extensions\redhat.java-1.53.0-win32-x64\jre\21.0.10-win32-x86_64\bin\nio.dll
Event: 0.241 Loaded shared library C:\Users\shiva\.antigravity\extensions\redhat.java-1.53.0-win32-x64\jre\21.0.10-win32-x86_64\bin\zip.dll
Event: 0.730 Loaded shared library C:\Users\shiva\.antigravity\extensions\redhat.java-1.53.0-win32-x64\jre\21.0.10-win32-x86_64\bin\jimage.dll
Event: 0.834 Loaded shared library C:\Users\shiva\.antigravity\extensions\redhat.java-1.53.0-win32-x64\jre\21.0.10-win32-x86_64\bin\verify.dll
Event: 1.137 Loaded shared library C:\Users\shiva\.gradle\native\c067742578af261105cb4f569cf0c3c89f3d7b1fecec35dd04571415982c5e48\windows-amd64\native-platform.dll
Event: 1.146 Loaded shared library C:\Users\shiva\.gradle\native\38dada09dfb8b06ba9b0570ebf7e218e3eb74d4ef43ca46872605cf95ebc2f47\windows-amd64\native-platform-file-events.dll
Event: 2.463 Loaded shared library C:\Users\shiva\.antigravity\extensions\redhat.java-1.53.0-win32-x64\jre\21.0.10-win32-x86_64\bin\management.dll
Event: 2.466 Loaded shared library C:\Users\shiva\.antigravity\extensions\redhat.java-1.53.0-win32-x64\jre\21.0.10-win32-x86_64\bin\management_ext.dll
Event: 2.681 Loaded shared library C:\Users\shiva\.antigravity\extensions\redhat.java-1.53.0-win32-x64\jre\21.0.10-win32-x86_64\bin\extnet.dll
Event: 3.320 Loaded shared library C:\Users\shiva\.antigravity\extensions\redhat.java-1.53.0-win32-x64\jre\21.0.10-win32-x86_64\bin\sunmscapi.dll

Deoptimization events (20 events):
Event: 1412.593 Thread 0x0000024a871f5e80 DEOPT PACKING pc=0x0000024aaf146b60 sp=0x0000004eeeffe930
Event: 1412.593 Thread 0x0000024a871f5e80 DEOPT UNPACKING pc=0x0000024aadfa4422 sp=0x0000004eeeffe8d0 mode 2
Event: 1412.598 Thread 0x0000024a871f85e0 Uncommon trap: trap_request=0xffffffbe fr.pc=0x0000024aaf146b60 relative=0x0000000000000580
Event: 1412.598 Thread 0x0000024a871f85e0 Uncommon trap: reason=profile_predicate action=maybe_recompile pc=0x0000024aaf146b60 method=java.util.concurrent.CopyOnWriteArrayList.indexOfRange(Ljava/lang/Object;[Ljava/lang/Object;II)I @ 38 c2
Event: 1412.598 Thread 0x0000024a871f85e0 DEOPT PACKING pc=0x0000024aaf146b60 sp=0x0000004ef0dfe840
Event: 1412.598 Thread 0x0000024a871f85e0 DEOPT UNPACKING pc=0x0000024aadfa4422 sp=0x0000004ef0dfe7e0 mode 2
Event: 1412.599 Thread 0x0000024a871f85e0 Uncommon trap: trap_request=0xffffffbe fr.pc=0x0000024aaf146b60 relative=0x0000000000000580
Event: 1412.599 Thread 0x0000024a871f85e0 Uncommon trap: reason=profile_predicate action=maybe_recompile pc=0x0000024aaf146b60 method=java.util.concurrent.CopyOnWriteArrayList.indexOfRange(Ljava/lang/Object;[Ljava/lang/Object;II)I @ 38 c2
Event: 1412.599 Thread 0x0000024a871f85e0 DEOPT PACKING pc=0x0000024aaf146b60 sp=0x0000004ef0dfd740
Event: 1412.599 Thread 0x0000024a871f85e0 DEOPT UNPACKING pc=0x0000024aadfa4422 sp=0x0000004ef0dfd6e0 mode 2
Event: 1412.810 Thread 0x0000024a871f85e0 DEOPT PACKING pc=0x0000024aa80868d7 sp=0x0000004ef0df8410
Event: 1412.810 Thread 0x0000024a871f85e0 DEOPT UNPACKING pc=0x0000024aadfa4bc2 sp=0x0000004ef0df77a8 mode 0
Event: 1413.191 Thread 0x0000024afe4baf20 Uncommon trap: trap_request=0xffffff45 fr.pc=0x0000024aaec19658 relative=0x0000000000000298
Event: 1413.191 Thread 0x0000024afe4baf20 Uncommon trap: reason=unstable_if action=reinterpret pc=0x0000024aaec19658 method=java.util.concurrent.locks.AbstractQueuedSynchronizer.tryInitializeHead()Ljava/util/concurrent/locks/AbstractQueuedSynchronizer$Node; @ 56 c2
Event: 1413.191 Thread 0x0000024afe4baf20 DEOPT PACKING pc=0x0000024aaec19658 sp=0x0000004ef0fff220
Event: 1413.191 Thread 0x0000024afe4baf20 DEOPT UNPACKING pc=0x0000024aadfa4422 sp=0x0000004ef0fff1c0 mode 2
Event: 1413.590 Thread 0x0000024a871f85e0 Uncommon trap: trap_request=0xffffff76 fr.pc=0x0000024aaf180200 relative=0x0000000000000520
Event: 1413.590 Thread 0x0000024a871f85e0 Uncommon trap: reason=predicate action=maybe_recompile pc=0x0000024aaf180200 method=java.util.TimSort.reverseRange([Ljava/lang/Object;II)V @ 5 c2
Event: 1413.590 Thread 0x0000024a871f85e0 DEOPT PACKING pc=0x0000024aaf180200 sp=0x0000004ef0df91c0
Event: 1413.590 Thread 0x0000024a871f85e0 DEOPT UNPACKING pc=0x0000024aadfa4422 sp=0x0000004ef0df90f8 mode 2

Classes loaded (20 events):
Event: 35.326 Loading class javax/crypto/JceSecurity$3
Event: 35.326 Loading class javax/crypto/JceSecurity$3 done
Event: 35.326 Loading class javax/crypto/ProviderVerifier
Event: 35.326 Loading class javax/crypto/ProviderVerifier done
Event: 35.512 Loading class java/security/cert/CertificateEncodingException
Event: 35.512 Loading class java/security/cert/CertificateEncodingException done
Event: 35.958 Loading class java/text/MessageFormat
Event: 35.959 Loading class java/text/MessageFormat done
Event: 35.959 Loading class java/text/MessageFormat$Field
Event: 35.959 Loading class java/text/MessageFormat$Field done
Event: 36.215 Loading class java/lang/Short$ShortCache
Event: 36.216 Loading class java/lang/Short$ShortCache done
Event: 36.437 Loading class java/net/UrlDeserializedState
Event: 36.437 Loading class java/net/UrlDeserializedState done
Event: 36.438 Loading class java/net/Proxy
Event: 36.439 Loading class java/net/Proxy done
Event: 36.449 Loading class java/util/concurrent/CompletableFuture$AsyncRun
Event: 36.449 Loading class java/util/concurrent/CompletableFuture$AsyncRun done
Event: 36.955 Loading class jdk/internal/math/FormattedFPDecimal
Event: 36.955 Loading class jdk/internal/math/FormattedFPDecimal done

Classes unloaded (0 events):
No events

Classes redefined (0 events):
No events

Internal exceptions (20 events):
Event: 1383.011 Thread 0x0000024a871f85e0 Exception <a 'sun/nio/fs/WindowsException'{0x000000074e88c7b0}> (0x000000074e88c7b0) 
thrown [s\src\hotspot\share\prims\jni.cpp, line 520]
Event: 1383.335 Thread 0x0000024a871f85e0 Exception <a 'sun/nio/fs/WindowsException'{0x000000074c9102d0}> (0x000000074c9102d0) 
thrown [s\src\hotspot\share\prims\jni.cpp, line 520]
Event: 1383.436 Thread 0x0000024afe4bd680 Exception <a 'sun/nio/fs/WindowsException'{0x000000074bf109d8}> (0x000000074bf109d8) 
thrown [s\src\hotspot\share\prims\jni.cpp, line 520]
Event: 1412.625 Thread 0x0000024a871f85e0 Exception <a 'sun/nio/fs/WindowsException'{0x000000074bb319f0}> (0x000000074bb319f0) 
thrown [s\src\hotspot\share\prims\jni.cpp, line 520]
Event: 1412.626 Thread 0x0000024a871f85e0 Exception <a 'sun/nio/fs/WindowsException'{0x000000074bb32ea8}> (0x000000074bb32ea8) 
thrown [s\src\hotspot\share\prims\jni.cpp, line 520]
Event: 1412.626 Thread 0x0000024a871f85e0 Exception <a 'sun/nio/fs/WindowsException'{0x000000074bb34350}> (0x000000074bb34350) 
thrown [s\src\hotspot\share\prims\jni.cpp, line 520]
Event: 1412.626 Thread 0x0000024a871f85e0 Exception <a 'sun/nio/fs/WindowsException'{0x000000074bb357d8}> (0x000000074bb357d8) 
thrown [s\src\hotspot\share\prims\jni.cpp, line 520]
Event: 1412.683 Thread 0x0000024a871f85e0 Exception <a 'sun/nio/fs/WindowsException'{0x000000074b1f4140}> (0x000000074b1f4140) 
thrown [s\src\hotspot\share\prims\jni.cpp, line 520]
Event: 1412.684 Thread 0x0000024a871f85e0 Exception <a 'sun/nio/fs/WindowsException'{0x000000074b1f5938}> (0x000000074b1f5938) 
thrown [s\src\hotspot\share\prims\jni.cpp, line 520]
Event: 1412.684 Thread 0x0000024a871f85e0 Exception <a 'sun/nio/fs/WindowsException'{0x000000074b1f99a8}> (0x000000074b1f99a8) 
thrown [s\src\hotspot\share\prims\jni.cpp, line 520]
Event: 1413.061 Thread 0x0000024a871f85e0 Exception <a 'sun/nio/fs/WindowsException'{0x000000074f683b58}> (0x000000074f683b58) 
thrown [s\src\hotspot\share\prims\jni.cpp, line 520]
Event: 1413.140 Thread 0x0000024a87e2c670 Exception <a 'sun/nio/fs/WindowsException'{0x000000074ece4be8}> (0x000000074ece4be8) 
thrown [s\src\hotspot\share\prims\jni.cpp, line 520]
Event: 1413.261 Thread 0x0000024a871f85e0 Exception <a 'sun/nio/fs/WindowsException'{0x000000074ebb6ba8}> (0x000000074ebb6ba8) 
thrown [s\src\hotspot\share\prims\jni.cpp, line 520]
Event: 1413.262 Thread 0x0000024a871f85e0 Exception <a 'sun/nio/fs/WindowsException'{0x000000074ebb7f98}> (0x000000074ebb7f98) 
thrown [s\src\hotspot\share\prims\jni.cpp, line 520]
Event: 1413.262 Thread 0x0000024a871f85e0 Exception <a 'sun/nio/fs/WindowsException'{0x000000074ebb9378}> (0x000000074ebb9378) 
thrown [s\src\hotspot\share\prims\jni.cpp, line 520]
Event: 1413.262 Thread 0x0000024a871f85e0 Exception <a 'sun/nio/fs/WindowsException'{0x000000074ebba738}> (0x000000074ebba738) 
thrown [s\src\hotspot\share\prims\jni.cpp, line 520]
Event: 1413.297 Thread 0x0000024a871f85e0 Exception <a 'sun/nio/fs/WindowsException'{0x000000074de40a08}> (0x000000074de40a08) 
thrown [s\src\hotspot\share\prims\jni.cpp, line 520]
Event: 1413.297 Thread 0x0000024a871f85e0 Exception <a 'sun/nio/fs/WindowsException'{0x000000074de420c0}> (0x000000074de420c0) 
thrown [s\src\hotspot\share\prims\jni.cpp, line 520]
Event: 1413.297 Thread 0x0000024a871f85e0 Exception <a 'sun/nio/fs/WindowsException'{0x000000074de45ff0}> (0x000000074de45ff0) 
thrown [s\src\hotspot\share\prims\jni.cpp, line 520]
Event: 1413.655 Thread 0x0000024a871f85e0 Exception <a 'sun/nio/fs/WindowsException'{0x000000074be93f30}> (0x000000074be93f30) 
thrown [s\src\hotspot\share\prims\jni.cpp, line 520]

ZGC Phase Switch (0 events):
No events

VM Operations (20 events):
Event: 1382.495 Executing safepoint VM operation: Cleanup done
Event: 1382.661 Executing safepoint VM operation: G1CollectForAllocation (G1 Evacuation Pause)
Event: 1382.665 Executing safepoint VM operation: G1CollectForAllocation (G1 Evacuation Pause) done
Event: 1382.712 Executing safepoint VM operation: G1PauseRemark
Event: 1382.720 Executing safepoint VM operation: G1PauseRemark done
Event: 1382.744 Executing safepoint VM operation: G1PauseCleanup
Event: 1382.744 Executing safepoint VM operation: G1PauseCleanup done
Event: 1383.757 Executing safepoint VM operation: Cleanup
Event: 1383.757 Executing safepoint VM operation: Cleanup done
Event: 1394.831 Executing safepoint VM operation: Cleanup
Event: 1394.831 Executing safepoint VM operation: Cleanup done
Event: 1404.814 Executing non-safepoint VM operation: HandshakeAllThreads (HandshakeForDeflation)
Event: 1404.814 Executing non-safepoint VM operation: HandshakeAllThreads (HandshakeForDeflation) done
Event: 1404.814 Executing non-safepoint VM operation: RendezvousGCThreads
Event: 1404.814 Executing non-safepoint VM operation: RendezvousGCThreads done
Event: 1412.889 Executing safepoint VM operation: Cleanup
Event: 1412.889 Executing safepoint VM operation: Cleanup done
Event: 1412.892 Executing safepoint VM operation: G1CollectForAllocation (G1 Evacuation Pause)
Event: 1412.896 Executing safepoint VM operation: G1CollectForAllocation (G1 Evacuation Pause) done
Event: 1413.899 Executing safepoint VM operation: Cleanup

Memory protections (0 events):
No events

Nmethod flushes (20 events):
Event: 1382.719 Thread 0x0000024abc362870 flushing  nmethod 0x0000024aa73dee90
Event: 1382.719 Thread 0x0000024abc362870 flushing  nmethod 0x0000024aa741fe90
Event: 1382.719 Thread 0x0000024abc362870 flushing  nmethod 0x0000024aa7420610
Event: 1382.719 Thread 0x0000024abc362870 flushing  nmethod 0x0000024aa743a790
Event: 1382.719 Thread 0x0000024abc362870 flushing  nmethod 0x0000024aa743bf90
Event: 1382.719 Thread 0x0000024abc362870 flushing  nmethod 0x0000024aa743e010
Event: 1382.719 Thread 0x0000024abc362870 flushing  nmethod 0x0000024aa7440890
Event: 1382.719 Thread 0x0000024abc362870 flushing  nmethod 0x0000024aa7448990
Event: 1382.719 Thread 0x0000024abc362870 flushing  nmethod 0x0000024aa7448e10
Event: 1382.719 Thread 0x0000024abc362870 flushing  nmethod 0x0000024aa7449310
Event: 1382.719 Thread 0x0000024abc362870 flushing  nmethod 0x0000024aa768e890
Event: 1382.719 Thread 0x0000024abc362870 flushing  nmethod 0x0000024aa7777f90
Event: 1382.719 Thread 0x0000024abc362870 flushing  nmethod 0x0000024aa777c290
Event: 1382.719 Thread 0x0000024abc362870 flushing  nmethod 0x0000024aa7866890
Event: 1382.719 Thread 0x0000024abc362870 flushing  nmethod 0x0000024aa7866e10
Event: 1382.719 Thread 0x0000024abc362870 flushing  nmethod 0x0000024aa7867390
Event: 1382.719 Thread 0x0000024abc362870 flushing  nmethod 0x0000024aa79a7310
Event: 1382.719 Thread 0x0000024abc362870 flushing  nmethod 0x0000024aa7c49d10
Event: 1382.719 Thread 0x0000024abc362870 flushing  nmethod 0x0000024aa7ec7c10
Event: 1382.719 Thread 0x0000024abc362870 flushing  nmethod 0x0000024aa81ce910

Events (20 events):
Event: 1413.226 Thread 0x0000024a871f5e80 Thread added: 0x0000024a87e26400
Event: 1413.229 Thread 0x0000024a871f5e80 Thread added: 0x0000024a87e27120
Event: 1413.234 Thread 0x0000024a871f85e0 Thread added: 0x0000024a87e25d70
Event: 1413.234 Thread 0x0000024a871f85e0 Thread added: 0x0000024a87e26a90
Event: 1413.235 Thread 0x0000024a871f85e0 Thread added: 0x0000024a87e27e40
Event: 1413.241 Thread 0x0000024a871f85e0 Thread added: 0x0000024a87e277b0
Event: 1413.252 Thread 0x0000024a871f85e0 Thread added: 0x0000024a87e25050
Event: 1413.256 Thread 0x0000024a871f85e0 Thread added: 0x0000024a87e29f10
Event: 1413.258 Thread 0x0000024a871f85e0 Thread added: 0x0000024a87e2ac30
Event: 1413.276 Thread 0x0000024a871f85e0 Thread added: 0x0000024a87e2bfe0
Event: 1413.276 Thread 0x0000024a871f85e0 Thread added: 0x0000024a87e29880
Event: 1413.326 Thread 0x0000024a871f85e0 Thread added: 0x0000024a87e2b2c0
Event: 1413.466 Thread 0x0000024a871f85e0 Thread added: 0x0000024a87e2b950
Event: 1413.467 Thread 0x0000024a871f85e0 Thread added: 0x0000024a87e28b60
Event: 1413.469 Thread 0x0000024a871f85e0 Thread added: 0x0000024a87e291f0
Event: 1413.470 Thread 0x0000024a871f85e0 Thread added: 0x0000024a87e2c670
Event: 1413.470 Thread 0x0000024a871f85e0 Thread added: 0x0000024a871f4440
Event: 1413.471 Thread 0x0000024a871f85e0 Thread added: 0x0000024a871f5160
Event: 1413.471 Thread 0x0000024a871f85e0 Thread added: 0x0000024a871f8c70
Event: 1413.657 Thread 0x0000024a871f85e0 Thread added: 0x0000024a871f57f0


Dynamic libraries:
0x00007ff7fe6d0000 - 0x00007ff7fe6de000 	C:\Users\shiva\.antigravity\extensions\redhat.java-1.53.0-win32-x64\jre\21.0.10-win32-x86_64\bin\java.exe
0x00007ffb18220000 - 0x00007ffb18487000 	C:\WINDOWS\SYSTEM32\ntdll.dll
0x00007ffb17ea0000 - 0x00007ffb17f69000 	C:\WINDOWS\System32\KERNEL32.DLL
0x00007ffb15200000 - 0x00007ffb155f1000 	C:\WINDOWS\System32\KERNELBASE.dll
0x00007ffb0f580000 - 0x00007ffb0f61f000 	C:\WINDOWS\SYSTEM32\apphelp.dll
0x00007ffb15600000 - 0x00007ffb1574b000 	C:\WINDOWS\System32\ucrtbase.dll
0x00007ffadcf70000 - 0x00007ffadcf88000 	C:\Users\shiva\.antigravity\extensions\redhat.java-1.53.0-win32-x64\jre\21.0.10-win32-x86_64\bin\jli.dll
0x00007ffb16350000 - 0x00007ffb16515000 	C:\WINDOWS\System32\USER32.dll
0x00007ffb150a0000 - 0x00007ffb150c7000 	C:\WINDOWS\System32\win32u.dll
0x00007ffb17e70000 - 0x00007ffb17e9b000 	C:\WINDOWS\System32\GDI32.dll
0x00007ffb150d0000 - 0x00007ffb151fb000 	C:\WINDOWS\System32\gdi32full.dll
0x00007ffb14dc0000 - 0x00007ffb14e63000 	C:\WINDOWS\System32\msvcp_win.dll
0x00007ffadcf90000 - 0x00007ffadcfae000 	C:\Users\shiva\.antigravity\extensions\redhat.java-1.53.0-win32-x64\jre\21.0.10-win32-x86_64\bin\VCRUNTIME140.dll
0x00007ffafdc70000 - 0x00007ffafdf03000 	C:\WINDOWS\WinSxS\amd64_microsoft.windows.common-controls_6595b64144ccf1df_6.0.26100.8037_none_3e092faae333b53b\COMCTL32.dll
0x00007ffb16a30000 - 0x00007ffb16ad9000 	C:\WINDOWS\System32\msvcrt.dll
0x00007ffb17270000 - 0x00007ffb172a1000 	C:\WINDOWS\System32\IMM32.DLL
0x00007ffadcf60000 - 0x00007ffadcf6c000 	C:\Users\shiva\.antigravity\extensions\redhat.java-1.53.0-win32-x64\jre\21.0.10-win32-x86_64\bin\vcruntime140_1.dll
0x00007ffacbd20000 - 0x00007ffacbdad000 	C:\Users\shiva\.antigravity\extensions\redhat.java-1.53.0-win32-x64\jre\21.0.10-win32-x86_64\bin\msvcp140.dll
0x00007ffa5b180000 - 0x00007ffa5bf21000 	C:\Users\shiva\.antigravity\extensions\redhat.java-1.53.0-win32-x64\jre\21.0.10-win32-x86_64\bin\server\jvm.dll
0x00007ffb180d0000 - 0x00007ffb1818b000 	C:\WINDOWS\System32\ADVAPI32.dll
0x00007ffb165b0000 - 0x00007ffb16657000 	C:\WINDOWS\System32\sechost.dll
0x00007ffb17d50000 - 0x00007ffb17e68000 	C:\WINDOWS\System32\RPCRT4.dll
0x00007ffb17a90000 - 0x00007ffb17b04000 	C:\WINDOWS\System32\WS2_32.dll
0x00007ffb14960000 - 0x00007ffb149be000 	C:\WINDOWS\SYSTEM32\POWRPROF.dll
0x00007ffb0a250000 - 0x00007ffb0a285000 	C:\WINDOWS\SYSTEM32\WINMM.dll
0x00007ffb00510000 - 0x00007ffb0051b000 	C:\WINDOWS\SYSTEM32\VERSION.dll
0x00007ffb14940000 - 0x00007ffb14954000 	C:\WINDOWS\SYSTEM32\UMPDC.dll
0x00007ffb13890000 - 0x00007ffb138ab000 	C:\WINDOWS\SYSTEM32\kernel.appcore.dll
0x00007ffadcf50000 - 0x00007ffadcf5a000 	C:\Users\shiva\.antigravity\extensions\redhat.java-1.53.0-win32-x64\jre\21.0.10-win32-x86_64\bin\jimage.dll
0x00007ffb129b0000 - 0x00007ffb12bf2000 	C:\WINDOWS\SYSTEM32\DBGHELP.DLL
0x00007ffb15fc0000 - 0x00007ffb16342000 	C:\WINDOWS\System32\combase.dll
0x00007ffb16b00000 - 0x00007ffb16bd7000 	C:\WINDOWS\System32\OLEAUT32.dll
0x00007ffafa0a0000 - 0x00007ffafa0db000 	C:\WINDOWS\SYSTEM32\dbgcore.DLL
0x00007ffb14c80000 - 0x00007ffb14d25000 	C:\WINDOWS\System32\bcryptPrimitives.dll
0x00007ffadcf40000 - 0x00007ffadcf4f000 	C:\Users\shiva\.antigravity\extensions\redhat.java-1.53.0-win32-x64\jre\21.0.10-win32-x86_64\bin\instrument.dll
0x00007ffadcf10000 - 0x00007ffadcf30000 	C:\Users\shiva\.antigravity\extensions\redhat.java-1.53.0-win32-x64\jre\21.0.10-win32-x86_64\bin\java.dll
0x00007ffb17320000 - 0x00007ffb17a7f000 	C:\WINDOWS\System32\SHELL32.dll
0x00007ffb14e70000 - 0x00007ffb14fda000 	C:\WINDOWS\System32\wintypes.dll
0x00007ffb15750000 - 0x00007ffb15fb4000 	C:\WINDOWS\System32\windows.storage.dll
0x00007ffb17c50000 - 0x00007ffb17d47000 	C:\WINDOWS\System32\SHCORE.dll
0x00007ffb172b0000 - 0x00007ffb17317000 	C:\WINDOWS\System32\shlwapi.dll
0x00007ffb14a20000 - 0x00007ffb14a49000 	C:\WINDOWS\SYSTEM32\profapi.dll
0x00007ffad9040000 - 0x00007ffad9058000 	C:\Users\shiva\.antigravity\extensions\redhat.java-1.53.0-win32-x64\jre\21.0.10-win32-x86_64\bin\zip.dll
0x00007ffadcf00000 - 0x00007ffadcf10000 	C:\Users\shiva\.antigravity\extensions\redhat.java-1.53.0-win32-x64\jre\21.0.10-win32-x86_64\bin\net.dll
0x00007ffb04cc0000 - 0x00007ffb04de7000 	C:\WINDOWS\SYSTEM32\WINHTTP.dll
0x00007ffb13e00000 - 0x00007ffb13e6b000 	C:\WINDOWS\system32\mswsock.dll
0x00007ffad9020000 - 0x00007ffad9036000 	C:\Users\shiva\.antigravity\extensions\redhat.java-1.53.0-win32-x64\jre\21.0.10-win32-x86_64\bin\nio.dll
0x00007ffadccb0000 - 0x00007ffadccc0000 	C:\Users\shiva\.antigravity\extensions\redhat.java-1.53.0-win32-x64\jre\21.0.10-win32-x86_64\bin\verify.dll
0x00007ffacaee0000 - 0x00007ffacaf07000 	C:\Users\shiva\.gradle\native\c067742578af261105cb4f569cf0c3c89f3d7b1fecec35dd04571415982c5e48\windows-amd64\native-platform.dll
0x00007ffa73c70000 - 0x00007ffa73db4000 	C:\Users\shiva\.gradle\native\38dada09dfb8b06ba9b0570ebf7e218e3eb74d4ef43ca46872605cf95ebc2f47\windows-amd64\native-platform-file-events.dll
0x00007ffad9010000 - 0x00007ffad901a000 	C:\Users\shiva\.antigravity\extensions\redhat.java-1.53.0-win32-x64\jre\21.0.10-win32-x86_64\bin\management.dll
0x00007ffad9000000 - 0x00007ffad900c000 	C:\Users\shiva\.antigravity\extensions\redhat.java-1.53.0-win32-x64\jre\21.0.10-win32-x86_64\bin\management_ext.dll
0x00007ffb17260000 - 0x00007ffb17268000 	C:\WINDOWS\System32\PSAPI.DLL
0x00007ffb140e0000 - 0x00007ffb140fb000 	C:\WINDOWS\SYSTEM32\CRYPTSP.dll
0x00007ffb137f0000 - 0x00007ffb13829000 	C:\WINDOWS\system32\rsaenh.dll
0x00007ffb13eb0000 - 0x00007ffb13ee2000 	C:\WINDOWS\SYSTEM32\USERENV.dll
0x00007ffb149f0000 - 0x00007ffb14a1a000 	C:\WINDOWS\SYSTEM32\bcrypt.dll
0x00007ffb14100000 - 0x00007ffb1410c000 	C:\WINDOWS\SYSTEM32\CRYPTBASE.dll
0x00007ffb13230000 - 0x00007ffb13263000 	C:\WINDOWS\SYSTEM32\IPHLPAPI.DLL
0x00007ffb16520000 - 0x00007ffb1652a000 	C:\WINDOWS\System32\NSI.dll
0x00007ffad8420000 - 0x00007ffad8429000 	C:\Users\shiva\.antigravity\extensions\redhat.java-1.53.0-win32-x64\jre\21.0.10-win32-x86_64\bin\extnet.dll
0x00007ffad8ff0000 - 0x00007ffad8ffe000 	C:\Users\shiva\.antigravity\extensions\redhat.java-1.53.0-win32-x64\jre\21.0.10-win32-x86_64\bin\sunmscapi.dll
0x00007ffb14b00000 - 0x00007ffb14c77000 	C:\WINDOWS\System32\CRYPT32.dll
0x00007ffb14300000 - 0x00007ffb14330000 	C:\WINDOWS\SYSTEM32\ncrypt.dll
0x00007ffb142b0000 - 0x00007ffb142ef000 	C:\WINDOWS\SYSTEM32\NTASN1.dll
0x00007ffae3e80000 - 0x00007ffae3e88000 	C:\WINDOWS\system32\wshunix.dll
0x00007ffae0550000 - 0x00007ffae0568000 	C:\WINDOWS\system32\napinsp.dll
0x00007ffb13290000 - 0x00007ffb133ba000 	C:\WINDOWS\SYSTEM32\DNSAPI.dll
0x00007ffae04b0000 - 0x00007ffae04c2000 	C:\WINDOWS\System32\winrnr.dll
0x00007ffae0480000 - 0x00007ffae04a2000 	C:\WINDOWS\system32\nlansp_c.dll
0x00007ffae0460000 - 0x00007ffae0476000 	C:\WINDOWS\system32\wshbth.dll
0x00007ffb09df0000 - 0x00007ffb09dfb000 	C:\Windows\System32\rasadhlp.dll
0x00007ffb0cde0000 - 0x00007ffb0ce66000 	C:\WINDOWS\System32\fwpuclnt.dll

JVMTI agents:
C:\Users\shiva\.gradle\wrapper\dists\gradle-8.7-bin\bhs2wmbdwecv87pi65oeuq5iu\gradle-8.7\lib\agents\gradle-instrumentation-agent-8.7.jar path:C:\Users\shiva\.antigravity\extensions\redhat.java-1.53.0-win32-x64\jre\21.0.10-win32-x86_64\bin\instrument.dll, loaded, initialized, instrumentlib options:none

dbghelp: loaded successfully - version: 4.0.5 - missing functions: none
symbol engine: initialized successfully - sym options: 0x614 - pdb path: .;C:\Users\shiva\.antigravity\extensions\redhat.java-1.53.0-win32-x64\jre\21.0.10-win32-x86_64\bin;C:\WINDOWS\SYSTEM32;C:\WINDOWS\WinSxS\amd64_microsoft.windows.common-controls_6595b64144ccf1df_6.0.26100.8037_none_3e092faae333b53b;C:\Users\shiva\.antigravity\extensions\redhat.java-1.53.0-win32-x64\jre\21.0.10-win32-x86_64\bin\server;C:\Users\shiva\.gradle\native\c067742578af261105cb4f569cf0c3c89f3d7b1fecec35dd04571415982c5e48\windows-amd64;C:\Users\shiva\.gradle\native\38dada09dfb8b06ba9b0570ebf7e218e3eb74d4ef43ca46872605cf95ebc2f47\windows-amd64

VM Arguments:
jvm_args: --add-opens=java.base/java.util=ALL-UNNAMED --add-opens=java.base/java.lang=ALL-UNNAMED --add-opens=java.base/java.lang.invoke=ALL-UNNAMED --add-opens=java.prefs/java.util.prefs=ALL-UNNAMED --add-opens=java.base/java.nio.charset=ALL-UNNAMED --add-opens=java.base/java.net=ALL-UNNAMED --add-opens=java.base/java.util.concurrent.atomic=ALL-UNNAMED -Xmx3072m -Dfile.encoding=UTF-8 -Duser.country=IN -Duser.language=en -Duser.variant -javaagent:C:\Users\shiva\.gradle\wrapper\dists\gradle-8.7-bin\bhs2wmbdwecv87pi65oeuq5iu\gradle-8.7\lib\agents\gradle-instrumentation-agent-8.7.jar 
java_command: org.gradle.launcher.daemon.bootstrap.GradleDaemon 8.7
java_class_path (initial): C:\Users\shiva\.gradle\wrapper\dists\gradle-8.7-bin\bhs2wmbdwecv87pi65oeuq5iu\gradle-8.7\lib\gradle-launcher-8.7.jar
Launcher Type: SUN_STANDARD

[Global flags]
     intx CICompilerCount                          = 4                                         {product} {ergonomic}
     uint ConcGCThreads                            = 2                                         {product} {ergonomic}
     uint G1ConcRefinementThreads                  = 8                                         {product} {ergonomic}
   size_t G1HeapRegionSize                         = 2097152                                   {product} {ergonomic}
    uintx GCDrainStackTargetSize                   = 64                                        {product} {ergonomic}
   size_t InitialHeapSize                          = 264241152                                 {product} {ergonomic}
   size_t MarkStackSize                            = 4194304                                   {product} {ergonomic}
   size_t MaxHeapSize                              = 3221225472                                {product} {command line}
   size_t MaxNewSize                               = 1931476992                                {product} {ergonomic}
   size_t MinHeapDeltaBytes                        = 2097152                                   {product} {ergonomic}
   size_t MinHeapSize                              = 8388608                                   {product} {ergonomic}
    uintx NonNMethodCodeHeapSize                   = 5839372                                {pd product} {ergonomic}
    uintx NonProfiledCodeHeapSize                  = 122909434                              {pd product} {ergonomic}
    uintx ProfiledCodeHeapSize                     = 122909434                              {pd product} {ergonomic}
    uintx ReservedCodeCacheSize                    = 251658240                              {pd product} {ergonomic}
     bool SegmentedCodeCache                       = true                                      {product} {ergonomic}
   size_t SoftMaxHeapSize                          = 3221225472                             {manageable} {ergonomic}
     bool UseCompressedOops                        = true                           {product lp64_product} {ergonomic}
     bool UseG1GC                                  = true                                      {product} {ergonomic}
     bool UseLargePagesIndividualAllocation        = false                                  {pd product} {ergonomic}

Logging:
Log output configuration:
 #0: stdout all=warning uptime,level,tags foldmultilines=false
 #1: stderr all=off uptime,level,tags foldmultilines=false

Release file:
JAVA_VERSION="21.0.10" 
MODULES="java.base java.compiler java.datatransfer java.xml java.prefs java.desktop java.instrument java.logging java.management java.security.sasl java.naming java.rmi java.management.rmi java.net.http java.scripting java.security.jgss java.transaction.xa java.sql java.sql.rowset java.xml.crypto java.se java.smartcardio jdk.accessibility jdk.internal.jvmstat jdk.attach jdk.charsets jdk.internal.opt jdk.zipfs jdk.compiler jdk.crypto.ec jdk.crypto.cryptoki jdk.crypto.mscapi jdk.dynalink jdk.internal.ed jdk.editpad jdk.hotspot.agent jdk.httpserver jdk.internal.le jdk.internal.vm.ci jdk.internal.vm.compiler jdk.internal.vm.compiler.management jdk.jartool jdk.javadoc jdk.jcmd jdk.management jdk.management.agent jdk.jconsole jdk.jdeps jdk.jdwp.agent jdk.jdi jdk.jfr jdk.jshell jdk.jsobject jdk.jstatd jdk.localedata jdk.management.jfr jdk.naming.dns jdk.naming.rmi jdk.net jdk.nio.mapmode jdk.random jdk.sctp jdk.security.auth jdk.security.jgss jdk.unsupported jdk.unsupported.desktop jdk.xml.dom" 

Environment Variables:
PATH=C:\Program Files\Google\Chrome\Application;C:\Program Files\Eclipse Adoptium\jdk-25.0.2.10-hotspot\bin;C:\App1\db_home\bin;C:\Program Files\Common Files\Oracle\Java\javapath;C:\app\shiva\product\23ai\dbhomeFree\bin;C:\WINDOWS\system32;C:\WINDOWS;C:\WINDOWS\System32\Wbem;C:\WINDOWS\System32\WindowsPowerShell\v1.0\;C:\WINDOWS\System32\OpenSSH\;C:\Program Files\nodejs\;C:\Program Files\Git\cmd;C:\Program Files\Git\mingw64\bin\git.exe;C:\Program Files\Git\cmd\git.exe;C:\Program Files (x86)\GnuWin32\bin;C:\Users\shiva\CompilerDesign\winflexbison;C:\winflexbison;C:\Program Files\Eclipse Adoptium\jdk-25.0.2.10-hotspot\bin;C:\kotlinc\bin;C:\Program Files\GitHub CLI\;C:\Program Files\MySQL\MySQL Shell 8.0\bin\;C:\Users\shiva\AppData\Local\Programs\Python\Python313\Scripts\;C:\Users\shiva\AppData\Local\Programs\Python\Python313\;C:\Users\shiva\AppData\Local\Microsoft\WindowsApps;C:\MinGW\bin;C:\Users\shiva\Downloads\jdk-23_windows-x64_bin.exe;C:\Program Files\JetBrains\IntelliJ IDEA Community Edition 2024.3.5\bin;;C:\Users\shiva\AppData\Local\GitHubDesktop\bin;C:\Users\shiva\AppData\Roaming\npm;C:\Users\shiva\AppData\Local\Programs\Microsoft VS Code\bin
USERNAME=shiva
OS=Windows_NT
PROCESSOR_IDENTIFIER=Intel64 Family 6 Model 154 Stepping 4, GenuineIntel
TMP=C:\Users\shiva\AppData\Local\Temp
TEMP=C:\Users\shiva\AppData\Local\Temp




Periodic native trim disabled

---------------  S Y S T E M  ---------------

OS:
 Windows 11 , 64 bit Build 26100 (10.0.26100.7920)
OS uptime: 0 days 7:37 hours
Hyper-V role detected

CPU: total 8 (initial active 8) (4 cores per cpu, 2 threads per core) family 6 model 154 stepping 4 microcode 0x42c, cx8, cmov, fxsr, ht, mmx, 3dnowpref, sse, sse2, sse3, ssse3, sse4.1, sse4.2, popcnt, lzcnt, tsc, tscinvbit, avx, avx2, aes, erms, clmul, bmi1, bmi2, adx, sha, fma, vzeroupper, clflush, clflushopt, clwb, hv, serialize, rdtscp, rdpid, fsrm, f16c, cet_ibt, cet_ss
Processor Information for processor 0
  Max Mhz: 1200, Current Mhz: 1200, Mhz Limit: 1200
Processor Information for processor 1
  Max Mhz: 1200, Current Mhz: 1200, Mhz Limit: 1200
Processor Information for processor 2
  Max Mhz: 1200, Current Mhz: 1200, Mhz Limit: 1200
Processor Information for processor 3
  Max Mhz: 1200, Current Mhz: 1200, Mhz Limit: 1200
Processor Information for processor 4
  Max Mhz: 1200, Current Mhz: 900, Mhz Limit: 900
Processor Information for processor 5
  Max Mhz: 1200, Current Mhz: 900, Mhz Limit: 900
Processor Information for processor 6
  Max Mhz: 1200, Current Mhz: 900, Mhz Limit: 900
Processor Information for processor 7
  Max Mhz: 1200, Current Mhz: 900, Mhz Limit: 900

Memory: 4k page, system-wide physical 16069M (1869M free)
TotalPageFile size 65221M (AvailPageFile size 15M)
current process WorkingSet (physical memory assigned to process): 585M, peak: 592M
current process commit charge ("private bytes"): 617M, peak: 623M

vm_info: OpenJDK 64-Bit Server VM (21.0.10+7-LTS) for windows-amd64 JRE (21.0.10+7-LTS), built on 2026-01-20T00:00:00Z by "admin" with MS VC++ 17.12 (VS2022)

END.
