#
# There is insufficient memory for the Java Runtime Environment to continue.
# Native memory allocation (malloc) failed to allocate 1083472 bytes. Error detail: Chunk::new
# Possible reasons:
#   The system is out of physical RAM or swap space
#   This process is running with CompressedOops enabled, and the Java Heap may be blocking the growth of the native heap
# Possible solutions:
#   Reduce memory load on the system
#   Increase physical memory or swap space
#   Check if swap backing store is full
#   Decrease Java heap size (-Xmx/-Xms)
#   Decrease number of Java threads
#   Decrease Java thread stack sizes (-Xss)
#   Set larger code cache with -XX:ReservedCodeCacheSize=
#   JVM is running with Unscaled Compressed Oops mode in which the Java heap is
#     placed in the first 4GB address space. The Java Heap base address is the
#     maximum limit for the native heap growth. Please use -XX:HeapBaseMinAddress
#     to set the Java Heap base and to place the Java Heap above 4GB virtual address.
# This output file may be truncated or incomplete.
#
#  Out of Memory Error (arena.cpp:168), pid=20736, tid=15612
#
# JRE version: OpenJDK Runtime Environment Temurin-21.0.10+7 (21.0.10+7) (build 21.0.10+7-LTS)
# Java VM: OpenJDK 64-Bit Server VM Temurin-21.0.10+7 (21.0.10+7-LTS, mixed mode, sharing, tiered, compressed oops, compressed class ptrs, parallel gc, windows-amd64)
# No core dump will be written. Minidumps are not enabled by default on client versions of Windows
#

---------------  S U M M A R Y ------------

Command Line: --add-modules=ALL-SYSTEM --add-opens=java.base/java.util=ALL-UNNAMED --add-opens=java.base/java.lang=ALL-UNNAMED --add-opens=java.base/sun.nio.fs=ALL-UNNAMED -Declipse.application=org.eclipse.jdt.ls.core.id1 -Dosgi.bundles.defaultStartLevel=4 -Declipse.product=org.eclipse.jdt.ls.core.product -Djava.import.generatesMetadataFilesAtProjectRoot=false -DDetectVMInstallationsJob.disabled=true -Dfile.encoding=utf8 -XX:+UseParallelGC -XX:GCTimeRatio=4 -XX:AdaptiveSizePolicyWeight=90 -Dsun.zip.disableMemoryMapping=true -Xmx2G -Xms100m -Xlog:disable -javaagent:c:\Users\shiva\.vscode\extensions\redhat.java-1.53.0-win32-x64\lombok\lombok-1.18.39-4050.jar -XX:+HeapDumpOnOutOfMemoryError -XX:HeapDumpPath=c:\Users\shiva\AppData\Roaming\Code\User\workspaceStorage\3795b6b465bd6ad71e5e0b9bc7ce9df8\redhat.java -Daether.dependencyCollector.impl=bf c:\Users\shiva\.vscode\extensions\redhat.java-1.53.0-win32-x64\server\plugins\org.eclipse.equinox.launcher_1.7.100.v20251111-0406.jar -configuration c:\Users\shiva\AppData\Roaming\Code\User\globalStorage\redhat.java\1.53.0\config_win -data c:\Users\shiva\AppData\Roaming\Code\User\workspaceStorage\3795b6b465bd6ad71e5e0b9bc7ce9df8\redhat.java\jdt_ws --pipe=\\.\pipe\lsp-90d706d4ad8ac9a3a5b4f8dc6c1846cf-sock

Host: 12th Gen Intel(R) Core(TM) i3-1215U, 8 cores, 15G,  Windows 11 , 64 bit Build 26100 (10.0.26100.7920)
Time: Sun Apr  5 00:08:00 2026 India Standard Time elapsed time: 4.199402 seconds (0d 0h 0m 4s)

---------------  T H R E A D  ---------------

Current thread (0x000001e66a1ad250):  JavaThread "C2 CompilerThread1" daemon [_thread_in_native, id=15612, stack(0x000000734f900000,0x000000734fa00000) (1024K)]


Current CompileTask:
C2:4199 4780       4       org.eclipse.osgi.internal.loader.ModuleClassLoader::toString (80 bytes)

Stack: [0x000000734f900000,0x000000734fa00000]
Native frames: (J=compiled Java code, j=interpreted, Vv=VM code, C=native code)
V  [jvm.dll+0x6d7a39]
V  [jvm.dll+0x8b4b26]
V  [jvm.dll+0x8b70de]
V  [jvm.dll+0x8b77c3]
V  [jvm.dll+0x284346]
V  [jvm.dll+0xc66ed]
V  [jvm.dll+0xc6c31]
V  [jvm.dll+0x3bec3b]
V  [jvm.dll+0x1e3f69]
V  [jvm.dll+0x24c6b3]
V  [jvm.dll+0x24bb40]
V  [jvm.dll+0x1cb34e]
V  [jvm.dll+0x25b85d]
V  [jvm.dll+0x259dea]
V  [jvm.dll+0x3f857e]
V  [jvm.dll+0x85f59d]
V  [jvm.dll+0x6d626d]
C  [ucrtbase.dll+0x37b0]
C  [KERNEL32.DLL+0x2e8d7]
C  [ntdll.dll+0x8c48c]


---------------  P R O C E S S  ---------------

Threads class SMR info:
_java_thread_list=0x000001e66def6d40, length=38, elements={
0x000001e64d9fa570, 0x000001e66446e140, 0x000001e66446f060, 0x000001e664472f00,
0x000001e66447a050, 0x000001e66447e8e0, 0x000001e66447cc60, 0x000001e664487100,
0x000001e66448b0a0, 0x000001e66a1ad250, 0x000001e66a1ad900, 0x000001e66a3625b0,
0x000001e66a6702c0, 0x000001e66aa7fd70, 0x000001e66aac86e0, 0x000001e66aab1770,
0x000001e66aab21b0, 0x000001e66ae45470, 0x000001e66b2495f0, 0x000001e66acff340,
0x000001e66b5510a0, 0x000001e66b551730, 0x000001e66b551dc0, 0x000001e66b54efd0,
0x000001e66b54fcf0, 0x000001e66d14d160, 0x000001e66d14bdb0, 0x000001e66d14c440,
0x000001e66d14d7f0, 0x000001e66d14b090, 0x000001e66d14cad0, 0x000001e66d14de80,
0x000001e66d14e510, 0x000001e66d14eba0, 0x000001e66d14b720, 0x000001e66d1526b0,
0x000001e66d14f230, 0x000001e66d152020
}

Java Threads: ( => current thread )
  0x000001e64d9fa570 JavaThread "main"                              [_thread_in_Java, id=14960, stack(0x000000734ed00000,0x000000734ee00000) (1024K)]
  0x000001e66446e140 JavaThread "Reference Handler"          daemon [_thread_blocked, id=12400, stack(0x000000734f100000,0x000000734f200000) (1024K)]
  0x000001e66446f060 JavaThread "Finalizer"                  daemon [_thread_blocked, id=5624, stack(0x000000734f200000,0x000000734f300000) (1024K)]
  0x000001e664472f00 JavaThread "Signal Dispatcher"          daemon [_thread_blocked, id=16592, stack(0x000000734f300000,0x000000734f400000) (1024K)]
  0x000001e66447a050 JavaThread "Attach Listener"            daemon [_thread_blocked, id=22056, stack(0x000000734f400000,0x000000734f500000) (1024K)]
  0x000001e66447e8e0 JavaThread "Service Thread"             daemon [_thread_blocked, id=4256, stack(0x000000734f500000,0x000000734f600000) (1024K)]
  0x000001e66447cc60 JavaThread "Monitor Deflation Thread"   daemon [_thread_blocked, id=14068, stack(0x000000734f600000,0x000000734f700000) (1024K)]
  0x000001e664487100 JavaThread "C2 CompilerThread0"         daemon [_thread_in_native, id=21616, stack(0x000000734f700000,0x000000734f800000) (1024K)]
  0x000001e66448b0a0 JavaThread "C1 CompilerThread0"         daemon [_thread_blocked, id=12440, stack(0x000000734f800000,0x000000734f900000) (1024K)]
=>0x000001e66a1ad250 JavaThread "C2 CompilerThread1"         daemon [_thread_in_native, id=15612, stack(0x000000734f900000,0x000000734fa00000) (1024K)]
  0x000001e66a1ad900 JavaThread "Common-Cleaner"             daemon [_thread_blocked, id=15928, stack(0x000000734fa00000,0x000000734fb00000) (1024K)]
  0x000001e66a3625b0 JavaThread "Notification Thread"        daemon [_thread_blocked, id=20992, stack(0x000000734fb00000,0x000000734fc00000) (1024K)]
  0x000001e66a6702c0 JavaThread "C2 CompilerThread2"         daemon [_thread_in_native, id=5352, stack(0x000000734fc00000,0x000000734fd00000) (1024K)]
  0x000001e66aa7fd70 JavaThread "Active Thread: Equinox Container: bc415614-ecae-40d0-ae73-eeef414d9ec9"        [_thread_blocked, id=24084, stack(0x0000007350300000,0x0000007350400000) (1024K)]
  0x000001e66aac86e0 JavaThread "Refresh Thread: Equinox Container: bc415614-ecae-40d0-ae73-eeef414d9ec9" daemon [_thread_blocked, id=3164, stack(0x0000007350500000,0x0000007350600000) (1024K)]
  0x000001e66aab1770 JavaThread "Framework Event Dispatcher: Equinox Container: bc415614-ecae-40d0-ae73-eeef414d9ec9" daemon [_thread_blocked, id=21344, stack(0x0000007350600000,0x0000007350700000) (1024K)]
  0x000001e66aab21b0 JavaThread "Start Level: Equinox Container: bc415614-ecae-40d0-ae73-eeef414d9ec9" daemon [_thread_blocked, id=15684, stack(0x0000007350700000,0x0000007350800000) (1024K)]
  0x000001e66ae45470 JavaThread "Bundle File Closer"         daemon [_thread_blocked, id=23052, stack(0x0000007350800000,0x0000007350900000) (1024K)]
  0x000001e66b2495f0 JavaThread "SCR Component Actor"        daemon [_thread_blocked, id=6684, stack(0x0000007350900000,0x0000007350a00000) (1024K)]
  0x000001e66acff340 JavaThread "Worker-JM"                         [_thread_blocked, id=21476, stack(0x0000007350a00000,0x0000007350b00000) (1024K)]
  0x000001e66b5510a0 JavaThread "JNA Cleaner"                daemon [_thread_blocked, id=23040, stack(0x0000007350b00000,0x0000007350c00000) (1024K)]
  0x000001e66b551730 JavaThread "Worker-0: Updating workspace"        [_thread_blocked, id=13952, stack(0x0000007350c00000,0x0000007350d00000) (1024K)]
  0x000001e66b551dc0 JavaThread "Worker-1: Refreshing workspace"        [_thread_in_native, id=19980, stack(0x0000007350d00000,0x0000007350e00000) (1024K)]
  0x000001e66b54efd0 JavaThread "Worker-2: Initialize After Load"        [_thread_blocked, id=20132, stack(0x0000007350e00000,0x0000007350f00000) (1024K)]
  0x000001e66b54fcf0 JavaThread "Java indexing"              daemon [_thread_blocked, id=8516, stack(0x0000007350f00000,0x0000007351000000) (1024K)]
  0x000001e66d14d160 JavaThread "Worker-3: Repository registry initialization"        [_thread_blocked, id=4064, stack(0x0000007351200000,0x0000007351300000) (1024K)]
  0x000001e66d14bdb0 JavaThread "Worker-4: Updating Maven Dependencies"        [_thread_in_Java, id=2508, stack(0x0000007351300000,0x0000007351400000) (1024K)]
  0x000001e66d14c440 JavaThread "Thread-1"                   daemon [_thread_in_native, id=19468, stack(0x0000007351400000,0x0000007351500000) (1024K)]
  0x000001e66d14d7f0 JavaThread "Thread-2"                   daemon [_thread_in_native, id=16328, stack(0x0000007351500000,0x0000007351600000) (1024K)]
  0x000001e66d14b090 JavaThread "Thread-3"                   daemon [_thread_in_native, id=18328, stack(0x0000007351600000,0x0000007351700000) (1024K)]
  0x000001e66d14cad0 JavaThread "Thread-4"                   daemon [_thread_in_native, id=23364, stack(0x0000007351700000,0x0000007351800000) (1024K)]
  0x000001e66d14de80 JavaThread "Thread-5"                   daemon [_thread_in_native, id=13360, stack(0x0000007351800000,0x0000007351900000) (1024K)]
  0x000001e66d14e510 JavaThread "Thread-6"                   daemon [_thread_in_native, id=17788, stack(0x0000007351900000,0x0000007351a00000) (1024K)]
  0x000001e66d14eba0 JavaThread "Thread-7"                   daemon [_thread_in_native, id=8472, stack(0x0000007351a00000,0x0000007351b00000) (1024K)]
  0x000001e66d14b720 JavaThread "Thread-8"                   daemon [_thread_in_native, id=1776, stack(0x0000007351b00000,0x0000007351c00000) (1024K)]
  0x000001e66d1526b0 JavaThread "Thread-9"                   daemon [_thread_in_native, id=16016, stack(0x0000007351c00000,0x0000007351d00000) (1024K)]
  0x000001e66d14f230 JavaThread "pool-2-thread-1"                   [_thread_blocked, id=3564, stack(0x0000007351d00000,0x0000007351e00000) (1024K)]
  0x000001e66d152020 JavaThread "Worker-5"                          [_thread_blocked, id=18596, stack(0x0000007351e00000,0x0000007351f00000) (1024K)]
Total: 38

Other Threads:
  0x000001e64dabea70 VMThread "VM Thread"                           [id=4940, stack(0x000000734f000000,0x000000734f100000) (1024K)]
  0x000001e66438cb20 WatcherThread "VM Periodic Task Thread"        [id=23996, stack(0x000000734ef00000,0x000000734f000000) (1024K)]
  0x000001e64da19b50 WorkerThread "GC Thread#0"                     [id=1660, stack(0x000000734ee00000,0x000000734ef00000) (1024K)]
  0x000001e66a507380 WorkerThread "GC Thread#1"                     [id=7376, stack(0x000000734fd00000,0x000000734fe00000) (1024K)]
  0x000001e66ac78020 WorkerThread "GC Thread#2"                     [id=16244, stack(0x000000734fe00000,0x000000734ff00000) (1024K)]
  0x000001e66ac90840 WorkerThread "GC Thread#3"                     [id=15212, stack(0x000000734ff00000,0x0000007350000000) (1024K)]
  0x000001e66ac90bf0 WorkerThread "GC Thread#4"                     [id=24416, stack(0x0000007350000000,0x0000007350100000) (1024K)]
  0x000001e66a687070 WorkerThread "GC Thread#5"                     [id=14596, stack(0x0000007350100000,0x0000007350200000) (1024K)]
  0x000001e66a687420 WorkerThread "GC Thread#6"                     [id=4416, stack(0x0000007350200000,0x0000007350300000) (1024K)]
  0x000001e66aa9dc40 WorkerThread "GC Thread#7"                     [id=20424, stack(0x0000007350400000,0x0000007350500000) (1024K)]
Total: 10

Threads with active compile tasks:
C2 CompilerThread0  4221 4775       4       org.eclipse.osgi.internal.loader.BundleLoader::addExportedProvidersFor (167 bytes)
C2 CompilerThread1  4222 4780       4       org.eclipse.osgi.internal.loader.ModuleClassLoader::toString (80 bytes)
C2 CompilerThread2  4222 5015       4       org.eclipse.core.internal.dtree.DeltaDataTree::getData (135 bytes)
Total: 3

VM state: not at safepoint (normal execution)

VM Mutex/Monitor currently owned by a thread:  ([mutex/lock_event])
[0x00007ffc9dc3ebe0] SystemDictionary_lock - owner thread: 0x0000000000000000

Heap address: 0x0000000080000000, size: 2048 MB, Compressed Oops mode: 32-bit

CDS archive(s) mapped at: [0x000001e600000000-0x000001e600ba0000-0x000001e600ba0000), size 12189696, SharedBaseAddress: 0x000001e600000000, ArchiveRelocationMode: 1.
Compressed class space mapped at: 0x000001e601000000-0x000001e641000000, reserved size: 1073741824
Narrow klass base: 0x000001e600000000, Narrow klass shift: 0, Narrow klass range: 0x100000000

GC Precious Log:
 CardTable entry size: 512
 CPUs: 8 total, 8 available
 Memory: 16069M
 Large Page Support: Disabled
 NUMA Support: Disabled
 Compressed Oops: Enabled (32-bit)
 Alignments: Space 512K, Generation 512K, Heap 2M
 Heap Min Capacity: 100M
 Heap Initial Capacity: 100M
 Heap Max Capacity: 2G
 Pre-touch: Disabled
 Parallel Workers: 8

Heap:
 PSYoungGen      total 23552K, used 17554K [0x00000000d5580000, 0x00000000d7100000, 0x0000000100000000)
  eden space 22016K, 72% used [0x00000000d5580000,0x00000000d6524900,0x00000000d6b00000)
  from space 1536K, 100% used [0x00000000d6b00000,0x00000000d6c80000,0x00000000d6c80000)
  to   space 3072K, 0% used [0x00000000d6e00000,0x00000000d6e00000,0x00000000d7100000)
 ParOldGen       total 68608K, used 23198K [0x0000000080000000, 0x0000000084300000, 0x00000000d5580000)
  object space 68608K, 33% used [0x0000000080000000,0x00000000816a7988,0x0000000084300000)
 Metaspace       used 34389K, committed 35520K, reserved 1114112K
  class space    used 3502K, committed 3968K, reserved 1048576K

Card table byte_map: [0x000001e64d3a0000,0x000001e64d7b0000] _byte_map_base: 0x000001e64cfa0000

Marking Bits: (ParMarkBitMap*) 0x00007ffc9dc43450
 Begin Bits: [0x000001e65feb0000, 0x000001e661eb0000)
 End Bits:   [0x000001e661eb0000, 0x000001e663eb0000)

Polling page: 0x000001e64b8c0000

Metaspace:

Usage:
  Non-class:     30.16 MB used.
      Class:      3.42 MB used.
       Both:     33.58 MB used.

Virtual space:
  Non-class space:       64.00 MB reserved,      30.81 MB ( 48%) committed,  1 nodes.
      Class space:        1.00 GB reserved,       3.88 MB ( <1%) committed,  1 nodes.
             Both:        1.06 GB reserved,      34.69 MB (  3%) committed. 

Chunk freelists:
   Non-Class:  816.00 KB
       Class:  12.16 MB
        Both:  12.95 MB

MaxMetaspaceSize: unlimited
CompressedClassSpaceSize: 1.00 GB
Initial GC threshold: 21.00 MB
Current GC threshold: 35.00 MB
CDS: on
 - commit_granule_bytes: 65536.
 - commit_granule_words: 8192.
 - virtual_space_node_default_size: 8388608.
 - enlarge_chunks_in_place: 1.
 - use_allocation_guard: 0.


Internal statistics:

num_allocs_failed_limit: 3.
num_arena_births: 744.
num_arena_deaths: 14.
num_vsnodes_births: 2.
num_vsnodes_deaths: 0.
num_space_committed: 555.
num_space_uncommitted: 0.
num_chunks_returned_to_freelist: 17.
num_chunks_taken_from_freelist: 2224.
num_chunk_merges: 9.
num_chunk_splits: 1395.
num_chunks_enlarged: 836.
num_inconsistent_stats: 0.

CodeHeap 'non-profiled nmethods': size=120000Kb used=2587Kb max_used=2587Kb free=117412Kb
 bounds [0x000001e6586d0000, 0x000001e658960000, 0x000001e65fc00000]
CodeHeap 'profiled nmethods': size=120000Kb used=10460Kb max_used=10460Kb free=109539Kb
 bounds [0x000001e650c00000, 0x000001e651640000, 0x000001e658130000]
CodeHeap 'non-nmethods': size=5760Kb used=1358Kb max_used=1391Kb free=4401Kb
 bounds [0x000001e658130000, 0x000001e6583a0000, 0x000001e6586d0000]
CodeCache: size=245760Kb, used=14405Kb, max_used=14438Kb, free=231352Kb
 total_blobs=5650, nmethods=4997, adapters=559, full_count=0
Compilation: enabled, stopped_count=0, restarted_count=0

Compilation events (20 events):
Event: 3.165 Thread 0x000001e66448b0a0 4984       3       org.codehaus.plexus.util.xml.pull.MXParser::isValidCodePoint (65 bytes)
Event: 3.165 Thread 0x000001e66448b0a0 nmethod 4984 0x000001e65162d090 code [0x000001e65162d240, 0x000001e65162d508]
Event: 3.165 Thread 0x000001e66448b0a0 4983       2       org.codehaus.plexus.util.xml.pull.MXParser::next (10 bytes)
Event: 3.165 Thread 0x000001e66448b0a0 nmethod 4983 0x000001e65162d590 code [0x000001e65162d740, 0x000001e65162d868]
Event: 3.165 Thread 0x000001e66448b0a0 4987   !   2       java.lang.reflect.Executable::declaredAnnotations (85 bytes)
Event: 3.166 Thread 0x000001e66448b0a0 nmethod 4987 0x000001e65162d910 code [0x000001e65162db20, 0x000001e65162df50]
Event: 3.166 Thread 0x000001e66448b0a0 4988       2       sun.reflect.annotation.AnnotationInvocationHandler::invoke (182 bytes)
Event: 3.167 Thread 0x000001e66448b0a0 nmethod 4988 0x000001e65162e290 code [0x000001e65162e540, 0x000001e65162ed50]
Event: 3.174 Thread 0x000001e66448b0a0 4990       2       sun.reflect.generics.tree.SimpleClassTypeSignature::<init> (20 bytes)
Event: 3.175 Thread 0x000001e66448b0a0 nmethod 4990 0x000001e65162f190 code [0x000001e65162f320, 0x000001e65162f458]
Event: 3.175 Thread 0x000001e66448b0a0 4993       2       sun.reflect.generics.tree.SimpleClassTypeSignature::make (11 bytes)
Event: 3.175 Thread 0x000001e66448b0a0 nmethod 4993 0x000001e65162f510 code [0x000001e65162f6a0, 0x000001e65162f818]
Event: 3.175 Thread 0x000001e66448b0a0 4991       2       sun.reflect.generics.visitor.Reifier::make (9 bytes)
Event: 3.175 Thread 0x000001e66448b0a0 nmethod 4991 0x000001e65162f910 code [0x000001e65162faa0, 0x000001e65162fc00]
Event: 3.175 Thread 0x000001e66448b0a0 4992       2       sun.reflect.generics.visitor.Reifier::getResult (26 bytes)
Event: 3.175 Thread 0x000001e66448b0a0 nmethod 4992 0x000001e65162fc90 code [0x000001e65162fe20, 0x000001e65162ff28]
Event: 3.176 Thread 0x000001e66448b0a0 4994       2       jdk.internal.org.objectweb.asm.AnnotationWriter::computeAnnotationsSize (42 bytes)
Event: 3.176 Thread 0x000001e66448b0a0 nmethod 4994 0x000001e65162ff90 code [0x000001e651630140, 0x000001e6516302f8]
Event: 3.182 Thread 0x000001e66448b0a0 4995       1       sun.reflect.generics.repository.AbstractRepository::getFactory (5 bytes)
Event: 3.182 Thread 0x000001e66448b0a0 nmethod 4995 0x000001e658952590 code [0x000001e658952720, 0x000001e6589527e8]

GC Heap History (20 events):
Event: 2.081 GC heap before
{Heap before GC invocations=11 (full 0):
 PSYoungGen      total 24576K, used 24548K [0x00000000d5580000, 0x00000000d7400000, 0x0000000100000000)
  eden space 22016K, 100% used [0x00000000d5580000,0x00000000d6b00000,0x00000000d6b00000)
  from space 2560K, 98% used [0x00000000d7000000,0x00000000d7279080,0x00000000d7280000)
  to   space 4608K, 0% used [0x00000000d6b00000,0x00000000d6b00000,0x00000000d6f80000)
 ParOldGen       total 68608K, used 16130K [0x0000000080000000, 0x0000000084300000, 0x00000000d5580000)
  object space 68608K, 23% used [0x0000000080000000,0x0000000080fc0a38,0x0000000084300000)
 Metaspace       used 19700K, committed 20544K, reserved 1114112K
  class space    used 2086K, committed 2432K, reserved 1048576K
}
Event: 2.083 GC heap after
{Heap after GC invocations=11 (full 0):
 PSYoungGen      total 23552K, used 1426K [0x00000000d5580000, 0x00000000d7080000, 0x0000000100000000)
  eden space 22016K, 0% used [0x00000000d5580000,0x00000000d5580000,0x00000000d6b00000)
  from space 1536K, 92% used [0x00000000d6b00000,0x00000000d6c64938,0x00000000d6c80000)
  to   space 2560K, 0% used [0x00000000d6e00000,0x00000000d6e00000,0x00000000d7080000)
 ParOldGen       total 68608K, used 18531K [0x0000000080000000, 0x0000000084300000, 0x00000000d5580000)
  object space 68608K, 27% used [0x0000000080000000,0x0000000081218cf8,0x0000000084300000)
 Metaspace       used 19700K, committed 20544K, reserved 1114112K
  class space    used 2086K, committed 2432K, reserved 1048576K
}
Event: 2.138 GC heap before
{Heap before GC invocations=12 (full 0):
 PSYoungGen      total 23552K, used 8765K [0x00000000d5580000, 0x00000000d7080000, 0x0000000100000000)
  eden space 22016K, 33% used [0x00000000d5580000,0x00000000d5caadf0,0x00000000d6b00000)
  from space 1536K, 92% used [0x00000000d6b00000,0x00000000d6c64938,0x00000000d6c80000)
  to   space 2560K, 0% used [0x00000000d6e00000,0x00000000d6e00000,0x00000000d7080000)
 ParOldGen       total 68608K, used 18531K [0x0000000080000000, 0x0000000084300000, 0x00000000d5580000)
  object space 68608K, 27% used [0x0000000080000000,0x0000000081218cf8,0x0000000084300000)
 Metaspace       used 20666K, committed 21504K, reserved 1114112K
  class space    used 2198K, committed 2560K, reserved 1048576K
}
Event: 2.140 GC heap after
{Heap after GC invocations=12 (full 0):
 PSYoungGen      total 23040K, used 553K [0x00000000d5580000, 0x00000000d6f00000, 0x0000000100000000)
  eden space 22016K, 0% used [0x00000000d5580000,0x00000000d5580000,0x00000000d6b00000)
  from space 1024K, 54% used [0x00000000d6e00000,0x00000000d6e8a520,0x00000000d6f00000)
  to   space 1536K, 0% used [0x00000000d6c00000,0x00000000d6c00000,0x00000000d6d80000)
 ParOldGen       total 68608K, used 19805K [0x0000000080000000, 0x0000000084300000, 0x00000000d5580000)
  object space 68608K, 28% used [0x0000000080000000,0x00000000813577c8,0x0000000084300000)
 Metaspace       used 20666K, committed 21504K, reserved 1114112K
  class space    used 2198K, committed 2560K, reserved 1048576K
}
Event: 2.140 GC heap before
{Heap before GC invocations=13 (full 1):
 PSYoungGen      total 23040K, used 553K [0x00000000d5580000, 0x00000000d6f00000, 0x0000000100000000)
  eden space 22016K, 0% used [0x00000000d5580000,0x00000000d5580000,0x00000000d6b00000)
  from space 1024K, 54% used [0x00000000d6e00000,0x00000000d6e8a520,0x00000000d6f00000)
  to   space 1536K, 0% used [0x00000000d6c00000,0x00000000d6c00000,0x00000000d6d80000)
 ParOldGen       total 68608K, used 19805K [0x0000000080000000, 0x0000000084300000, 0x00000000d5580000)
  object space 68608K, 28% used [0x0000000080000000,0x00000000813577c8,0x0000000084300000)
 Metaspace       used 20666K, committed 21504K, reserved 1114112K
  class space    used 2198K, committed 2560K, reserved 1048576K
}
Event: 2.165 GC heap after
{Heap after GC invocations=13 (full 1):
 PSYoungGen      total 23040K, used 0K [0x00000000d5580000, 0x00000000d6f00000, 0x0000000100000000)
  eden space 22016K, 0% used [0x00000000d5580000,0x00000000d5580000,0x00000000d6b00000)
  from space 1024K, 0% used [0x00000000d6e00000,0x00000000d6e00000,0x00000000d6f00000)
  to   space 1536K, 0% used [0x00000000d6c00000,0x00000000d6c00000,0x00000000d6d80000)
 ParOldGen       total 68608K, used 18078K [0x0000000080000000, 0x0000000084300000, 0x00000000d5580000)
  object space 68608K, 26% used [0x0000000080000000,0x00000000811a7820,0x0000000084300000)
 Metaspace       used 20653K, committed 21504K, reserved 1114112K
  class space    used 2195K, committed 2560K, reserved 1048576K
}
Event: 2.266 GC heap before
{Heap before GC invocations=14 (full 1):
 PSYoungGen      total 23040K, used 22016K [0x00000000d5580000, 0x00000000d6f00000, 0x0000000100000000)
  eden space 22016K, 100% used [0x00000000d5580000,0x00000000d6b00000,0x00000000d6b00000)
  from space 1024K, 0% used [0x00000000d6e00000,0x00000000d6e00000,0x00000000d6f00000)
  to   space 1536K, 0% used [0x00000000d6c00000,0x00000000d6c00000,0x00000000d6d80000)
 ParOldGen       total 68608K, used 18078K [0x0000000080000000, 0x0000000084300000, 0x00000000d5580000)
  object space 68608K, 26% used [0x0000000080000000,0x00000000811a7820,0x0000000084300000)
 Metaspace       used 22367K, committed 23232K, reserved 1114112K
  class space    used 2323K, committed 2688K, reserved 1048576K
}
Event: 2.267 GC heap after
{Heap after GC invocations=14 (full 1):
 PSYoungGen      total 23552K, used 599K [0x00000000d5580000, 0x00000000d6e80000, 0x0000000100000000)
  eden space 22016K, 0% used [0x00000000d5580000,0x00000000d5580000,0x00000000d6b00000)
  from space 1536K, 39% used [0x00000000d6c00000,0x00000000d6c95cb8,0x00000000d6d80000)
  to   space 1024K, 0% used [0x00000000d6d80000,0x00000000d6d80000,0x00000000d6e80000)
 ParOldGen       total 68608K, used 18086K [0x0000000080000000, 0x0000000084300000, 0x00000000d5580000)
  object space 68608K, 26% used [0x0000000080000000,0x00000000811a9820,0x0000000084300000)
 Metaspace       used 22367K, committed 23232K, reserved 1114112K
  class space    used 2323K, committed 2688K, reserved 1048576K
}
Event: 2.445 GC heap before
{Heap before GC invocations=15 (full 1):
 PSYoungGen      total 23552K, used 22614K [0x00000000d5580000, 0x00000000d6e80000, 0x0000000100000000)
  eden space 22016K, 99% used [0x00000000d5580000,0x00000000d6affef8,0x00000000d6b00000)
  from space 1536K, 39% used [0x00000000d6c00000,0x00000000d6c95cb8,0x00000000d6d80000)
  to   space 1024K, 0% used [0x00000000d6d80000,0x00000000d6d80000,0x00000000d6e80000)
 ParOldGen       total 68608K, used 18086K [0x0000000080000000, 0x0000000084300000, 0x00000000d5580000)
  object space 68608K, 26% used [0x0000000080000000,0x00000000811a9820,0x0000000084300000)
 Metaspace       used 25280K, committed 26176K, reserved 1114112K
  class space    used 2512K, committed 2880K, reserved 1048576K
}
Event: 2.446 GC heap after
{Heap after GC invocations=15 (full 1):
 PSYoungGen      total 22528K, used 465K [0x00000000d5580000, 0x00000000d6e00000, 0x0000000100000000)
  eden space 22016K, 0% used [0x00000000d5580000,0x00000000d5580000,0x00000000d6b00000)
  from space 512K, 91% used [0x00000000d6d80000,0x00000000d6df47b0,0x00000000d6e00000)
  to   space 1024K, 0% used [0x00000000d6c00000,0x00000000d6c00000,0x00000000d6d00000)
 ParOldGen       total 68608K, used 18553K [0x0000000080000000, 0x0000000084300000, 0x00000000d5580000)
  object space 68608K, 27% used [0x0000000080000000,0x000000008121e7f0,0x0000000084300000)
 Metaspace       used 25280K, committed 26176K, reserved 1114112K
  class space    used 2512K, committed 2880K, reserved 1048576K
}
Event: 2.521 GC heap before
{Heap before GC invocations=16 (full 1):
 PSYoungGen      total 22528K, used 22481K [0x00000000d5580000, 0x00000000d6e00000, 0x0000000100000000)
  eden space 22016K, 100% used [0x00000000d5580000,0x00000000d6b00000,0x00000000d6b00000)
  from space 512K, 91% used [0x00000000d6d80000,0x00000000d6df47b0,0x00000000d6e00000)
  to   space 1024K, 0% used [0x00000000d6c00000,0x00000000d6c00000,0x00000000d6d00000)
 ParOldGen       total 68608K, used 18553K [0x0000000080000000, 0x0000000084300000, 0x00000000d5580000)
  object space 68608K, 27% used [0x0000000080000000,0x000000008121e7f0,0x0000000084300000)
 Metaspace       used 26755K, committed 27584K, reserved 1114112K
  class space    used 2612K, committed 2944K, reserved 1048576K
}
Event: 2.522 GC heap after
{Heap after GC invocations=16 (full 1):
 PSYoungGen      total 23040K, used 430K [0x00000000d5580000, 0x00000000d6e00000, 0x0000000100000000)
  eden space 22016K, 0% used [0x00000000d5580000,0x00000000d5580000,0x00000000d6b00000)
  from space 1024K, 42% used [0x00000000d6c00000,0x00000000d6c6b890,0x00000000d6d00000)
  to   space 512K, 0% used [0x00000000d6d80000,0x00000000d6d80000,0x00000000d6e00000)
 ParOldGen       total 68608K, used 20268K [0x0000000080000000, 0x0000000084300000, 0x00000000d5580000)
  object space 68608K, 29% used [0x0000000080000000,0x00000000813cb210,0x0000000084300000)
 Metaspace       used 26755K, committed 27584K, reserved 1114112K
  class space    used 2612K, committed 2944K, reserved 1048576K
}
Event: 2.657 GC heap before
{Heap before GC invocations=17 (full 1):
 PSYoungGen      total 23040K, used 22446K [0x00000000d5580000, 0x00000000d6e00000, 0x0000000100000000)
  eden space 22016K, 100% used [0x00000000d5580000,0x00000000d6b00000,0x00000000d6b00000)
  from space 1024K, 42% used [0x00000000d6c00000,0x00000000d6c6b890,0x00000000d6d00000)
  to   space 512K, 0% used [0x00000000d6d80000,0x00000000d6d80000,0x00000000d6e00000)
 ParOldGen       total 68608K, used 20268K [0x0000000080000000, 0x0000000084300000, 0x00000000d5580000)
  object space 68608K, 29% used [0x0000000080000000,0x00000000813cb210,0x0000000084300000)
 Metaspace       used 28203K, committed 29120K, reserved 1114112K
  class space    used 2742K, committed 3136K, reserved 1048576K
}
Event: 2.658 GC heap after
{Heap after GC invocations=17 (full 1):
 PSYoungGen      total 22528K, used 480K [0x00000000d5580000, 0x00000000d6e00000, 0x0000000100000000)
  eden space 22016K, 0% used [0x00000000d5580000,0x00000000d5580000,0x00000000d6b00000)
  from space 512K, 93% used [0x00000000d6d80000,0x00000000d6df8210,0x00000000d6e00000)
  to   space 1536K, 0% used [0x00000000d6b00000,0x00000000d6b00000,0x00000000d6c80000)
 ParOldGen       total 68608K, used 20802K [0x0000000080000000, 0x0000000084300000, 0x00000000d5580000)
  object space 68608K, 30% used [0x0000000080000000,0x0000000081450a18,0x0000000084300000)
 Metaspace       used 28203K, committed 29120K, reserved 1114112K
  class space    used 2742K, committed 3136K, reserved 1048576K
}
Event: 2.858 GC heap before
{Heap before GC invocations=18 (full 1):
 PSYoungGen      total 22528K, used 22484K [0x00000000d5580000, 0x00000000d6e00000, 0x0000000100000000)
  eden space 22016K, 99% used [0x00000000d5580000,0x00000000d6afcf58,0x00000000d6b00000)
  from space 512K, 93% used [0x00000000d6d80000,0x00000000d6df8210,0x00000000d6e00000)
  to   space 1536K, 0% used [0x00000000d6b00000,0x00000000d6b00000,0x00000000d6c80000)
 ParOldGen       total 68608K, used 20802K [0x0000000080000000, 0x0000000084300000, 0x00000000d5580000)
  object space 68608K, 30% used [0x0000000080000000,0x0000000081450a18,0x0000000084300000)
 Metaspace       used 30041K, committed 30976K, reserved 1114112K
  class space    used 2933K, committed 3328K, reserved 1048576K
}
Event: 2.860 GC heap after
{Heap after GC invocations=18 (full 1):
 PSYoungGen      total 23552K, used 1037K [0x00000000d5580000, 0x00000000d6e00000, 0x0000000100000000)
  eden space 22016K, 0% used [0x00000000d5580000,0x00000000d5580000,0x00000000d6b00000)
  from space 1536K, 67% used [0x00000000d6b00000,0x00000000d6c03460,0x00000000d6c80000)
  to   space 1536K, 0% used [0x00000000d6c80000,0x00000000d6c80000,0x00000000d6e00000)
 ParOldGen       total 68608K, used 21296K [0x0000000080000000, 0x0000000084300000, 0x00000000d5580000)
  object space 68608K, 31% used [0x0000000080000000,0x00000000814cc168,0x0000000084300000)
 Metaspace       used 30041K, committed 30976K, reserved 1114112K
  class space    used 2933K, committed 3328K, reserved 1048576K
}
Event: 2.946 GC heap before
{Heap before GC invocations=19 (full 1):
 PSYoungGen      total 23552K, used 23053K [0x00000000d5580000, 0x00000000d6e00000, 0x0000000100000000)
  eden space 22016K, 99% used [0x00000000d5580000,0x00000000d6afffb0,0x00000000d6b00000)
  from space 1536K, 67% used [0x00000000d6b00000,0x00000000d6c03460,0x00000000d6c80000)
  to   space 1536K, 0% used [0x00000000d6c80000,0x00000000d6c80000,0x00000000d6e00000)
 ParOldGen       total 68608K, used 21296K [0x0000000080000000, 0x0000000084300000, 0x00000000d5580000)
  object space 68608K, 31% used [0x0000000080000000,0x00000000814cc168,0x0000000084300000)
 Metaspace       used 31411K, committed 32384K, reserved 1114112K
  class space    used 3089K, committed 3456K, reserved 1048576K
}
Event: 2.948 GC heap after
{Heap after GC invocations=19 (full 1):
 PSYoungGen      total 23552K, used 1343K [0x00000000d5580000, 0x00000000d6e00000, 0x0000000100000000)
  eden space 22016K, 0% used [0x00000000d5580000,0x00000000d5580000,0x00000000d6b00000)
  from space 1536K, 87% used [0x00000000d6c80000,0x00000000d6dcfc78,0x00000000d6e00000)
  to   space 1536K, 0% used [0x00000000d6b00000,0x00000000d6b00000,0x00000000d6c80000)
 ParOldGen       total 68608K, used 22276K [0x0000000080000000, 0x0000000084300000, 0x00000000d5580000)
  object space 68608K, 32% used [0x0000000080000000,0x00000000815c1340,0x0000000084300000)
 Metaspace       used 31411K, committed 32384K, reserved 1114112K
  class space    used 3089K, committed 3456K, reserved 1048576K
}
Event: 3.053 GC heap before
{Heap before GC invocations=20 (full 1):
 PSYoungGen      total 23552K, used 23359K [0x00000000d5580000, 0x00000000d6e00000, 0x0000000100000000)
  eden space 22016K, 100% used [0x00000000d5580000,0x00000000d6b00000,0x00000000d6b00000)
  from space 1536K, 87% used [0x00000000d6c80000,0x00000000d6dcfc78,0x00000000d6e00000)
  to   space 1536K, 0% used [0x00000000d6b00000,0x00000000d6b00000,0x00000000d6c80000)
 ParOldGen       total 68608K, used 22276K [0x0000000080000000, 0x0000000084300000, 0x00000000d5580000)
  object space 68608K, 32% used [0x0000000080000000,0x00000000815c1340,0x0000000084300000)
 Metaspace       used 32886K, committed 33984K, reserved 1114112K
  class space    used 3288K, committed 3776K, reserved 1048576K
}
Event: 3.054 GC heap after
{Heap after GC invocations=20 (full 1):
 PSYoungGen      total 23552K, used 1536K [0x00000000d5580000, 0x00000000d7100000, 0x0000000100000000)
  eden space 22016K, 0% used [0x00000000d5580000,0x00000000d5580000,0x00000000d6b00000)
  from space 1536K, 100% used [0x00000000d6b00000,0x00000000d6c80000,0x00000000d6c80000)
  to   space 3072K, 0% used [0x00000000d6e00000,0x00000000d6e00000,0x00000000d7100000)
 ParOldGen       total 68608K, used 23198K [0x0000000080000000, 0x0000000084300000, 0x00000000d5580000)
  object space 68608K, 33% used [0x0000000080000000,0x00000000816a7988,0x0000000084300000)
 Metaspace       used 32886K, committed 33984K, reserved 1114112K
  class space    used 3288K, committed 3776K, reserved 1048576K
}

Dll operation events (10 events):
Event: 0.007 Loaded shared library c:\Users\shiva\.vscode\extensions\redhat.java-1.53.0-win32-x64\jre\21.0.10-win32-x86_64\bin\java.dll
Event: 0.044 Loaded shared library c:\Users\shiva\.vscode\extensions\redhat.java-1.53.0-win32-x64\jre\21.0.10-win32-x86_64\bin\zip.dll
Event: 0.057 Loaded shared library C:\Users\shiva\.vscode\extensions\redhat.java-1.53.0-win32-x64\jre\21.0.10-win32-x86_64\bin\instrument.dll
Event: 0.061 Loaded shared library C:\Users\shiva\.vscode\extensions\redhat.java-1.53.0-win32-x64\jre\21.0.10-win32-x86_64\bin\net.dll
Event: 0.063 Loaded shared library C:\Users\shiva\.vscode\extensions\redhat.java-1.53.0-win32-x64\jre\21.0.10-win32-x86_64\bin\nio.dll
Event: 0.065 Loaded shared library C:\Users\shiva\.vscode\extensions\redhat.java-1.53.0-win32-x64\jre\21.0.10-win32-x86_64\bin\zip.dll
Event: 0.075 Loaded shared library C:\Users\shiva\.vscode\extensions\redhat.java-1.53.0-win32-x64\jre\21.0.10-win32-x86_64\bin\jimage.dll
Event: 0.112 Loaded shared library c:\Users\shiva\.vscode\extensions\redhat.java-1.53.0-win32-x64\jre\21.0.10-win32-x86_64\bin\verify.dll
Event: 0.819 Loaded shared library C:\Users\shiva\AppData\Roaming\Code\User\globalStorage\redhat.java\1.53.0\config_win\org.eclipse.equinox.launcher\org.eclipse.equinox.launcher.win32.win32.x86_64_1.3.0.v20260203-2149\eclipse_11919.dll
Event: 1.816 Loaded shared library C:\Users\shiva\AppData\Local\Temp\jna-109407839\jna3576556164925946318.dll

Deoptimization events (20 events):
Event: 3.144 Thread 0x000001e66d14bdb0 DEOPT PACKING pc=0x000001e6588d4d7c sp=0x00000073513feba0
Event: 3.144 Thread 0x000001e66d14bdb0 DEOPT UNPACKING pc=0x000001e658183aa2 sp=0x00000073513fea10 mode 2
Event: 3.144 Thread 0x000001e66d14bdb0 Uncommon trap: trap_request=0xffffffde fr.pc=0x000001e6588d7eb8 relative=0x00000000000000f8
Event: 3.144 Thread 0x000001e66d14bdb0 Uncommon trap: reason=class_check action=maybe_recompile pc=0x000001e6588d7eb8 method=java.lang.Character.codePointAt(Ljava/lang/CharSequence;I)I @ 2 c2
Event: 3.144 Thread 0x000001e66d14bdb0 DEOPT PACKING pc=0x000001e6588d7eb8 sp=0x00000073513fe9b0
Event: 3.144 Thread 0x000001e66d14bdb0 DEOPT UNPACKING pc=0x000001e658183aa2 sp=0x00000073513fe938 mode 2
Event: 3.144 Thread 0x000001e66d14bdb0 Uncommon trap: trap_request=0xffffffde fr.pc=0x000001e6588d7eb8 relative=0x00000000000000f8
Event: 3.144 Thread 0x000001e66d14bdb0 Uncommon trap: reason=class_check action=maybe_recompile pc=0x000001e6588d7eb8 method=java.lang.Character.codePointAt(Ljava/lang/CharSequence;I)I @ 2 c2
Event: 3.144 Thread 0x000001e66d14bdb0 DEOPT PACKING pc=0x000001e6588d7eb8 sp=0x00000073513fe9b0
Event: 3.144 Thread 0x000001e66d14bdb0 DEOPT UNPACKING pc=0x000001e658183aa2 sp=0x00000073513fe938 mode 2
Event: 3.144 Thread 0x000001e66d14bdb0 Uncommon trap: trap_request=0xffffffde fr.pc=0x000001e6588d7eb8 relative=0x00000000000000f8
Event: 3.144 Thread 0x000001e66d14bdb0 Uncommon trap: reason=class_check action=maybe_recompile pc=0x000001e6588d7eb8 method=java.lang.Character.codePointAt(Ljava/lang/CharSequence;I)I @ 2 c2
Event: 3.144 Thread 0x000001e66d14bdb0 DEOPT PACKING pc=0x000001e6588d7eb8 sp=0x00000073513fe9b0
Event: 3.144 Thread 0x000001e66d14bdb0 DEOPT UNPACKING pc=0x000001e658183aa2 sp=0x00000073513fe938 mode 2
Event: 3.144 Thread 0x000001e66d14bdb0 Uncommon trap: trap_request=0xffffffde fr.pc=0x000001e6588d7eb8 relative=0x00000000000000f8
Event: 3.144 Thread 0x000001e66d14bdb0 Uncommon trap: reason=class_check action=maybe_recompile pc=0x000001e6588d7eb8 method=java.lang.Character.codePointAt(Ljava/lang/CharSequence;I)I @ 2 c2
Event: 3.144 Thread 0x000001e66d14bdb0 DEOPT PACKING pc=0x000001e6588d7eb8 sp=0x00000073513fe9b0
Event: 3.144 Thread 0x000001e66d14bdb0 DEOPT UNPACKING pc=0x000001e658183aa2 sp=0x00000073513fe938 mode 2
Event: 3.157 Thread 0x000001e66b551dc0 DEOPT PACKING pc=0x000001e6515ebf1f sp=0x0000007350dfebc0
Event: 3.157 Thread 0x000001e66b551dc0 DEOPT UNPACKING pc=0x000001e658184242 sp=0x0000007350dfe098 mode 0

Classes loaded (20 events):
Event: 3.109 Loading class java/lang/invoke/MethodHandleImpl$Makers
Event: 3.109 Loading class java/lang/invoke/MethodHandleImpl$Makers done
Event: 3.109 Loading class java/lang/invoke/MethodHandleImpl$Makers$1
Event: 3.109 Loading class java/lang/invoke/MethodHandleImpl$Makers$1 done
Event: 3.109 Loading class java/lang/invoke/MethodHandleImpl$Makers$2
Event: 3.109 Loading class java/lang/invoke/MethodHandleImpl$Makers$2 done
Event: 3.109 Loading class java/lang/invoke/MethodHandleImpl$Makers$3
Event: 3.109 Loading class java/lang/invoke/MethodHandleImpl$Makers$3 done
Event: 3.112 Loading class java/lang/runtime/ObjectMethods$1
Event: 3.112 Loading class java/lang/runtime/ObjectMethods$1 done
Event: 3.135 Loading class sun/reflect/generics/tree/BottomSignature
Event: 3.135 Loading class sun/reflect/generics/tree/BottomSignature done
Event: 3.135 Loading class sun/reflect/generics/tree/Wildcard
Event: 3.135 Loading class sun/reflect/generics/tree/Wildcard done
Event: 3.136 Loading class sun/reflect/generics/reflectiveObjects/WildcardTypeImpl
Event: 3.136 Loading class sun/reflect/generics/reflectiveObjects/WildcardTypeImpl done
Event: 3.138 Loading class java/lang/invoke/MethodHandleImpl$CountingWrapper
Event: 3.138 Loading class java/lang/invoke/MethodHandleImpl$CountingWrapper done
Event: 3.143 Loading class java/io/FileReader
Event: 3.144 Loading class java/io/FileReader done

Classes unloaded (7 events):
Event: 2.145 Thread 0x000001e64dabea70 Unloading class 0x000001e6011a8c00 'java/lang/invoke/LambdaForm$MH+0x000001e6011a8c00'
Event: 2.145 Thread 0x000001e64dabea70 Unloading class 0x000001e6011a8800 'java/lang/invoke/LambdaForm$MH+0x000001e6011a8800'
Event: 2.145 Thread 0x000001e64dabea70 Unloading class 0x000001e6011a8400 'java/lang/invoke/LambdaForm$MH+0x000001e6011a8400'
Event: 2.145 Thread 0x000001e64dabea70 Unloading class 0x000001e6011a8000 'java/lang/invoke/LambdaForm$MH+0x000001e6011a8000'
Event: 2.145 Thread 0x000001e64dabea70 Unloading class 0x000001e6011a7c00 'java/lang/invoke/LambdaForm$BMH+0x000001e6011a7c00'
Event: 2.145 Thread 0x000001e64dabea70 Unloading class 0x000001e6011a7800 'java/lang/invoke/LambdaForm$DMH+0x000001e6011a7800'
Event: 2.145 Thread 0x000001e64dabea70 Unloading class 0x000001e6011a6400 'java/lang/invoke/LambdaForm$DMH+0x000001e6011a6400'

Classes redefined (0 events):
No events

Internal exceptions (20 events):
Event: 2.979 Thread 0x000001e64d9fa570 Exception <a 'java/lang/NoSuchMethodError'{0x00000000d63fd3e8}: 'java.lang.Object java.lang.invoke.DirectMethodHandle$Holder.invokeStatic(java.lang.Object, long, java.lang.Object)'> (0x00000000d63fd3e8) 
thrown [s\src\hotspot\share\interpreter\linkResolver.cpp, line 773]
Event: 2.981 Thread 0x000001e64d9fa570 Exception <a 'java/lang/NoSuchMethodError'{0x00000000d6427990}: 'java.lang.Object java.lang.invoke.DirectMethodHandle$Holder.invokeStaticInit(java.lang.Object, long, java.lang.Object)'> (0x00000000d6427990) 
thrown [s\src\hotspot\share\interpreter\linkResolver.cpp, line 773]
Event: 2.983 Thread 0x000001e64d9fa570 Exception <a 'java/lang/NoSuchMethodError'{0x00000000d64640f8}: 'java.lang.Object java.lang.invoke.DirectMethodHandle$Holder.newInvokeSpecial(java.lang.Object, long)'> (0x00000000d64640f8) 
thrown [s\src\hotspot\share\interpreter\linkResolver.cpp, line 773]
Event: 3.033 Thread 0x000001e66b54efd0 Exception <a 'java/io/FileNotFoundException'{0x00000000d6963570}> (0x00000000d6963570) 
thrown [s\src\hotspot\share\prims\jni.cpp, line 520]
Event: 3.100 Thread 0x000001e66d14bdb0 Exception <a 'java/lang/NoSuchMethodError'{0x00000000d5a3a1c0}: 'java.lang.Object java.lang.invoke.DirectMethodHandle$Holder.newInvokeSpecial(java.lang.Object, java.lang.Object, java.lang.Object, java.lang.Object, java.lang.Object)'> (0x00000000d5a3a1c0) 
thrown [s\src\hotspot\share\interpreter\linkResolver.cpp, line 773]
Event: 3.108 Thread 0x000001e66d14bdb0 Exception <a 'java/lang/NoSuchMethodError'{0x00000000d5b16228}: 'java.lang.Object java.lang.invoke.DirectMethodHandle$Holder.invokeStaticInit(java.lang.Object, java.lang.Object, java.lang.Object, java.lang.Object, java.lang.Object, java.lang.Object, java.lang.Object)'> (0x00000000d5b16228) 
thrown [s\src\hotspot\share\interpreter\linkResolver.cpp, line 773]
Event: 3.108 Thread 0x000001e66d14bdb0 Exception <a 'java/lang/NoSuchMethodError'{0x00000000d5b1ab70}: 'java.lang.Object java.lang.invoke.Invokers$Holder.invoke_MT(java.lang.Object, java.lang.Object, java.lang.Object, java.lang.Object, java.lang.Object, java.lang.Object, java.lang.Object, java.lang.Object, java.lang.Object)'> (0x00000000d5b1ab70) 
thrown [s\src\hotspot\share\interpreter\linkResolver.cpp, line 773]
Event: 3.113 Thread 0x000001e66d14bdb0 Exception <a 'java/lang/NoSuchMethodError'{0x00000000d5bc4870}: 'int java.lang.invoke.DirectMethodHandle$Holder.invokeVirtual(java.lang.Object, java.lang.Object, java.lang.Object)'> (0x00000000d5bc4870) 
thrown [s\src\hotspot\share\interpreter\linkResolver.cpp, line 773]
Event: 3.114 Thread 0x000001e66d14bdb0 Exception <a 'java/lang/NoSuchMethodError'{0x00000000d5bc8908}: 'int java.lang.invoke.DirectMethodHandle$Holder.invokeStaticInit(java.lang.Object, int, int)'> (0x00000000d5bc8908) 
thrown [s\src\hotspot\share\interpreter\linkResolver.cpp, line 773]
Event: 3.115 Thread 0x000001e66d14bdb0 Exception <a 'java/lang/NoSuchMethodError'{0x00000000d5bd0050}: 'int java.lang.invoke.DirectMethodHandle$Holder.invokeStaticInit(java.lang.Object, long, long)'> (0x00000000d5bd0050) 
thrown [s\src\hotspot\share\interpreter\linkResolver.cpp, line 773]
Event: 3.116 Thread 0x000001e66d14bdb0 Exception <a 'java/lang/NoSuchMethodError'{0x00000000d5bfd760}: 'int java.lang.invoke.DirectMethodHandle$Holder.invokeStaticInit(java.lang.Object, float, float)'> (0x00000000d5bfd760) 
thrown [s\src\hotspot\share\interpreter\linkResolver.cpp, line 773]
Event: 3.117 Thread 0x000001e66d14bdb0 Exception <a 'java/lang/NoSuchMethodError'{0x00000000d5c14d50}: 'int java.lang.invoke.DirectMethodHandle$Holder.invokeStaticInit(java.lang.Object, double, double)'> (0x00000000d5c14d50) 
thrown [s\src\hotspot\share\interpreter\linkResolver.cpp, line 773]
Event: 3.118 Thread 0x000001e66d14bdb0 Exception <a 'java/lang/NoSuchMethodError'{0x00000000d5c2f458}: 'int java.lang.invoke.DirectMethodHandle$Holder.invokeStatic(java.lang.Object, long)'> (0x00000000d5c2f458) 
thrown [s\src\hotspot\share\interpreter\linkResolver.cpp, line 773]
Event: 3.123 Thread 0x000001e66d14bdb0 Exception <a 'java/lang/NoSuchMethodError'{0x00000000d5c879c8}: 'int java.lang.invoke.Invokers$Holder.linkToTargetMethod(java.lang.Object, java.lang.Object)'> (0x00000000d5c879c8) 
thrown [s\src\hotspot\share\interpreter\linkResolver.cpp, line 773]
Event: 3.136 Thread 0x000001e66d14d160 Exception <a 'java/lang/NoSuchMethodError'{0x00000000d58078c0}: 'int java.lang.invoke.DirectMethodHandle$Holder.invokeSpecial(java.lang.Object, java.lang.Object, java.lang.Object, java.lang.Object)'> (0x00000000d58078c0) 
thrown [s\src\hotspot\share\interpreter\linkResolver.cpp, line 773]
Event: 3.138 Thread 0x000001e66d14d160 Exception <a 'java/lang/NoSuchMethodError'{0x00000000d5e0f628}: 'java.lang.Object java.lang.invoke.DirectMethodHandle$Holder.invokeStatic(java.lang.Object, int, java.lang.Object, java.lang.Object)'> (0x00000000d5e0f628) 
thrown [s\src\hotspot\share\interpreter\linkResolver.cpp, line 773]
Event: 3.138 Thread 0x000001e66d14d160 Exception <a 'java/lang/NoSuchMethodError'{0x00000000d5e12e28}: 'java.lang.Object java.lang.invoke.DelegatingMethodHandle$Holder.delegate(java.lang.Object, int, java.lang.Object, java.lang.Object)'> (0x00000000d5e12e28) 
thrown [s\src\hotspot\share\interpreter\linkResolver.cpp, line 773]
Event: 3.139 Thread 0x000001e66d14d160 Implicit null exception at 0x000001e658901576 to 0x000001e658901898
Event: 3.141 Thread 0x000001e66d14d160 Exception <a 'java/lang/NoSuchMethodError'{0x00000000d5e267d0}: 'int java.lang.invoke.Invokers$Holder.linkToTargetMethod(java.lang.Object, java.lang.Object, java.lang.Object)'> (0x00000000d5e267d0) 
thrown [s\src\hotspot\share\interpreter\linkResolver.cpp, line 773]
Event: 3.176 Thread 0x000001e66d14bdb0 Exception <a 'java/lang/NoSuchMethodError'{0x00000000d60e5188}: 'java.lang.Object java.lang.invoke.DirectMethodHandle$Holder.invokeSpecialIFC(java.lang.Object, java.lang.Object, java.lang.Object, java.lang.Object)'> (0x00000000d60e5188) 
thrown [s\src\hotspot\share\interpreter\linkResolver.cpp, line 773]

ZGC Phase Switch (0 events):
No events

VM Operations (20 events):
Event: 2.446 Executing safepoint VM operation: ParallelGCFailedAllocation (Allocation Failure) done
Event: 2.521 Executing safepoint VM operation: ParallelGCFailedAllocation (Allocation Failure)
Event: 2.522 Executing safepoint VM operation: ParallelGCFailedAllocation (Allocation Failure) done
Event: 2.651 Executing non-safepoint VM operation: HandshakeAllThreads (Deoptimize)
Event: 2.651 Executing non-safepoint VM operation: HandshakeAllThreads (Deoptimize) done
Event: 2.657 Executing safepoint VM operation: ParallelGCFailedAllocation (Allocation Failure)
Event: 2.658 Executing safepoint VM operation: ParallelGCFailedAllocation (Allocation Failure) done
Event: 2.756 Executing non-safepoint VM operation: HandshakeAllThreads (Deoptimize)
Event: 2.756 Executing non-safepoint VM operation: HandshakeAllThreads (Deoptimize) done
Event: 2.858 Executing safepoint VM operation: ParallelGCFailedAllocation (Allocation Failure)
Event: 2.860 Executing safepoint VM operation: ParallelGCFailedAllocation (Allocation Failure) done
Event: 2.935 Executing non-safepoint VM operation: HandshakeAllThreads (Deoptimize)
Event: 2.935 Executing non-safepoint VM operation: HandshakeAllThreads (Deoptimize) done
Event: 2.946 Executing safepoint VM operation: ParallelGCFailedAllocation (Allocation Failure)
Event: 2.948 Executing safepoint VM operation: ParallelGCFailedAllocation (Allocation Failure) done
Event: 3.052 Executing safepoint VM operation: ParallelGCFailedAllocation (Allocation Failure)
Event: 3.054 Executing safepoint VM operation: ParallelGCFailedAllocation (Allocation Failure) done
Event: 3.129 Executing non-safepoint VM operation: HandshakeAllThreads (Deoptimize)
Event: 3.129 Executing non-safepoint VM operation: HandshakeAllThreads (Deoptimize) done
Event: 4.132 Executing safepoint VM operation: Cleanup

Memory protections (0 events):
No events

Nmethod flushes (0 events):
No events

Events (20 events):
Event: 1.100 Thread 0x000001e66aab21b0 Thread added: 0x000001e66ae45470
Event: 1.358 Thread 0x000001e66aab21b0 Thread added: 0x000001e66b2495f0
Event: 1.525 Thread 0x000001e66aab21b0 Thread added: 0x000001e66acff340
Event: 1.830 Thread 0x000001e66aab21b0 Thread added: 0x000001e66b5510a0
Event: 1.870 Thread 0x000001e66aab21b0 Thread added: 0x000001e66b551730
Event: 1.885 Thread 0x000001e66aab21b0 Thread added: 0x000001e66b551dc0
Event: 2.085 Thread 0x000001e66b551dc0 Thread added: 0x000001e66b54efd0
Event: 2.627 Thread 0x000001e66aab21b0 Thread added: 0x000001e66b54fcf0
Event: 2.886 Thread 0x000001e66b551730 Thread added: 0x000001e66d14d160
Event: 2.959 Thread 0x000001e66d14d160 Thread added: 0x000001e66d14bdb0
Event: 2.993 Thread 0x000001e64d9fa570 Thread added: 0x000001e66d14c440
Event: 2.994 Thread 0x000001e64d9fa570 Thread added: 0x000001e66d14d7f0
Event: 2.994 Thread 0x000001e64d9fa570 Thread added: 0x000001e66d14b090
Event: 2.994 Thread 0x000001e64d9fa570 Thread added: 0x000001e66d14cad0
Event: 2.995 Thread 0x000001e64d9fa570 Thread added: 0x000001e66d14de80
Event: 2.995 Thread 0x000001e64d9fa570 Thread added: 0x000001e66d14e510
Event: 2.995 Thread 0x000001e64d9fa570 Thread added: 0x000001e66d14eba0
Event: 2.995 Thread 0x000001e64d9fa570 Thread added: 0x000001e66d14b720
Event: 2.996 Thread 0x000001e64d9fa570 Thread added: 0x000001e66d1526b0
Event: 3.017 Thread 0x000001e64d9fa570 Thread added: 0x000001e66d14f230


Dynamic libraries:
0x00007ff764c50000 - 0x00007ff764c5e000 	c:\Users\shiva\.vscode\extensions\redhat.java-1.53.0-win32-x64\jre\21.0.10-win32-x86_64\bin\java.exe
0x00007ffd544a0000 - 0x00007ffd54707000 	C:\WINDOWS\SYSTEM32\ntdll.dll
0x00007ffd53790000 - 0x00007ffd53859000 	C:\WINDOWS\System32\KERNEL32.DLL
0x00007ffd515f0000 - 0x00007ffd519e1000 	C:\WINDOWS\System32\KERNELBASE.dll
0x00007ffd51aa0000 - 0x00007ffd51beb000 	C:\WINDOWS\System32\ucrtbase.dll
0x00007ffcc3690000 - 0x00007ffcc36a8000 	c:\Users\shiva\.vscode\extensions\redhat.java-1.53.0-win32-x64\jre\21.0.10-win32-x86_64\bin\jli.dll
0x00007ffcb9450000 - 0x00007ffcb946e000 	c:\Users\shiva\.vscode\extensions\redhat.java-1.53.0-win32-x64\jre\21.0.10-win32-x86_64\bin\VCRUNTIME140.dll
0x00007ffd54170000 - 0x00007ffd54335000 	C:\WINDOWS\System32\USER32.dll
0x00007ffd51f60000 - 0x00007ffd51f87000 	C:\WINDOWS\System32\win32u.dll
0x00007ffd3a0c0000 - 0x00007ffd3a353000 	C:\WINDOWS\WinSxS\amd64_microsoft.windows.common-controls_6595b64144ccf1df_6.0.26100.8037_none_3e092faae333b53b\COMCTL32.dll
0x00007ffd533d0000 - 0x00007ffd533fb000 	C:\WINDOWS\System32\GDI32.dll
0x00007ffd53190000 - 0x00007ffd53239000 	C:\WINDOWS\System32\msvcrt.dll
0x00007ffd51bf0000 - 0x00007ffd51d1b000 	C:\WINDOWS\System32\gdi32full.dll
0x00007ffd519f0000 - 0x00007ffd51a93000 	C:\WINDOWS\System32\msvcp_win.dll
0x00007ffd535f0000 - 0x00007ffd53621000 	C:\WINDOWS\System32\IMM32.DLL
0x00007ffcfb140000 - 0x00007ffcfb14c000 	c:\Users\shiva\.vscode\extensions\redhat.java-1.53.0-win32-x64\jre\21.0.10-win32-x86_64\bin\vcruntime140_1.dll
0x00007ffcb8460000 - 0x00007ffcb84ed000 	c:\Users\shiva\.vscode\extensions\redhat.java-1.53.0-win32-x64\jre\21.0.10-win32-x86_64\bin\msvcp140.dll
0x00007ffc9cf80000 - 0x00007ffc9dd21000 	c:\Users\shiva\.vscode\extensions\redhat.java-1.53.0-win32-x64\jre\21.0.10-win32-x86_64\bin\server\jvm.dll
0x00007ffd52250000 - 0x00007ffd5230b000 	C:\WINDOWS\System32\ADVAPI32.dll
0x00007ffd53a00000 - 0x00007ffd53aa7000 	C:\WINDOWS\System32\sechost.dll
0x00007ffd54340000 - 0x00007ffd54458000 	C:\WINDOWS\System32\RPCRT4.dll
0x00007ffd53ab0000 - 0x00007ffd53b24000 	C:\WINDOWS\System32\WS2_32.dll
0x00007ffd469c0000 - 0x00007ffd469f5000 	C:\WINDOWS\SYSTEM32\WINMM.dll
0x00007ffd50be0000 - 0x00007ffd50c3e000 	C:\WINDOWS\SYSTEM32\POWRPROF.dll
0x00007ffd3f1c0000 - 0x00007ffd3f1cb000 	C:\WINDOWS\SYSTEM32\VERSION.dll
0x00007ffd50bc0000 - 0x00007ffd50bd4000 	C:\WINDOWS\SYSTEM32\UMPDC.dll
0x00007ffd4fb10000 - 0x00007ffd4fb2b000 	C:\WINDOWS\SYSTEM32\kernel.appcore.dll
0x00007ffcfa770000 - 0x00007ffcfa77a000 	c:\Users\shiva\.vscode\extensions\redhat.java-1.53.0-win32-x64\jre\21.0.10-win32-x86_64\bin\jimage.dll
0x00007ffd4ebe0000 - 0x00007ffd4ee22000 	C:\WINDOWS\SYSTEM32\DBGHELP.DLL
0x00007ffd523b0000 - 0x00007ffd52732000 	C:\WINDOWS\System32\combase.dll
0x00007ffd52fe0000 - 0x00007ffd530b7000 	C:\WINDOWS\System32\OLEAUT32.dll
0x00007ffd3e210000 - 0x00007ffd3e24b000 	C:\WINDOWS\SYSTEM32\dbgcore.DLL
0x00007ffd51f90000 - 0x00007ffd52035000 	C:\WINDOWS\System32\bcryptPrimitives.dll
0x00007ffcf0560000 - 0x00007ffcf056f000 	c:\Users\shiva\.vscode\extensions\redhat.java-1.53.0-win32-x64\jre\21.0.10-win32-x86_64\bin\instrument.dll
0x00007ffcb9430000 - 0x00007ffcb9450000 	c:\Users\shiva\.vscode\extensions\redhat.java-1.53.0-win32-x64\jre\21.0.10-win32-x86_64\bin\java.dll
0x00007ffd52740000 - 0x00007ffd52e9f000 	C:\WINDOWS\System32\SHELL32.dll
0x00007ffd52040000 - 0x00007ffd521aa000 	C:\WINDOWS\System32\wintypes.dll
0x00007ffd50d80000 - 0x00007ffd515e4000 	C:\WINDOWS\System32\windows.storage.dll
0x00007ffd52ee0000 - 0x00007ffd52fd7000 	C:\WINDOWS\System32\SHCORE.dll
0x00007ffd53b30000 - 0x00007ffd53b97000 	C:\WINDOWS\System32\shlwapi.dll
0x00007ffd50ca0000 - 0x00007ffd50cc9000 	C:\WINDOWS\SYSTEM32\profapi.dll
0x00007ffcb9410000 - 0x00007ffcb9428000 	c:\Users\shiva\.vscode\extensions\redhat.java-1.53.0-win32-x64\jre\21.0.10-win32-x86_64\bin\zip.dll
0x00007ffcf5090000 - 0x00007ffcf50a0000 	C:\Users\shiva\.vscode\extensions\redhat.java-1.53.0-win32-x64\jre\21.0.10-win32-x86_64\bin\net.dll
0x00007ffd412e0000 - 0x00007ffd41407000 	C:\WINDOWS\SYSTEM32\WINHTTP.dll
0x00007ffd50080000 - 0x00007ffd500eb000 	C:\WINDOWS\system32\mswsock.dll
0x00007ffcb8260000 - 0x00007ffcb8276000 	C:\Users\shiva\.vscode\extensions\redhat.java-1.53.0-win32-x64\jre\21.0.10-win32-x86_64\bin\nio.dll
0x00007ffcea160000 - 0x00007ffcea170000 	c:\Users\shiva\.vscode\extensions\redhat.java-1.53.0-win32-x64\jre\21.0.10-win32-x86_64\bin\verify.dll
0x00007ffd16ac0000 - 0x00007ffd16b05000 	C:\Users\shiva\AppData\Roaming\Code\User\globalStorage\redhat.java\1.53.0\config_win\org.eclipse.equinox.launcher\org.eclipse.equinox.launcher.win32.win32.x86_64_1.3.0.v20260203-2149\eclipse_11919.dll
0x00007ffd53860000 - 0x00007ffd539f5000 	C:\WINDOWS\System32\ole32.dll
0x00007ffd50370000 - 0x00007ffd5038b000 	C:\WINDOWS\SYSTEM32\CRYPTSP.dll
0x00007ffd4fa70000 - 0x00007ffd4faa9000 	C:\WINDOWS\system32\rsaenh.dll
0x00007ffd50130000 - 0x00007ffd50162000 	C:\WINDOWS\SYSTEM32\USERENV.dll
0x00007ffd50c70000 - 0x00007ffd50c9a000 	C:\WINDOWS\SYSTEM32\bcrypt.dll
0x00007ffd50360000 - 0x00007ffd5036c000 	C:\WINDOWS\SYSTEM32\CRYPTBASE.dll
0x00007ffd4f4c0000 - 0x00007ffd4f4f3000 	C:\WINDOWS\SYSTEM32\IPHLPAPI.DLL
0x00007ffd535e0000 - 0x00007ffd535ea000 	C:\WINDOWS\System32\NSI.dll
0x00007ffd16a70000 - 0x00007ffd16ab9000 	C:\Users\shiva\AppData\Local\Temp\jna-109407839\jna3576556164925946318.dll
0x00007ffd52240000 - 0x00007ffd52248000 	C:\WINDOWS\System32\PSAPI.DLL
0x00007ffd46340000 - 0x00007ffd4635d000 	C:\WINDOWS\SYSTEM32\dhcpcsvc6.DLL
0x00007ffd46310000 - 0x00007ffd46333000 	C:\WINDOWS\SYSTEM32\dhcpcsvc.DLL

JVMTI agents:
c:\Users\shiva\.vscode\extensions\redhat.java-1.53.0-win32-x64\lombok\lombok-1.18.39-4050.jar path:c:\Users\shiva\.vscode\extensions\redhat.java-1.53.0-win32-x64\jre\21.0.10-win32-x86_64\bin\instrument.dll, loaded, initialized, instrumentlib options:none

dbghelp: loaded successfully - version: 4.0.5 - missing functions: none
symbol engine: initialized successfully - sym options: 0x614 - pdb path: .;c:\Users\shiva\.vscode\extensions\redhat.java-1.53.0-win32-x64\jre\21.0.10-win32-x86_64\bin;C:\WINDOWS\SYSTEM32;C:\WINDOWS\WinSxS\amd64_microsoft.windows.common-controls_6595b64144ccf1df_6.0.26100.8037_none_3e092faae333b53b;c:\Users\shiva\.vscode\extensions\redhat.java-1.53.0-win32-x64\jre\21.0.10-win32-x86_64\bin\server;C:\Users\shiva\AppData\Roaming\Code\User\globalStorage\redhat.java\1.53.0\config_win\org.eclipse.equinox.launcher\org.eclipse.equinox.launcher.win32.win32.x86_64_1.3.0.v20260203-2149;C:\Users\shiva\AppData\Local\Temp\jna-109407839

VM Arguments:
jvm_args: --add-modules=ALL-SYSTEM --add-opens=java.base/java.util=ALL-UNNAMED --add-opens=java.base/java.lang=ALL-UNNAMED --add-opens=java.base/sun.nio.fs=ALL-UNNAMED -Declipse.application=org.eclipse.jdt.ls.core.id1 -Dosgi.bundles.defaultStartLevel=4 -Declipse.product=org.eclipse.jdt.ls.core.product -Djava.import.generatesMetadataFilesAtProjectRoot=false -DDetectVMInstallationsJob.disabled=true -Dfile.encoding=utf8 -XX:+UseParallelGC -XX:GCTimeRatio=4 -XX:AdaptiveSizePolicyWeight=90 -Dsun.zip.disableMemoryMapping=true -Xmx2G -Xms100m -Xlog:disable -javaagent:c:\Users\shiva\.vscode\extensions\redhat.java-1.53.0-win32-x64\lombok\lombok-1.18.39-4050.jar -XX:+HeapDumpOnOutOfMemoryError -XX:HeapDumpPath=c:\Users\shiva\AppData\Roaming\Code\User\workspaceStorage\3795b6b465bd6ad71e5e0b9bc7ce9df8\redhat.java -Daether.dependencyCollector.impl=bf 
java_command: c:\Users\shiva\.vscode\extensions\redhat.java-1.53.0-win32-x64\server\plugins\org.eclipse.equinox.launcher_1.7.100.v20251111-0406.jar -configuration c:\Users\shiva\AppData\Roaming\Code\User\globalStorage\redhat.java\1.53.0\config_win -data c:\Users\shiva\AppData\Roaming\Code\User\workspaceStorage\3795b6b465bd6ad71e5e0b9bc7ce9df8\redhat.java\jdt_ws --pipe=\\.\pipe\lsp-90d706d4ad8ac9a3a5b4f8dc6c1846cf-sock
java_class_path (initial): c:\Users\shiva\.vscode\extensions\redhat.java-1.53.0-win32-x64\server\plugins\org.eclipse.equinox.launcher_1.7.100.v20251111-0406.jar
Launcher Type: SUN_STANDARD

[Global flags]
    uintx AdaptiveSizePolicyWeight                 = 90                                        {product} {command line}
     intx CICompilerCount                          = 4                                         {product} {ergonomic}
    uintx GCTimeRatio                              = 4                                         {product} {command line}
     bool HeapDumpOnOutOfMemoryError               = true                                   {manageable} {command line}
    ccstr HeapDumpPath                             = c:\Users\shiva\AppData\Roaming\Code\User\workspaceStorage\3795b6b465bd6ad71e5e0b9bc7ce9df8\redhat.java         {manageable} {command line}
   size_t InitialHeapSize                          = 104857600                                 {product} {command line}
   size_t MaxHeapSize                              = 2147483648                                {product} {command line}
   size_t MaxNewSize                               = 715653120                                 {product} {ergonomic}
   size_t MinHeapDeltaBytes                        = 524288                                    {product} {ergonomic}
   size_t MinHeapSize                              = 104857600                                 {product} {command line}
   size_t NewSize                                  = 34603008                                  {product} {ergonomic}
    uintx NonNMethodCodeHeapSize                   = 5839372                                {pd product} {ergonomic}
    uintx NonProfiledCodeHeapSize                  = 122909434                              {pd product} {ergonomic}
   size_t OldSize                                  = 70254592                                  {product} {ergonomic}
    uintx ProfiledCodeHeapSize                     = 122909434                              {pd product} {ergonomic}
    uintx ReservedCodeCacheSize                    = 251658240                              {pd product} {ergonomic}
     bool SegmentedCodeCache                       = true                                      {product} {ergonomic}
   size_t SoftMaxHeapSize                          = 2147483648                             {manageable} {ergonomic}
     bool UseCompressedOops                        = true                           {product lp64_product} {ergonomic}
     bool UseLargePagesIndividualAllocation        = false                                  {pd product} {ergonomic}
     bool UseParallelGC                            = true                                      {product} {command line}

Logging:
Log output configuration:
 #0: stdout all=off uptime,level,tags foldmultilines=false
 #1: stderr all=off uptime,level,tags foldmultilines=false

Release file:
JAVA_VERSION="21.0.10" 
MODULES="java.base java.compiler java.datatransfer java.xml java.prefs java.desktop java.instrument java.logging java.management java.security.sasl java.naming java.rmi java.management.rmi java.net.http java.scripting java.security.jgss java.transaction.xa java.sql java.sql.rowset java.xml.crypto java.se java.smartcardio jdk.accessibility jdk.internal.jvmstat jdk.attach jdk.charsets jdk.internal.opt jdk.zipfs jdk.compiler jdk.crypto.ec jdk.crypto.cryptoki jdk.crypto.mscapi jdk.dynalink jdk.internal.ed jdk.editpad jdk.hotspot.agent jdk.httpserver jdk.internal.le jdk.internal.vm.ci jdk.internal.vm.compiler jdk.internal.vm.compiler.management jdk.jartool jdk.javadoc jdk.jcmd jdk.management jdk.management.agent jdk.jconsole jdk.jdeps jdk.jdwp.agent jdk.jdi jdk.jfr jdk.jshell jdk.jsobject jdk.jstatd jdk.localedata jdk.management.jfr jdk.naming.dns jdk.naming.rmi jdk.net jdk.nio.mapmode jdk.random jdk.sctp jdk.security.auth jdk.security.jgss jdk.unsupported jdk.unsupported.desktop jdk.xml.dom" 

Environment Variables:
PATH=C:\Users\shiva\AppData\Local\Programs\Microsoft VS Code;C:\Program Files\Eclipse Adoptium\jdk-25.0.2.10-hotspot\bin;C:\App1\db_home\bin;C:\Program Files\Common Files\Oracle\Java\javapath;C:\app\shiva\product\23ai\dbhomeFree\bin;C:\WINDOWS\system32;C:\WINDOWS;C:\WINDOWS\System32\Wbem;C:\WINDOWS\System32\WindowsPowerShell\v1.0\;C:\WINDOWS\System32\OpenSSH\;C:\Program Files\nodejs\;C:\Program Files\Git\cmd;C:\Program Files\Git\mingw64\bin\git.exe;C:\Program Files\Git\cmd\git.exe;C:\Program Files (x86)\GnuWin32\bin;C:\Users\shiva\CompilerDesign\winflexbison;C:\winflexbison;C:\Program Files\Eclipse Adoptium\jdk-25.0.2.10-hotspot\bin;C:\kotlinc\bin;C:\Program Files\GitHub CLI\;C:\Program Files\MySQL\MySQL Shell 8.0\bin\;C:\Users\shiva\AppData\Local\Programs\Python\Python313\Scripts\;C:\Users\shiva\AppData\Local\Programs\Python\Python313\;C:\Users\shiva\AppData\Local\Microsoft\WindowsApps;C:\MinGW\bin;C:\Users\shiva\Downloads\jdk-23_windows-x64_bin.exe;C:\Program Files\JetBrains\IntelliJ IDEA Community Edition 2024.3.5\bin;;C:\Users\shiva\AppData\Local\GitHubDesktop\bin;C:\Users\shiva\AppData\Roaming\npm;C:\Users\shiva\AppData\Local\Programs\Microsoft VS Code\bin
USERNAME=shiva
OS=Windows_NT
PROCESSOR_IDENTIFIER=Intel64 Family 6 Model 154 Stepping 4, GenuineIntel
TMP=C:\Users\shiva\AppData\Local\Temp
TEMP=C:\Users\shiva\AppData\Local\Temp




Periodic native trim disabled

---------------  S Y S T E M  ---------------

OS:
 Windows 11 , 64 bit Build 26100 (10.0.26100.7920)
OS uptime: 0 days 4:53 hours
Hyper-V role detected

CPU: total 8 (initial active 8) (4 cores per cpu, 2 threads per core) family 6 model 154 stepping 4 microcode 0x42c, cx8, cmov, fxsr, ht, mmx, 3dnowpref, sse, sse2, sse3, ssse3, sse4.1, sse4.2, popcnt, lzcnt, tsc, tscinvbit, avx, avx2, aes, erms, clmul, bmi1, bmi2, adx, sha, fma, vzeroupper, clflush, clflushopt, clwb, hv, serialize, rdtscp, rdpid, fsrm, f16c, cet_ibt, cet_ss
Processor Information for processor 0
  Max Mhz: 1200, Current Mhz: 1200, Mhz Limit: 1200
Processor Information for processor 1
  Max Mhz: 1200, Current Mhz: 1200, Mhz Limit: 1200
Processor Information for processor 2
  Max Mhz: 1200, Current Mhz: 1200, Mhz Limit: 1200
Processor Information for processor 3
  Max Mhz: 1200, Current Mhz: 1200, Mhz Limit: 1200
Processor Information for processor 4
  Max Mhz: 1200, Current Mhz: 900, Mhz Limit: 900
Processor Information for processor 5
  Max Mhz: 1200, Current Mhz: 900, Mhz Limit: 900
Processor Information for processor 6
  Max Mhz: 1200, Current Mhz: 900, Mhz Limit: 900
Processor Information for processor 7
  Max Mhz: 1200, Current Mhz: 900, Mhz Limit: 900

Memory: 4k page, system-wide physical 16069M (5319M free)
TotalPageFile size 65221M (AvailPageFile size 11M)
current process WorkingSet (physical memory assigned to process): 202M, peak: 204M
current process commit charge ("private bytes"): 323M, peak: 326M

vm_info: OpenJDK 64-Bit Server VM (21.0.10+7-LTS) for windows-amd64 JRE (21.0.10+7-LTS), built on 2026-01-20T00:00:00Z by "admin" with MS VC++ 17.12 (VS2022)

END.
